+-------+-----+-----+-----+-----+-----+--------+-----------------------------------------------+--------+--------+---------+--------+--------+--------+--------+--------+-----------+-----------+------------+-----------+
| COUNT | 1XX | 2XX | 3XX | 4XX | 5XX | METHOD |                      URI                      |  MIN   |  MAX   |   SUM   |  AVG   |  P90   |  P95   |  P99   | STDDEV | MIN(BODY) | MAX(BODY) | SUM(BODY)  | AVG(BODY) |
+-------+-----+-----+-----+-----+-----+--------+-----------------------------------------------+--------+--------+---------+--------+--------+--------+--------+--------+-----------+-----------+------------+-----------+
| 1     | 0   | 1   | 0   | 0   | 0   | GET    | /api/player/player/4fb01ac3f                  | 0.176  | 0.176  | 0.176   | 0.176  | 0.176  | 0.176  | 0.176  | 0.000  | 1514.000  | 1514.000  | 1514.000   | 1514.000  |
| 1     | 0   | 1   | 0   | 0   | 0   | GET    | /api/player/player/3b60ac167                  | 0.012  | 0.012  | 0.012   | 0.012  | 0.012  | 0.012  | 0.012  | 0.000  | 1022.000  | 1022.000  | 1022.000   | 1022.000  |
| 1     | 0   | 1   | 0   | 0   | 0   | GET    | /index.html                                   | 0.000  | 0.000  | 0.000   | 0.000  | 0.000  | 0.000  | 0.000  | 0.000  | 479.000   | 479.000   | 479.000    | 479.000   |
| 1     | 0   | 1   | 0   | 0   | 0   | GET    | /js/app.3a4ec98c.js                           | 0.000  | 0.000  | 0.000   | 0.000  | 0.000  | 0.000  | 0.000  | 0.000  | 33296.000 | 33296.000 | 33296.000  | 33296.000 |
| 1     | 0   | 1   | 0   | 0   | 0   | GET    | /css/app.83b4c321.css                         | 0.000  | 0.000  | 0.000   | 0.000  | 0.000  | 0.000  | 0.000  | 0.000  | 4868.000  | 4868.000  | 4868.000   | 4868.000  |
| 1     | 0   | 0   | 0   | 1   | 0   | GET    | /api/player/player/9fa52984                   | 6.252  | 6.252  | 6.252   | 6.252  | 6.252  | 6.252  | 6.252  | 0.000  | 0.000     | 0.000     | 0.000      | 0.000     |
| 1     | 0   | 0   | 0   | 1   | 0   | GET    | /api/player/player/9fa5296c                   | 5.648  | 5.648  | 5.648   | 5.648  | 5.648  | 5.648  | 5.648  | 0.000  | 0.000     | 0.000     | 0.000      | 0.000     |
| 1     | 0   | 0   | 0   | 1   | 0   | GET    | /api/player/player/9fa52ac1                   | 5.404  | 5.404  | 5.404   | 5.404  | 5.404  | 5.404  | 5.404  | 0.000  | 0.000     | 0.000     | 0.000      | 0.000     |
| 1     | 0   | 0   | 0   | 1   | 0   | POST   | /api/organizer/competition/9fa53abc/score     | 11.064 | 11.064 | 11.064  | 11.064 | 11.064 | 11.064 | 11.064 | 0.000  | 0.000     | 0.000     | 0.000      | 0.000     |
| 1     | 0   | 0   | 0   | 1   | 0   | POST   | /api/organizer/player/0000000000/disqualified | 0.000  | 0.000  | 0.000   | 0.000  | 0.000  | 0.000  | 0.000  | 0.000  | 39.000    | 39.000    | 39.000     | 39.000    |
| 1     | 0   | 1   | 0   | 0   | 0   | POST   | /api/organizer/player/9fa52524/disqualified   | 0.068  | 0.068  | 0.068   | 0.068  | 0.068  | 0.068  | 0.068  | 0.000  | 157.000   | 157.000   | 157.000    | 157.000   |
| 1     | 0   | 0   | 0   | 1   | 0   | POST   | /api/organizer/competition/0000000000/score   | 0.000  | 0.000  | 0.000   | 0.000  | 0.000  | 0.000  | 0.000  | 0.000  | 39.000    | 39.000    | 39.000     | 39.000    |
| 1     | 0   | 0   | 0   | 1   | 0   | GET    | /api/player/player/9fa52ae3                   | 5.208  | 5.208  | 5.208   | 5.208  | 5.208  | 5.208  | 5.208  | 0.000  | 0.000     | 0.000     | 0.000      | 0.000     |
| 1     | 0   | 0   | 0   | 1   | 0   | GET    | /api/player/player/0000000000                 | 0.000  | 0.000  | 0.000   | 0.000  | 0.000  | 0.000  | 0.000  | 0.000  | 39.000    | 39.000    | 39.000     | 39.000    |
| 1     | 0   | 0   | 0   | 1   | 0   | GET    | /api/player/competition/0000000000/ranking    | 0.000  | 0.000  | 0.000   | 0.000  | 0.000  | 0.000  | 0.000  | 0.000  | 39.000    | 39.000    | 39.000     | 39.000    |
| 1     | 0   | 1   | 0   | 0   | 0   | POST   | /api/organizer/player/9fa5252c/disqualified   | 0.004  | 0.004  | 0.004   | 0.004  | 0.004  | 0.004  | 0.004  | 0.000  | 157.000   | 157.000   | 157.000    | 157.000   |
| 1     | 0   | 0   | 0   | 1   | 0   | GET    | /api/player/competition/9fa52532/ranking      | 0.000  | 0.000  | 0.000   | 0.000  | 0.000  | 0.000  | 0.000  | 0.000  | 39.000    | 39.000    | 39.000     | 39.000    |
| 1     | 0   | 0   | 0   | 1   | 0   | POST   | /api/organizer/competition/0000000000/finish  | 0.000  | 0.000  | 0.000   | 0.000  | 0.000  | 0.000  | 0.000  | 0.000  | 39.000    | 39.000    | 39.000     | 39.000    |
| 1     | 0   | 1   | 0   | 0   | 0   | POST   | /api/organizer/competition/9fa52532/finish    | 0.000  | 0.000  | 0.000   | 0.000  | 0.000  | 0.000  | 0.000  | 0.000  | 21.000    | 21.000    | 21.000     | 21.000    |
| 1     | 0   | 0   | 0   | 1   | 0   | GET    | /api/player/player/46feb981b                  | 10.780 | 10.780 | 10.780  | 10.780 | 10.780 | 10.780 | 10.780 | 0.000  | 0.000     | 0.000     | 0.000      | 0.000     |
| 1     | 0   | 0   | 0   | 1   | 0   | GET    | /api/player/player/9fa52edf                   | 10.240 | 10.240 | 10.240  | 10.240 | 10.240 | 10.240 | 10.240 | 0.000  | 0.000     | 0.000     | 0.000      | 0.000     |
| 1     | 0   | 0   | 0   | 1   | 0   | GET    | /api/player/player/3c9a3ff43                  | 8.976  | 8.976  | 8.976   | 8.976  | 8.976  | 8.976  | 8.976  | 0.000  | 0.000     | 0.000     | 0.000      | 0.000     |
| 1     | 0   | 0   | 0   | 1   | 0   | POST   | /api/organizer/competition/9fa53cc2/score     | 6.828  | 6.828  | 6.828   | 6.828  | 6.828  | 6.828  | 6.828  | 0.000  | 0.000     | 0.000     | 0.000      | 0.000     |
| 1     | 0   | 0   | 0   | 1   | 0   | GET    | /api/player/player/9fa52a2a                   | 5.804  | 5.804  | 5.804   | 5.804  | 5.804  | 5.804  | 5.804  | 0.000  | 0.000     | 0.000     | 0.000      | 0.000     |
| 1     | 0   | 0   | 0   | 1   | 0   | GET    | /api/player/player/9fa52a1e                   | 6.520  | 6.520  | 6.520   | 6.520  | 6.520  | 6.520  | 6.520  | 0.000  | 0.000     | 0.000     | 0.000      | 0.000     |
| 1     | 0   | 1   | 0   | 0   | 0   | GET    | /api/player/player/9fa5241b                   | 0.004  | 0.004  | 0.004   | 0.004  | 0.004  | 0.004  | 0.004  | 0.000  | 271.000   | 271.000   | 271.000    | 271.000   |
| 1     | 0   | 1   | 0   | 0   | 0   | POST   | /api/organizer/competition/9fa5252d/finish    | 0.004  | 0.004  | 0.004   | 0.004  | 0.004  | 0.004  | 0.004  | 0.000  | 21.000    | 21.000    | 21.000     | 21.000    |
| 1     | 0   | 0   | 0   | 1   | 0   | GET    | /api/player/player/9fa527d4                   | 6.616  | 6.616  | 6.616   | 6.616  | 6.616  | 6.616  | 6.616  | 0.000  | 0.000     | 0.000     | 0.000      | 0.000     |
| 1     | 0   | 1   | 0   | 0   | 0   | GET    | /api/organizer/competitions                   | 0.000  | 0.000  | 0.000   | 0.000  | 0.000  | 0.000  | 0.000  | 0.000  | 177.000   | 177.000   | 177.000    | 177.000   |
| 1     | 0   | 0   | 0   | 1   | 0   | GET    | /api/player/player/2072c5370                  | 10.756 | 10.756 | 10.756  | 10.756 | 10.756 | 10.756 | 10.756 | 0.000  | 0.000     | 0.000     | 0.000      | 0.000     |
| 1     | 0   | 1   | 0   | 0   | 0   | GET    | /api/player/player/63a3eae1e                  | 0.060  | 0.060  | 0.060   | 0.060  | 0.060  | 0.060  | 0.060  | 0.000  | 886.000   | 886.000   | 886.000    | 886.000   |
| 1     | 0   | 0   | 0   | 1   | 0   | GET    | /api/player/player/9fa52e34                   | 9.524  | 9.524  | 9.524   | 9.524  | 9.524  | 9.524  | 9.524  | 0.000  | 0.000     | 0.000     | 0.000      | 0.000     |
| 1     | 0   | 0   | 0   | 1   | 0   | GET    | /api/player/player/432715fe3                  | 9.192  | 9.192  | 9.192   | 9.192  | 9.192  | 9.192  | 9.192  | 0.000  | 0.000     | 0.000     | 0.000      | 0.000     |
| 1     | 0   | 1   | 0   | 0   | 0   | POST   | /api/organizer/player/6390347c4/disqualified  | 0.004  | 0.004  | 0.004   | 0.004  | 0.004  | 0.004  | 0.004  | 0.000  | 149.000   | 149.000   | 149.000    | 149.000   |
| 1     | 0   | 1   | 0   | 0   | 0   | POST   | /api/organizer/competition/9fa5278b/finish    | 0.064  | 0.064  | 0.064   | 0.064  | 0.064  | 0.064  | 0.064  | 0.000  | 21.000    | 21.000    | 21.000     | 21.000    |
| 1     | 0   | 1   | 0   | 0   | 0   | POST   | /api/organizer/competition/9fa52b64/score     | 1.400  | 1.400  | 1.400   | 1.400  | 1.400  | 1.400  | 1.400  | 0.000  | 53.000    | 53.000    | 53.000     | 53.000    |
| 1     | 0   | 1   | 0   | 0   | 0   | GET    | /api/player/player/4856b498b                  | 0.092  | 0.092  | 0.092   | 0.092  | 0.092  | 0.092  | 0.092  | 0.000  | 1961.000  | 1961.000  | 1961.000   | 1961.000  |
| 1     | 0   | 1   | 0   | 0   | 0   | POST   | /api/organizer/competition/9fa5278c/score     | 10.696 | 10.696 | 10.696  | 10.696 | 10.696 | 10.696 | 10.696 | 0.000  | 54.000    | 54.000    | 54.000     | 54.000    |
| 1     | 0   | 1   | 0   | 0   | 0   | POST   | /api/organizer/competition/9fa52b64/finish    | 0.096  | 0.096  | 0.096   | 0.096  | 0.096  | 0.096  | 0.096  | 0.000  | 21.000    | 21.000    | 21.000     | 21.000    |
| 1     | 0   | 1   | 0   | 0   | 0   | POST   | /api/organizer/competition/9fa53f2c/finish    | 0.028  | 0.028  | 0.028   | 0.028  | 0.028  | 0.028  | 0.028  | 0.000  | 21.000    | 21.000    | 21.000     | 21.000    |
| 1     | 0   | 1   | 0   | 0   | 0   | POST   | /api/organizer/player/6280eeaf2/disqualified  | 0.004  | 0.004  | 0.004   | 0.004  | 0.004  | 0.004  | 0.004  | 0.000  | 152.000   | 152.000   | 152.000    | 152.000   |
| 1     | 0   | 1   | 0   | 0   | 0   | POST   | /api/organizer/competition/9fa53e91/finish    | 0.004  | 0.004  | 0.004   | 0.004  | 0.004  | 0.004  | 0.004  | 0.000  | 21.000    | 21.000    | 21.000     | 21.000    |
| 1     | 0   | 1   | 0   | 0   | 0   | POST   | /api/organizer/competition/9fa52a30/score     | 5.880  | 5.880  | 5.880   | 5.880  | 5.880  | 5.880  | 5.880  | 0.000  | 54.000    | 54.000    | 54.000     | 54.000    |
| 1     | 0   | 1   | 0   | 0   | 0   | GET    | /api/player/player/295271107                  | 0.096  | 0.096  | 0.096   | 0.096  | 0.096  | 0.096  | 0.096  | 0.000  | 2083.000  | 2083.000  | 2083.000   | 2083.000  |
| 1     | 0   | 1   | 0   | 0   | 0   | GET    | /api/player/player/3041b9b7d                  | 0.348  | 0.348  | 0.348   | 0.348  | 0.348  | 0.348  | 0.348  | 0.000  | 1974.000  | 1974.000  | 1974.000   | 1974.000  |
| 1     | 0   | 1   | 0   | 0   | 0   | GET    | /api/player/player/341cbb0e1                  | 0.004  | 0.004  | 0.004   | 0.004  | 0.004  | 0.004  | 0.004  | 0.000  | 477.000   | 477.000   | 477.000    | 477.000   |
| 1     | 0   | 1   | 0   | 0   | 0   | GET    | /api/player/player/3ea094d5b                  | 0.448  | 0.448  | 0.448   | 0.448  | 0.448  | 0.448  | 0.448  | 0.000  | 2172.000  | 2172.000  | 2172.000   | 2172.000  |
| 1     | 0   | 1   | 0   | 0   | 0   | GET    | /api/player/player/5a5483812                  | 0.104  | 0.104  | 0.104   | 0.104  | 0.104  | 0.104  | 0.104  | 0.000  | 1627.000  | 1627.000  | 1627.000   | 1627.000  |
| 1     | 0   | 1   | 0   | 0   | 0   | POST   | /api/organizer/competition/9fa53e91/score     | 1.120  | 1.120  | 1.120   | 1.120  | 1.120  | 1.120  | 1.120  | 0.000  | 53.000    | 53.000    | 53.000     | 53.000    |
| 1     | 0   | 1   | 0   | 0   | 0   | GET    | /api/player/player/62468ed2d                  | 0.048  | 0.048  | 0.048   | 0.048  | 0.048  | 0.048  | 0.048  | 0.000  | 1358.000  | 1358.000  | 1358.000   | 1358.000  |
| 1     | 0   | 1   | 0   | 0   | 0   | POST   | /api/organizer/competition/9fa53b35/finish    | 0.004  | 0.004  | 0.004   | 0.004  | 0.004  | 0.004  | 0.004  | 0.000  | 21.000    | 21.000    | 21.000     | 21.000    |
| 1     | 0   | 1   | 0   | 0   | 0   | GET    | /api/player/player/2b90691b5                  | 0.204  | 0.204  | 0.204   | 0.204  | 0.204  | 0.204  | 0.204  | 0.000  | 1880.000  | 1880.000  | 1880.000   | 1880.000  |
| 1     | 0   | 1   | 0   | 0   | 0   | GET    | /api/player/player/30968e0a4                  | 0.072  | 0.072  | 0.072   | 0.072  | 0.072  | 0.072  | 0.072  | 0.000  | 2281.000  | 2281.000  | 2281.000   | 2281.000  |
| 1     | 0   | 1   | 0   | 0   | 0   | POST   | /api/organizer/player/624043837/disqualified  | 0.024  | 0.024  | 0.024   | 0.024  | 0.024  | 0.024  | 0.024  | 0.000  | 154.000   | 154.000   | 154.000    | 154.000   |
| 1     | 0   | 1   | 0   | 0   | 0   | GET    | /api/player/player/4b9d9fc6c                  | 0.008  | 0.008  | 0.008   | 0.008  | 0.008  | 0.008  | 0.008  | 0.000  | 803.000   | 803.000   | 803.000    | 803.000   |
| 1     | 0   | 1   | 0   | 0   | 0   | POST   | /api/organizer/competition/9fa53ae4/finish    | 0.004  | 0.004  | 0.004   | 0.004  | 0.004  | 0.004  | 0.004  | 0.000  | 21.000    | 21.000    | 21.000     | 21.000    |
| 1     | 0   | 1   | 0   | 0   | 0   | GET    | /api/player/player/31889b5db                  | 0.004  | 0.004  | 0.004   | 0.004  | 0.004  | 0.004  | 0.004  | 0.000  | 372.000   | 372.000   | 372.000    | 372.000   |
| 1     | 0   | 1   | 0   | 0   | 0   | GET    | /api/player/player/4e98bc34d                  | 0.072  | 0.072  | 0.072   | 0.072  | 0.072  | 0.072  | 0.072  | 0.000  | 1781.000  | 1781.000  | 1781.000   | 1781.000  |
| 1     | 0   | 1   | 0   | 0   | 0   | GET    | /api/player/player/23a656c8c                  | 0.016  | 0.016  | 0.016   | 0.016  | 0.016  | 0.016  | 0.016  | 0.000  | 1019.000  | 1019.000  | 1019.000   | 1019.000  |
| 1     | 0   | 1   | 0   | 0   | 0   | GET    | /api/player/player/4eeadb2cb                  | 0.068  | 0.068  | 0.068   | 0.068  | 0.068  | 0.068  | 0.068  | 0.000  | 1875.000  | 1875.000  | 1875.000   | 1875.000  |
| 1     | 0   | 1   | 0   | 0   | 0   | POST   | /api/organizer/competition/9fa5278c/finish    | 0.080  | 0.080  | 0.080   | 0.080  | 0.080  | 0.080  | 0.080  | 0.000  | 21.000    | 21.000    | 21.000     | 21.000    |
| 1     | 0   | 1   | 0   | 0   | 0   | POST   | /api/organizer/competition/9fa52a30/finish    | 0.048  | 0.048  | 0.048   | 0.048  | 0.048  | 0.048  | 0.048  | 0.000  | 21.000    | 21.000    | 21.000     | 21.000    |
| 1     | 0   | 1   | 0   | 0   | 0   | GET    | /api/player/player/3b562256f                  | 0.004  | 0.004  | 0.004   | 0.004  | 0.004  | 0.004  | 0.004  | 0.000  | 382.000   | 382.000   | 382.000    | 382.000   |
| 1     | 0   | 1   | 0   | 0   | 0   | GET    | /api/player/competition/5733af4a3/ranking     | 5.184  | 5.184  | 5.184   | 5.184  | 5.184  | 5.184  | 5.184  | 0.000  | 14673.000 | 14673.000 | 14673.000  | 14673.000 |
| 1     | 0   | 1   | 0   | 0   | 0   | POST   | /api/organizer/player/61f5b979c/disqualified  | 0.012  | 0.012  | 0.012   | 0.012  | 0.012  | 0.012  | 0.012  | 0.000  | 152.000   | 152.000   | 152.000    | 152.000   |
| 1     | 0   | 1   | 0   | 0   | 0   | POST   | /api/organizer/competition/9fa53ae4/score     | 5.080  | 5.080  | 5.080   | 5.080  | 5.080  | 5.080  | 5.080  | 0.000  | 54.000    | 54.000    | 54.000     | 54.000    |
| 1     | 0   | 1   | 0   | 0   | 0   | GET    | /api/player/player/62efa288c                  | 0.036  | 0.036  | 0.036   | 0.036  | 0.036  | 0.036  | 0.036  | 0.000  | 688.000   | 688.000   | 688.000    | 688.000   |
| 1     | 0   | 1   | 0   | 0   | 0   | POST   | /api/organizer/competition/9fa53b88/finish    | 0.004  | 0.004  | 0.004   | 0.004  | 0.004  | 0.004  | 0.004  | 0.000  | 21.000    | 21.000    | 21.000     | 21.000    |
| 1     | 0   | 1   | 0   | 0   | 0   | GET    | /api/player/player/31afc158d                  | 0.120  | 0.120  | 0.120   | 0.120  | 0.120  | 0.120  | 0.120  | 0.000  | 1883.000  | 1883.000  | 1883.000   | 1883.000  |
| 1     | 0   | 1   | 0   | 0   | 0   | POST   | /api/organizer/competition/9fa52beb/finish    | 2.368  | 2.368  | 2.368   | 2.368  | 2.368  | 2.368  | 2.368  | 0.000  | 21.000    | 21.000    | 21.000     | 21.000    |
| 1     | 0   | 1   | 0   | 0   | 0   | GET    | /api/player/player/3feb95261                  | 0.004  | 0.004  | 0.004   | 0.004  | 0.004  | 0.004  | 0.004  | 0.000  | 384.000   | 384.000   | 384.000    | 384.000   |
| 1     | 0   | 1   | 0   | 0   | 0   | GET    | /api/player/player/3feb3d422                  | 0.112  | 0.112  | 0.112   | 0.112  | 0.112  | 0.112  | 0.112  | 0.000  | 1840.000  | 1840.000  | 1840.000   | 1840.000  |
| 1     | 0   | 1   | 0   | 0   | 0   | GET    | /api/player/player/5339e9f7b                  | 0.012  | 0.012  | 0.012   | 0.012  | 0.012  | 0.012  | 0.012  | 0.000  | 707.000   | 707.000   | 707.000    | 707.000   |
| 1     | 0   | 1   | 0   | 0   | 0   | GET    | /api/player/player/9fa52928                   | 0.012  | 0.012  | 0.012   | 0.012  | 0.012  | 0.012  | 0.012  | 0.000  | 681.000   | 681.000   | 681.000    | 681.000   |
| 1     | 0   | 1   | 0   | 0   | 0   | POST   | /api/organizer/competition/9fa52afa/score     | 9.876  | 9.876  | 9.876   | 9.876  | 9.876  | 9.876  | 9.876  | 0.000  | 54.000    | 54.000    | 54.000     | 54.000    |
| 1     | 0   | 1   | 0   | 0   | 0   | GET    | /api/player/player/9fa528a3                   | 0.008  | 0.008  | 0.008   | 0.008  | 0.008  | 0.008  | 0.008  | 0.000  | 679.000   | 679.000   | 679.000    | 679.000   |
| 1     | 0   | 1   | 0   | 0   | 0   | POST   | /api/organizer/competition/9fa53b88/score     | 2.316  | 2.316  | 2.316   | 2.316  | 2.316  | 2.316  | 2.316  | 0.000  | 53.000    | 53.000    | 53.000     | 53.000    |
| 1     | 0   | 1   | 0   | 0   | 0   | POST   | /api/organizer/competition/9fa538b0/finish    | 0.084  | 0.084  | 0.084   | 0.084  | 0.084  | 0.084  | 0.084  | 0.000  | 21.000    | 21.000    | 21.000     | 21.000    |
| 1     | 0   | 1   | 0   | 0   | 0   | GET    | /api/player/player/9fa52aad                   | 0.008  | 0.008  | 0.008   | 0.008  | 0.008  | 0.008  | 0.008  | 0.000  | 695.000   | 695.000   | 695.000    | 695.000   |
| 1     | 0   | 1   | 0   | 0   | 0   | GET    | /api/player/player/9fa52887                   | 0.004  | 0.004  | 0.004   | 0.004  | 0.004  | 0.004  | 0.004  | 0.000  | 681.000   | 681.000   | 681.000    | 681.000   |
| 1     | 0   | 1   | 0   | 0   | 0   | GET    | /api/player/player/9fa52894                   | 0.000  | 0.000  | 0.000   | 0.000  | 0.000  | 0.000  | 0.000  | 0.000  | 681.000   | 681.000   | 681.000    | 681.000   |
| 1     | 0   | 1   | 0   | 0   | 0   | GET    | /api/player/player/9fa5296f                   | 0.000  | 0.000  | 0.000   | 0.000  | 0.000  | 0.000  | 0.000  | 0.000  | 697.000   | 697.000   | 697.000    | 697.000   |
| 1     | 0   | 1   | 0   | 0   | 0   | GET    | /api/player/player/9fa529ad                   | 0.004  | 0.004  | 0.004   | 0.004  | 0.004  | 0.004  | 0.004  | 0.000  | 697.000   | 697.000   | 697.000    | 697.000   |
| 1     | 0   | 1   | 0   | 0   | 0   | POST   | /api/organizer/competition/9fa52d4f/score     | 0.808  | 0.808  | 0.808   | 0.808  | 0.808  | 0.808  | 0.808  | 0.000  | 53.000    | 53.000    | 53.000     | 53.000    |
| 1     | 0   | 1   | 0   | 0   | 0   | GET    | /api/player/player/9fa529fb                   | 0.000  | 0.000  | 0.000   | 0.000  | 0.000  | 0.000  | 0.000  | 0.000  | 695.000   | 695.000   | 695.000    | 695.000   |
| 1     | 0   | 1   | 0   | 0   | 0   | POST   | /api/organizer/competition/9fa52d4f/finish    | 0.004  | 0.004  | 0.004   | 0.004  | 0.004  | 0.004  | 0.004  | 0.000  | 21.000    | 21.000    | 21.000     | 21.000    |
| 1     | 0   | 1   | 0   | 0   | 0   | GET    | /api/player/player/565cb78eb                  | 0.128  | 0.128  | 0.128   | 0.128  | 0.128  | 0.128  | 0.128  | 0.000  | 1520.000  | 1520.000  | 1520.000   | 1520.000  |
| 1     | 0   | 1   | 0   | 0   | 0   | GET    | /api/player/player/9fa529a1                   | 0.004  | 0.004  | 0.004   | 0.004  | 0.004  | 0.004  | 0.004  | 0.000  | 696.000   | 696.000   | 696.000    | 696.000   |
| 1     | 0   | 1   | 0   | 0   | 0   | GET    | /api/player/player/6227337dd                  | 0.008  | 0.008  | 0.008   | 0.008  | 0.008  | 0.008  | 0.008  | 0.000  | 613.000   | 613.000   | 613.000    | 613.000   |
| 1     | 0   | 1   | 0   | 0   | 0   | GET    | /api/player/player/9fa52ac7                   | 0.000  | 0.000  | 0.000   | 0.000  | 0.000  | 0.000  | 0.000  | 0.000  | 470.000   | 470.000   | 470.000    | 470.000   |
| 1     | 0   | 1   | 0   | 0   | 0   | GET    | /api/player/player/46cc3f25b                  | 0.004  | 0.004  | 0.004   | 0.004  | 0.004  | 0.004  | 0.004  | 0.000  | 384.000   | 384.000   | 384.000    | 384.000   |
| 1     | 0   | 1   | 0   | 0   | 0   | POST   | /api/organizer/player/61095654a/disqualified  | 0.008  | 0.008  | 0.008   | 0.008  | 0.008  | 0.008  | 0.008  | 0.000  | 154.000   | 154.000   | 154.000    | 154.000   |
| 1     | 0   | 1   | 0   | 0   | 0   | GET    | /api/player/player/53c670199                  | 0.168  | 0.168  | 0.168   | 0.168  | 0.168  | 0.168  | 0.168  | 0.000  | 1626.000  | 1626.000  | 1626.000   | 1626.000  |
| 1     | 0   | 1   | 0   | 0   | 0   | GET    | /api/player/player/3bfb063d8                  | 0.192  | 0.192  | 0.192   | 0.192  | 0.192  | 0.192  | 0.192  | 0.000  | 2088.000  | 2088.000  | 2088.000   | 2088.000  |
| 1     | 0   | 1   | 0   | 0   | 0   | GET    | /api/player/player/9fa52925                   | 0.004  | 0.004  | 0.004   | 0.004  | 0.004  | 0.004  | 0.004  | 0.000  | 680.000   | 680.000   | 680.000    | 680.000   |
| 1     | 0   | 1   | 0   | 0   | 0   | GET    | /api/player/player/6332693da                  | 0.004  | 0.004  | 0.004   | 0.004  | 0.004  | 0.004  | 0.004  | 0.000  | 284.000   | 284.000   | 284.000    | 284.000   |
| 1     | 0   | 1   | 0   | 0   | 0   | GET    | /api/player/player/9fa52a9d                   | 0.000  | 0.000  | 0.000   | 0.000  | 0.000  | 0.000  | 0.000  | 0.000  | 696.000   | 696.000   | 696.000    | 696.000   |
| 1     | 0   | 1   | 0   | 0   | 0   | POST   | /api/organizer/competition/9fa52afa/finish    | 0.032  | 0.032  | 0.032   | 0.032  | 0.032  | 0.032  | 0.032  | 0.000  | 21.000    | 21.000    | 21.000     | 21.000    |
| 1     | 0   | 1   | 0   | 0   | 0   | GET    | /api/player/player/9fa52990                   | 0.032  | 0.032  | 0.032   | 0.032  | 0.032  | 0.032  | 0.032  | 0.000  | 280.000   | 280.000   | 280.000    | 280.000   |
| 1     | 0   | 1   | 0   | 0   | 0   | POST   | /api/organizer/competition/9fa52d50/finish    | 0.008  | 0.008  | 0.008   | 0.008  | 0.008  | 0.008  | 0.008  | 0.000  | 21.000    | 21.000    | 21.000     | 21.000    |
| 1     | 0   | 1   | 0   | 0   | 0   | GET    | /api/player/player/9fa52801                   | 0.048  | 0.048  | 0.048   | 0.048  | 0.048  | 0.048  | 0.048  | 0.000  | 681.000   | 681.000   | 681.000    | 681.000   |
| 1     | 0   | 1   | 0   | 0   | 0   | GET    | /api/player/player/59dd77702                  | 0.140  | 0.140  | 0.140   | 0.140  | 0.140  | 0.140  | 0.140  | 0.000  | 1242.000  | 1242.000  | 1242.000   | 1242.000  |
| 1     | 0   | 1   | 0   | 0   | 0   | GET    | /api/player/player/3d3979af9                  | 0.180  | 0.180  | 0.180   | 0.180  | 0.180  | 0.180  | 0.180  | 0.000  | 2183.000  | 2183.000  | 2183.000   | 2183.000  |
| 1     | 0   | 1   | 0   | 0   | 0   | GET    | /api/player/player/50467119a                  | 0.000  | 0.000  | 0.000   | 0.000  | 0.000  | 0.000  | 0.000  | 0.000  | 383.000   | 383.000   | 383.000    | 383.000   |
| 1     | 0   | 1   | 0   | 0   | 0   | GET    | /api/player/player/1c40a0bf9                  | 0.140  | 0.140  | 0.140   | 0.140  | 0.140  | 0.140  | 0.140  | 0.000  | 2281.000  | 2281.000  | 2281.000   | 2281.000  |
| 1     | 0   | 1   | 0   | 0   | 0   | GET    | /api/player/player/9fa528ec                   | 0.096  | 0.096  | 0.096   | 0.096  | 0.096  | 0.096  | 0.096  | 0.000  | 681.000   | 681.000   | 681.000    | 681.000   |
| 1     | 0   | 1   | 0   | 0   | 0   | POST   | /api/organizer/competition/9fa52efd/score     | 0.412  | 0.412  | 0.412   | 0.412  | 0.412  | 0.412  | 0.412  | 0.000  | 53.000    | 53.000    | 53.000     | 53.000    |
| 1     | 0   | 1   | 0   | 0   | 0   | GET    | /api/player/player/9fa5291a                   | 0.120  | 0.120  | 0.120   | 0.120  | 0.120  | 0.120  | 0.120  | 0.000  | 680.000   | 680.000   | 680.000    | 680.000   |
| 1     | 0   | 1   | 0   | 0   | 0   | GET    | /api/player/player/9fa528db                   | 0.116  | 0.116  | 0.116   | 0.116  | 0.116  | 0.116  | 0.116  | 0.000  | 679.000   | 679.000   | 679.000    | 679.000   |
| 1     | 0   | 1   | 0   | 0   | 0   | GET    | /api/player/player/9fa52902                   | 4.752  | 4.752  | 4.752   | 4.752  | 4.752  | 4.752  | 4.752  | 0.000  | 680.000   | 680.000   | 680.000    | 680.000   |
| 1     | 0   | 1   | 0   | 0   | 0   | GET    | /api/player/player/3a70f7564                  | 0.156  | 0.156  | 0.156   | 0.156  | 0.156  | 0.156  | 0.156  | 0.000  | 2179.000  | 2179.000  | 2179.000   | 2179.000  |
| 1     | 0   | 1   | 0   | 0   | 0   | GET    | /api/player/player/9fa528ce                   | 5.076  | 5.076  | 5.076   | 5.076  | 5.076  | 5.076  | 5.076  | 0.000  | 680.000   | 680.000   | 680.000    | 680.000   |
| 1     | 0   | 1   | 0   | 0   | 0   | POST   | /api/organizer/competition/9fa52efd/finish    | 0.004  | 0.004  | 0.004   | 0.004  | 0.004  | 0.004  | 0.004  | 0.000  | 21.000    | 21.000    | 21.000     | 21.000    |
| 1     | 0   | 1   | 0   | 0   | 0   | GET    | /api/player/player/233e65e49                  | 0.004  | 0.004  | 0.004   | 0.004  | 0.004  | 0.004  | 0.004  | 0.000  | 473.000   | 473.000   | 473.000    | 473.000   |
| 1     | 0   | 1   | 0   | 0   | 0   | GET    | /api/player/player/22374c60b                  | 0.008  | 0.008  | 0.008   | 0.008  | 0.008  | 0.008  | 0.008  | 0.000  | 479.000   | 479.000   | 479.000    | 479.000   |
| 1     | 0   | 1   | 0   | 0   | 0   | GET    | /api/player/player/9fa5287b                   | 5.224  | 5.224  | 5.224   | 5.224  | 5.224  | 5.224  | 5.224  | 0.000  | 680.000   | 680.000   | 680.000    | 680.000   |
| 1     | 0   | 1   | 0   | 0   | 0   | GET    | /api/player/player/636cd2de9                  | 0.012  | 0.012  | 0.012   | 0.012  | 0.012  | 0.012  | 0.012  | 0.000  | 594.000   | 594.000   | 594.000    | 594.000   |
| 1     | 0   | 1   | 0   | 0   | 0   | GET    | /api/player/player/9fa52811                   | 5.456  | 5.456  | 5.456   | 5.456  | 5.456  | 5.456  | 5.456  | 0.000  | 679.000   | 679.000   | 679.000    | 679.000   |
| 1     | 0   | 1   | 0   | 0   | 0   | GET    | /api/player/player/9fa5298c                   | 5.472  | 5.472  | 5.472   | 5.472  | 5.472  | 5.472  | 5.472  | 0.000  | 695.000   | 695.000   | 695.000    | 695.000   |
| 1     | 0   | 1   | 0   | 0   | 0   | POST   | /api/organizer/player/6257d1c52/disqualified  | 0.004  | 0.004  | 0.004   | 0.004  | 0.004  | 0.004  | 0.004  | 0.000  | 160.000   | 160.000   | 160.000    | 160.000   |
| 1     | 0   | 1   | 0   | 0   | 0   | POST   | /api/organizer/competition/9fa538b0/score     | 5.912  | 5.912  | 5.912   | 5.912  | 5.912  | 5.912  | 5.912  | 0.000  | 54.000    | 54.000    | 54.000     | 54.000    |
| 1     | 0   | 1   | 0   | 0   | 0   | POST   | /api/organizer/competition/9fa52e10/score     | 7.280  | 7.280  | 7.280   | 7.280  | 7.280  | 7.280  | 7.280  | 0.000  | 54.000    | 54.000    | 54.000     | 54.000    |
| 1     | 0   | 1   | 0   | 0   | 0   | GET    | /api/player/player/266552289                  | 0.016  | 0.016  | 0.016   | 0.016  | 0.016  | 0.016  | 0.016  | 0.000  | 1015.000  | 1015.000  | 1015.000   | 1015.000  |
| 1     | 0   | 1   | 0   | 0   | 0   | GET    | /api/player/player/607be8490                  | 0.004  | 0.004  | 0.004   | 0.004  | 0.004  | 0.004  | 0.004  | 0.000  | 283.000   | 283.000   | 283.000    | 283.000   |
| 1     | 0   | 1   | 0   | 0   | 0   | GET    | /api/player/player/9fa527b6                   | 6.600  | 6.600  | 6.600   | 6.600  | 6.600  | 6.600  | 6.600  | 0.000  | 353.000   | 353.000   | 353.000    | 353.000   |
| 1     | 0   | 1   | 0   | 0   | 0   | GET    | /api/player/player/34e0cbedf                  | 0.012  | 0.012  | 0.012   | 0.012  | 0.012  | 0.012  | 0.012  | 0.000  | 932.000   | 932.000   | 932.000    | 932.000   |
| 1     | 0   | 1   | 0   | 0   | 0   | GET    | /api/player/player/9fa5295d                   | 7.224  | 7.224  | 7.224   | 7.224  | 7.224  | 7.224  | 7.224  | 0.000  | 369.000   | 369.000   | 369.000    | 369.000   |
| 1     | 0   | 1   | 0   | 0   | 0   | GET    | /api/player/player/9fa52a55                   | 5.832  | 5.832  | 5.832   | 5.832  | 5.832  | 5.832  | 5.832  | 0.000  | 369.000   | 369.000   | 369.000    | 369.000   |
| 1     | 0   | 1   | 0   | 0   | 0   | GET    | /api/player/player/9fa528fb                   | 5.768  | 5.768  | 5.768   | 5.768  | 5.768  | 5.768  | 5.768  | 0.000  | 353.000   | 353.000   | 353.000    | 353.000   |
| 1     | 0   | 1   | 0   | 0   | 0   | GET    | /api/player/competition/1c05a9856/ranking     | 0.076  | 0.076  | 0.076   | 0.076  | 0.076  | 0.076  | 0.076  | 0.000  | 14628.000 | 14628.000 | 14628.000  | 14628.000 |
| 1     | 0   | 1   | 0   | 0   | 0   | GET    | /api/player/player/38a2e4502                  | 0.656  | 0.656  | 0.656   | 0.656  | 0.656  | 0.656  | 0.656  | 0.000  | 2395.000  | 2395.000  | 2395.000   | 2395.000  |
| 1     | 0   | 1   | 0   | 0   | 0   | GET    | /api/player/player/5461e573d                  | 0.004  | 0.004  | 0.004   | 0.004  | 0.004  | 0.004  | 0.004  | 0.000  | 379.000   | 379.000   | 379.000    | 379.000   |
| 1     | 0   | 1   | 0   | 0   | 0   | GET    | /api/player/player/5c84f32ce                  | 0.692  | 0.692  | 0.692   | 0.692  | 0.692  | 0.692  | 0.692  | 0.000  | 1629.000  | 1629.000  | 1629.000   | 1629.000  |
| 1     | 0   | 1   | 0   | 0   | 0   | GET    | /api/player/player/3d730a012                  | 0.016  | 0.016  | 0.016   | 0.016  | 0.016  | 0.016  | 0.016  | 0.000  | 1019.000  | 1019.000  | 1019.000   | 1019.000  |
| 1     | 0   | 1   | 0   | 0   | 0   | GET    | /api/player/player/9fa52f3e                   | 0.412  | 0.412  | 0.412   | 0.412  | 0.412  | 0.412  | 0.412  | 0.000  | 283.000   | 283.000   | 283.000    | 283.000   |
| 1     | 0   | 1   | 0   | 0   | 0   | GET    | /api/player/player/544f42f5e                  | 0.408  | 0.408  | 0.408   | 0.408  | 0.408  | 0.408  | 0.408  | 0.000  | 1425.000  | 1425.000  | 1425.000   | 1425.000  |
| 1     | 0   | 1   | 0   | 0   | 0   | GET    | /api/player/player/9fa528f7                   | 0.004  | 0.004  | 0.004   | 0.004  | 0.004  | 0.004  | 0.004  | 0.000  | 353.000   | 353.000   | 353.000    | 353.000   |
| 1     | 0   | 1   | 0   | 0   | 0   | GET    | /api/player/player/9fa52e70                   | 0.816  | 0.816  | 0.816   | 0.816  | 0.816  | 0.816  | 0.816  | 0.000  | 267.000   | 267.000   | 267.000    | 267.000   |
| 1     | 0   | 1   | 0   | 0   | 0   | POST   | /api/organizer/competition/9fa5390d/finish    | 0.004  | 0.004  | 0.004   | 0.004  | 0.004  | 0.004  | 0.004  | 0.000  | 21.000    | 21.000    | 21.000     | 21.000    |
| 1     | 0   | 1   | 0   | 0   | 0   | POST   | /api/organizer/competition/9fa52e10/finish    | 0.008  | 0.008  | 0.008   | 0.008  | 0.008  | 0.008  | 0.008  | 0.000  | 21.000    | 21.000    | 21.000     | 21.000    |
| 1     | 0   | 1   | 0   | 0   | 0   | POST   | /api/organizer/competition/9fa538da/finish    | 0.004  | 0.004  | 0.004   | 0.004  | 0.004  | 0.004  | 0.004  | 0.000  | 21.000    | 21.000    | 21.000     | 21.000    |
| 1     | 0   | 1   | 0   | 0   | 0   | GET    | /api/player/player/5769dcee5                  | 0.000  | 0.000  | 0.000   | 0.000  | 0.000  | 0.000  | 0.000  | 0.000  | 282.000   | 282.000   | 282.000    | 282.000   |
| 1     | 0   | 1   | 0   | 0   | 0   | POST   | /api/organizer/competition/9fa53139/score     | 3.104  | 3.104  | 3.104   | 3.104  | 3.104  | 3.104  | 3.104  | 0.000  | 53.000    | 53.000    | 53.000     | 53.000    |
| 1     | 0   | 1   | 0   | 0   | 0   | GET    | /api/player/player/584ecae37                  | 0.592  | 0.592  | 0.592   | 0.592  | 0.592  | 0.592  | 0.592  | 0.000  | 1736.000  | 1736.000  | 1736.000   | 1736.000  |
| 1     | 0   | 1   | 0   | 0   | 0   | POST   | /api/organizer/competition/9fa53139/finish    | 0.012  | 0.012  | 0.012   | 0.012  | 0.012  | 0.012  | 0.012  | 0.000  | 21.000    | 21.000    | 21.000     | 21.000    |
| 1     | 0   | 1   | 0   | 0   | 0   | POST   | /api/organizer/competition/9fa52f30/finish    | 0.080  | 0.080  | 0.080   | 0.080  | 0.080  | 0.080  | 0.080  | 0.000  | 21.000    | 21.000    | 21.000     | 21.000    |
| 1     | 0   | 1   | 0   | 0   | 0   | GET    | /api/player/player/4d86e5ad6                  | 0.380  | 0.380  | 0.380   | 0.380  | 0.380  | 0.380  | 0.380  | 0.000  | 1863.000  | 1863.000  | 1863.000   | 1863.000  |
| 1     | 0   | 1   | 0   | 0   | 0   | GET    | /api/player/player/42d028915                  | 0.004  | 0.004  | 0.004   | 0.004  | 0.004  | 0.004  | 0.004  | 0.000  | 381.000   | 381.000   | 381.000    | 381.000   |
| 1     | 0   | 1   | 0   | 0   | 0   | POST   | /api/organizer/competition/9fa5321d/score     | 5.016  | 5.016  | 5.016   | 5.016  | 5.016  | 5.016  | 5.016  | 0.000  | 54.000    | 54.000    | 54.000     | 54.000    |
| 1     | 0   | 1   | 0   | 0   | 0   | POST   | /api/organizer/player/62fde46db/disqualified  | 0.004  | 0.004  | 0.004   | 0.004  | 0.004  | 0.004  | 0.004  | 0.000  | 153.000   | 153.000   | 153.000    | 153.000   |
| 1     | 0   | 1   | 0   | 0   | 0   | GET    | /api/player/player/466a24678                  | 0.020  | 0.020  | 0.020   | 0.020  | 0.020  | 0.020  | 0.020  | 0.000  | 707.000   | 707.000   | 707.000    | 707.000   |
| 1     | 0   | 1   | 0   | 0   | 0   | GET    | /api/player/player/1612e6def                  | 0.080  | 0.080  | 0.080   | 0.080  | 0.080  | 0.080  | 0.080  | 0.000  | 386.000   | 386.000   | 386.000    | 386.000   |
| 1     | 0   | 1   | 0   | 0   | 0   | GET    | /api/player/player/61b0e0f33                  | 0.732  | 0.732  | 0.732   | 0.732  | 0.732  | 0.732  | 0.732  | 0.000  | 1186.000  | 1186.000  | 1186.000   | 1186.000  |
| 1     | 0   | 1   | 0   | 0   | 0   | GET    | /api/player/player/637ba25eb                  | 0.040  | 0.040  | 0.040   | 0.040  | 0.040  | 0.040  | 0.040  | 0.000  | 797.000   | 797.000   | 797.000    | 797.000   |
| 1     | 0   | 1   | 0   | 0   | 0   | POST   | /api/organizer/competition/9fa538da/score     | 1.668  | 1.668  | 1.668   | 1.668  | 1.668  | 1.668  | 1.668  | 0.000  | 53.000    | 53.000    | 53.000     | 53.000    |
| 1     | 0   | 1   | 0   | 0   | 0   | POST   | /initialize                                   | 3.232  | 3.232  | 3.232   | 3.232  | 3.232  | 3.232  | 3.232  | 0.000  | 55.000    | 55.000    | 55.000     | 55.000    |
| 1     | 0   | 1   | 0   | 0   | 0   | POST   | /api/organizer/player/62f89e56b/disqualified  | 0.064  | 0.064  | 0.064   | 0.064  | 0.064  | 0.064  | 0.064  | 0.000  | 154.000   | 154.000   | 154.000    | 154.000   |
| 1     | 0   | 1   | 0   | 0   | 0   | GET    | /api/player/player/255049c31                  | 0.016  | 0.016  | 0.016   | 0.016  | 0.016  | 0.016  | 0.016  | 0.000  | 923.000   | 923.000   | 923.000    | 923.000   |
| 1     | 0   | 1   | 0   | 0   | 0   | POST   | /api/organizer/competition/9fa5321d/finish    | 0.052  | 0.052  | 0.052   | 0.052  | 0.052  | 0.052  | 0.052  | 0.000  | 21.000    | 21.000    | 21.000     | 21.000    |
| 1     | 0   | 1   | 0   | 0   | 0   | POST   | /api/organizer/competition/9fa53485/score     | 2.516  | 2.516  | 2.516   | 2.516  | 2.516  | 2.516  | 2.516  | 0.000  | 53.000    | 53.000    | 53.000     | 53.000    |
| 1     | 0   | 1   | 0   | 0   | 0   | GET    | /api/player/player/2f974b579                  | 0.436  | 0.436  | 0.436   | 0.436  | 0.436  | 0.436  | 0.436  | 0.000  | 2143.000  | 2143.000  | 2143.000   | 2143.000  |
| 1     | 0   | 1   | 0   | 0   | 0   | GET    | /api/player/player/3255a0b4b                  | 0.004  | 0.004  | 0.004   | 0.004  | 0.004  | 0.004  | 0.004  | 0.000  | 285.000   | 285.000   | 285.000    | 285.000   |
| 1     | 0   | 1   | 0   | 0   | 0   | POST   | /api/organizer/competition/9fa53485/finish    | 0.004  | 0.004  | 0.004   | 0.004  | 0.004  | 0.004  | 0.004  | 0.000  | 21.000    | 21.000    | 21.000     | 21.000    |
| 1     | 0   | 1   | 0   | 0   | 0   | GET    | /api/player/player/584adf775                  | 0.012  | 0.012  | 0.012   | 0.012  | 0.012  | 0.012  | 0.012  | 0.000  | 698.000   | 698.000   | 698.000    | 698.000   |
| 1     | 0   | 1   | 0   | 0   | 0   | GET    | /api/player/player/40d728c68                  | 0.000  | 0.000  | 0.000   | 0.000  | 0.000  | 0.000  | 0.000  | 0.000  | 387.000   | 387.000   | 387.000    | 387.000   |
| 1     | 0   | 1   | 0   | 0   | 0   | POST   | /api/organizer/competition/9fa52fb7/score     | 13.196 | 13.196 | 13.196  | 13.196 | 13.196 | 13.196 | 13.196 | 0.000  | 54.000    | 54.000    | 54.000     | 54.000    |
| 1     | 0   | 1   | 0   | 0   | 0   | GET    | /api/player/player/259240f53                  | 0.448  | 0.448  | 0.448   | 0.448  | 0.448  | 0.448  | 0.448  | 0.000  | 2278.000  | 2278.000  | 2278.000   | 2278.000  |
| 1     | 0   | 1   | 0   | 0   | 0   | GET    | /api/player/player/3ac6a009e                  | 0.884  | 0.884  | 0.884   | 0.884  | 0.884  | 0.884  | 0.884  | 0.000  | 2060.000  | 2060.000  | 2060.000   | 2060.000  |
| 1     | 0   | 1   | 0   | 0   | 0   | POST   | /api/organizer/competition/9fa5330e/finish    | 0.064  | 0.064  | 0.064   | 0.064  | 0.064  | 0.064  | 0.064  | 0.000  | 21.000    | 21.000    | 21.000     | 21.000    |
| 1     | 0   | 1   | 0   | 0   | 0   | GET    | /api/player/player/5d1ef3041                  | 13.368 | 13.368 | 13.368  | 13.368 | 13.368 | 13.368 | 13.368 | 0.000  | 1731.000  | 1731.000  | 1731.000   | 1731.000  |
| 1     | 0   | 1   | 0   | 0   | 0   | GET    | /api/player/player/3f2f47994                  | 0.004  | 0.004  | 0.004   | 0.004  | 0.004  | 0.004  | 0.004  | 0.000  | 383.000   | 383.000   | 383.000    | 383.000   |
| 1     | 0   | 1   | 0   | 0   | 0   | GET    | /api/player/player/2bc467a6d                  | 12.860 | 12.860 | 12.860  | 12.860 | 12.860 | 12.860 | 12.860 | 0.000  | 2190.000  | 2190.000  | 2190.000   | 2190.000  |
| 1     | 0   | 1   | 0   | 0   | 0   | GET    | /api/player/player/d73dc6d6                   | 0.752  | 0.752  | 0.752   | 0.752  | 0.752  | 0.752  | 0.752  | 0.000  | 2282.000  | 2282.000  | 2282.000   | 2282.000  |
| 1     | 0   | 1   | 0   | 0   | 0   | POST   | /api/organizer/competition/9fa532b0/score     | 8.296  | 8.296  | 8.296   | 8.296  | 8.296  | 8.296  | 8.296  | 0.000  | 54.000    | 54.000    | 54.000     | 54.000    |
| 1     | 0   | 1   | 0   | 0   | 0   | GET    | /api/player/player/9fa52e46                   | 0.772  | 0.772  | 0.772   | 0.772  | 0.772  | 0.772  | 0.772  | 0.000  | 267.000   | 267.000   | 267.000    | 267.000   |
| 1     | 0   | 1   | 0   | 0   | 0   | GET    | /api/player/player/2d7e53f6a                  | 0.004  | 0.004  | 0.004   | 0.004  | 0.004  | 0.004  | 0.004  | 0.000  | 388.000   | 388.000   | 388.000    | 388.000   |
| 1     | 0   | 1   | 0   | 0   | 0   | GET    | /api/player/player/7e169888                   | 0.872  | 0.872  | 0.872   | 0.872  | 0.872  | 0.872  | 0.872  | 0.000  | 1927.000  | 1927.000  | 1927.000   | 1927.000  |
| 1     | 0   | 1   | 0   | 0   | 0   | GET    | /api/player/player/9fa52872                   | 8.320  | 8.320  | 8.320   | 8.320  | 8.320  | 8.320  | 8.320  | 0.000  | 454.000   | 454.000   | 454.000    | 454.000   |
| 1     | 0   | 1   | 0   | 0   | 0   | GET    | /api/player/player/9fa5279c                   | 8.228  | 8.228  | 8.228   | 8.228  | 8.228  | 8.228  | 8.228  | 0.000  | 454.000   | 454.000   | 454.000    | 454.000   |
| 1     | 0   | 1   | 0   | 0   | 0   | GET    | /api/player/player/9fa52ad6                   | 8.128  | 8.128  | 8.128   | 8.128  | 8.128  | 8.128  | 8.128  | 0.000  | 469.000   | 469.000   | 469.000    | 469.000   |
| 1     | 0   | 1   | 0   | 0   | 0   | POST   | /api/organizer/competition/9fa53642/finish    | 0.004  | 0.004  | 0.004   | 0.004  | 0.004  | 0.004  | 0.004  | 0.000  | 21.000    | 21.000    | 21.000     | 21.000    |
| 1     | 0   | 1   | 0   | 0   | 0   | GET    | /api/player/player/48bb6764d                  | 0.608  | 0.608  | 0.608   | 0.608  | 0.608  | 0.608  | 0.608  | 0.000  | 1714.000  | 1714.000  | 1714.000   | 1714.000  |
| 1     | 0   | 1   | 0   | 0   | 0   | GET    | /api/player/player/9fa5285b                   | 0.000  | 0.000  | 0.000   | 0.000  | 0.000  | 0.000  | 0.000  | 0.000  | 578.000   | 578.000   | 578.000    | 578.000   |
| 1     | 0   | 1   | 0   | 0   | 0   | GET    | /api/player/player/9fa528e3                   | 7.688  | 7.688  | 7.688   | 7.688  | 7.688  | 7.688  | 7.688  | 0.000  | 454.000   | 454.000   | 454.000    | 454.000   |
| 1     | 0   | 1   | 0   | 0   | 0   | GET    | /api/player/player/4f1d2e77f                  | 0.012  | 0.012  | 0.012   | 0.012  | 0.012  | 0.012  | 0.012  | 0.000  | 796.000   | 796.000   | 796.000    | 796.000   |
| 1     | 0   | 1   | 0   | 0   | 0   | GET    | /api/player/player/9fa52aa8                   | 0.012  | 0.012  | 0.012   | 0.012  | 0.012  | 0.012  | 0.012  | 0.000  | 594.000   | 594.000   | 594.000    | 594.000   |
| 1     | 0   | 1   | 0   | 0   | 0   | GET    | /api/player/player/9fa52999                   | 0.120  | 0.120  | 0.120   | 0.120  | 0.120  | 0.120  | 0.120  | 0.000  | 470.000   | 470.000   | 470.000    | 470.000   |
| 1     | 0   | 1   | 0   | 0   | 0   | GET    | /api/player/player/9fa527ad                   | 0.004  | 0.004  | 0.004   | 0.004  | 0.004  | 0.004  | 0.004  | 0.000  | 578.000   | 578.000   | 578.000    | 578.000   |
| 1     | 0   | 1   | 0   | 0   | 0   | GET    | /api/player/player/9fa52a64                   | 0.040  | 0.040  | 0.040   | 0.040  | 0.040  | 0.040  | 0.040  | 0.000  | 470.000   | 470.000   | 470.000    | 470.000   |
| 1     | 0   | 1   | 0   | 0   | 0   | GET    | /api/player/player/3c96aedf7                  | 0.420  | 0.420  | 0.420   | 0.420  | 0.420  | 0.420  | 0.420  | 0.000  | 2064.000  | 2064.000  | 2064.000   | 2064.000  |
| 1     | 0   | 1   | 0   | 0   | 0   | GET    | /api/player/player/9fa52a7f                   | 0.008  | 0.008  | 0.008   | 0.008  | 0.008  | 0.008  | 0.008  | 0.000  | 593.000   | 593.000   | 593.000    | 593.000   |
| 1     | 0   | 1   | 0   | 0   | 0   | GET    | /api/player/player/9fa52820                   | 0.004  | 0.004  | 0.004   | 0.004  | 0.004  | 0.004  | 0.004  | 0.000  | 578.000   | 578.000   | 578.000    | 578.000   |
| 1     | 0   | 1   | 0   | 0   | 0   | GET    | /api/player/player/3693ac114                  | 0.012  | 0.012  | 0.012   | 0.012  | 0.012  | 0.012  | 0.012  | 0.000  | 934.000   | 934.000   | 934.000    | 934.000   |
| 1     | 0   | 1   | 0   | 0   | 0   | GET    | /api/player/player/36b877033                  | 0.976  | 0.976  | 0.976   | 0.976  | 0.976  | 0.976  | 0.976  | 0.000  | 2295.000  | 2295.000  | 2295.000   | 2295.000  |
| 1     | 0   | 1   | 0   | 0   | 0   | GET    | /api/player/player/2314bb642                  | 1.040  | 1.040  | 1.040   | 1.040  | 1.040  | 1.040  | 1.040  | 0.000  | 2479.000  | 2479.000  | 2479.000   | 2479.000  |
| 1     | 0   | 1   | 0   | 0   | 0   | GET    | /api/player/player/9fa52ab6                   | 0.004  | 0.004  | 0.004   | 0.004  | 0.004  | 0.004  | 0.004  | 0.000  | 594.000   | 594.000   | 594.000    | 594.000   |
| 1     | 0   | 1   | 0   | 0   | 0   | GET    | /api/player/player/516b24c02                  | 0.240  | 0.240  | 0.240   | 0.240  | 0.240  | 0.240  | 0.240  | 0.000  | 1503.000  | 1503.000  | 1503.000   | 1503.000  |
| 1     | 0   | 1   | 0   | 0   | 0   | GET    | /api/player/player/1f8f0fbf4                  | 0.240  | 0.240  | 0.240   | 0.240  | 0.240  | 0.240  | 0.240  | 0.000  | 2177.000  | 2177.000  | 2177.000   | 2177.000  |
| 1     | 0   | 1   | 0   | 0   | 0   | POST   | /api/organizer/competition/9fa53771/finish    | 0.004  | 0.004  | 0.004   | 0.004  | 0.004  | 0.004  | 0.004  | 0.000  | 21.000    | 21.000    | 21.000     | 21.000    |
| 1     | 0   | 1   | 0   | 0   | 0   | GET    | /api/player/player/9fa52ef7                   | 0.112  | 0.112  | 0.112   | 0.112  | 0.112  | 0.112  | 0.112  | 0.000  | 283.000   | 283.000   | 283.000    | 283.000   |
| 1     | 0   | 1   | 0   | 0   | 0   | POST   | /api/organizer/competition/9fa52fb7/finish    | 0.008  | 0.008  | 0.008   | 0.008  | 0.008  | 0.008  | 0.008  | 0.000  | 21.000    | 21.000    | 21.000     | 21.000    |
| 1     | 0   | 1   | 0   | 0   | 0   | GET    | /api/player/player/6355dbf70                  | 0.040  | 0.040  | 0.040   | 0.040  | 0.040  | 0.040  | 0.040  | 0.000  | 699.000   | 699.000   | 699.000    | 699.000   |
| 1     | 0   | 1   | 0   | 0   | 0   | GET    | /api/player/player/4f403f860                  | 0.004  | 0.004  | 0.004   | 0.004  | 0.004  | 0.004  | 0.004  | 0.000  | 380.000   | 380.000   | 380.000    | 380.000   |
| 1     | 0   | 1   | 0   | 0   | 0   | GET    | /api/player/player/20e954c9b                  | 0.336  | 0.336  | 0.336   | 0.336  | 0.336  | 0.336  | 0.336  | 0.000  | 2148.000  | 2148.000  | 2148.000   | 2148.000  |
| 1     | 0   | 1   | 0   | 0   | 0   | POST   | /api/organizer/player/6327da9e5/disqualified  | 0.004  | 0.004  | 0.004   | 0.004  | 0.004  | 0.004  | 0.004  | 0.000  | 163.000   | 163.000   | 163.000    | 163.000   |
| 1     | 0   | 1   | 0   | 0   | 0   | GET    | /api/player/player/9fa529e0                   | 0.000  | 0.000  | 0.000   | 0.000  | 0.000  | 0.000  | 0.000  | 0.000  | 470.000   | 470.000   | 470.000    | 470.000   |
| 1     | 0   | 1   | 0   | 0   | 0   | GET    | /api/player/player/9fa527a8                   | 0.008  | 0.008  | 0.008   | 0.008  | 0.008  | 0.008  | 0.008  | 0.000  | 578.000   | 578.000   | 578.000    | 578.000   |
| 1     | 0   | 1   | 0   | 0   | 0   | GET    | /api/player/player/9fa52798                   | 0.000  | 0.000  | 0.000   | 0.000  | 0.000  | 0.000  | 0.000  | 0.000  | 578.000   | 578.000   | 578.000    | 578.000   |
| 1     | 0   | 1   | 0   | 0   | 0   | GET    | /api/player/player/9fa52a58                   | 0.004  | 0.004  | 0.004   | 0.004  | 0.004  | 0.004  | 0.004  | 0.000  | 594.000   | 594.000   | 594.000    | 594.000   |
| 1     | 0   | 1   | 0   | 0   | 0   | GET    | /api/player/player/35dae35e2                  | 0.264  | 0.264  | 0.264   | 0.264  | 0.264  | 0.264  | 0.264  | 0.000  | 2288.000  | 2288.000  | 2288.000   | 2288.000  |
| 1     | 0   | 1   | 0   | 0   | 0   | GET    | /api/player/player/57aea4599                  | 0.160  | 0.160  | 0.160   | 0.160  | 0.160  | 0.160  | 0.160  | 0.000  | 1641.000  | 1641.000  | 1641.000   | 1641.000  |
| 1     | 0   | 1   | 0   | 0   | 0   | GET    | /api/player/player/1d8c079ca                  | 0.232  | 0.232  | 0.232   | 0.232  | 0.232  | 0.232  | 0.232  | 0.000  | 2153.000  | 2153.000  | 2153.000   | 2153.000  |
| 1     | 0   | 1   | 0   | 0   | 0   | GET    | /api/player/player/565651619                  | 0.020  | 0.020  | 0.020   | 0.020  | 0.020  | 0.020  | 0.020  | 0.000  | 702.000   | 702.000   | 702.000    | 702.000   |
| 1     | 0   | 1   | 0   | 0   | 0   | GET    | /api/player/player/157773f5c                  | 0.200  | 0.200  | 0.200   | 0.200  | 0.200  | 0.200  | 0.200  | 0.000  | 2144.000  | 2144.000  | 2144.000   | 2144.000  |
| 1     | 0   | 1   | 0   | 0   | 0   | GET    | /api/player/player/9fa52a26                   | 0.008  | 0.008  | 0.008   | 0.008  | 0.008  | 0.008  | 0.008  | 0.000  | 470.000   | 470.000   | 470.000    | 470.000   |
| 1     | 0   | 1   | 0   | 0   | 0   | GET    | /api/player/player/9fa52864                   | 0.056  | 0.056  | 0.056   | 0.056  | 0.056  | 0.056  | 0.056  | 0.000  | 578.000   | 578.000   | 578.000    | 578.000   |
| 1     | 0   | 1   | 0   | 0   | 0   | GET    | /api/player/player/9fa52945                   | 0.076  | 0.076  | 0.076   | 0.076  | 0.076  | 0.076  | 0.076  | 0.000  | 578.000   | 578.000   | 578.000    | 578.000   |
| 1     | 0   | 1   | 0   | 0   | 0   | GET    | /api/player/player/9fa527b2                   | 0.084  | 0.084  | 0.084   | 0.084  | 0.084  | 0.084  | 0.084  | 0.000  | 578.000   | 578.000   | 578.000    | 578.000   |
| 1     | 0   | 1   | 0   | 0   | 0   | GET    | /api/player/player/34bfbb916                  | 0.324  | 0.324  | 0.324   | 0.324  | 0.324  | 0.324  | 0.324  | 0.000  | 2095.000  | 2095.000  | 2095.000   | 2095.000  |
| 1     | 0   | 1   | 0   | 0   | 0   | GET    | /api/player/player/5b3138f95                  | 0.004  | 0.004  | 0.004   | 0.004  | 0.004  | 0.004  | 0.004  | 0.000  | 288.000   | 288.000   | 288.000    | 288.000   |
| 1     | 0   | 1   | 0   | 0   | 0   | POST   | /api/organizer/competition/9fa532b0/finish    | 0.012  | 0.012  | 0.012   | 0.012  | 0.012  | 0.012  | 0.012  | 0.000  | 21.000    | 21.000    | 21.000     | 21.000    |
| 1     | 0   | 1   | 0   | 0   | 0   | GET    | /api/player/player/9fa52a70                   | 0.004  | 0.004  | 0.004   | 0.004  | 0.004  | 0.004  | 0.004  | 0.000  | 470.000   | 470.000   | 470.000    | 470.000   |
| 1     | 0   | 1   | 0   | 0   | 0   | GET    | /api/player/player/637b6553b                  | 0.452  | 0.452  | 0.452   | 0.452  | 0.452  | 0.452  | 0.452  | 0.000  | 1402.000  | 1402.000  | 1402.000   | 1402.000  |
| 1     | 0   | 1   | 0   | 0   | 0   | GET    | /api/player/player/9fa52a1a                   | 3.808  | 3.808  | 3.808   | 3.808  | 3.808  | 3.808  | 3.808  | 0.000  | 594.000   | 594.000   | 594.000    | 594.000   |
| 1     | 0   | 1   | 0   | 0   | 0   | GET    | /api/player/player/9fa52eed                   | 0.316  | 0.316  | 0.316   | 0.316  | 0.316  | 0.316  | 0.316  | 0.000  | 283.000   | 283.000   | 283.000    | 283.000   |
| 1     | 0   | 1   | 0   | 0   | 0   | POST   | /api/organizer/competition/9fa535b1/score     | 1.776  | 1.776  | 1.776   | 1.776  | 1.776  | 1.776  | 1.776  | 0.000  | 53.000    | 53.000    | 53.000     | 53.000    |
| 1     | 0   | 1   | 0   | 0   | 0   | GET    | /api/player/competition/9fa535b1/ranking      | 0.072  | 0.072  | 0.072   | 0.072  | 0.072  | 0.072  | 0.072  | 0.000  | 11904.000 | 11904.000 | 11904.000  | 11904.000 |
| 1     | 0   | 1   | 0   | 0   | 0   | POST   | /api/organizer/competition/9fa535b1/finish    | 0.004  | 0.004  | 0.004   | 0.004  | 0.004  | 0.004  | 0.004  | 0.000  | 21.000    | 21.000    | 21.000     | 21.000    |
| 1     | 0   | 1   | 0   | 0   | 0   | GET    | /api/player/player/57dbb3ff7                  | 0.004  | 0.004  | 0.004   | 0.004  | 0.004  | 0.004  | 0.004  | 0.000  | 283.000   | 283.000   | 283.000    | 283.000   |
| 1     | 0   | 1   | 0   | 0   | 0   | GET    | /api/player/player/4f668753f                  | 0.012  | 0.012  | 0.012   | 0.012  | 0.012  | 0.012  | 0.012  | 0.000  | 783.000   | 783.000   | 783.000    | 783.000   |
| 1     | 0   | 1   | 0   | 0   | 0   | GET    | /api/player/player/5ca90974a                  | 0.176  | 0.176  | 0.176   | 0.176  | 0.176  | 0.176  | 0.176  | 0.000  | 1724.000  | 1724.000  | 1724.000   | 1724.000  |
| 1     | 0   | 1   | 0   | 0   | 0   | POST   | /api/organizer/competition/9fa5354c/finish    | 0.004  | 0.004  | 0.004   | 0.004  | 0.004  | 0.004  | 0.004  | 0.000  | 21.000    | 21.000    | 21.000     | 21.000    |
| 1     | 0   | 1   | 0   | 0   | 0   | GET    | /api/player/player/9fa52ab1                   | 4.024  | 4.024  | 4.024   | 4.024  | 4.024  | 4.024  | 4.024  | 0.000  | 594.000   | 594.000   | 594.000    | 594.000   |
| 1     | 0   | 1   | 0   | 0   | 0   | GET    | /api/player/player/9fa52a9e                   | 4.412  | 4.412  | 4.412   | 4.412  | 4.412  | 4.412  | 4.412  | 0.000  | 594.000   | 594.000   | 594.000    | 594.000   |
| 1     | 0   | 1   | 0   | 0   | 0   | GET    | /api/player/player/9fa52e03                   | 0.272  | 0.272  | 0.272   | 0.272  | 0.272  | 0.272  | 0.272  | 0.000  | 267.000   | 267.000   | 267.000    | 267.000   |
| 1     | 0   | 1   | 0   | 0   | 0   | GET    | /api/player/player/4d02bca9d                  | 0.300  | 0.300  | 0.300   | 0.300  | 0.300  | 0.300  | 0.300  | 0.000  | 1827.000  | 1827.000  | 1827.000   | 1827.000  |
| 1     | 0   | 1   | 0   | 0   | 0   | GET    | /api/player/player/4dbe61c43                  | 0.212  | 0.212  | 0.212   | 0.212  | 0.212  | 0.212  | 0.212  | 0.000  | 1518.000  | 1518.000  | 1518.000   | 1518.000  |
| 1     | 0   | 1   | 0   | 0   | 0   | GET    | /api/player/player/3200fac93                  | 0.012  | 0.012  | 0.012   | 0.012  | 0.012  | 0.012  | 0.012  | 0.000  | 740.000   | 740.000   | 740.000    | 740.000   |
| 1     | 0   | 1   | 0   | 0   | 0   | GET    | /api/player/player/5e3af416e                  | 0.004  | 0.004  | 0.004   | 0.004  | 0.004  | 0.004  | 0.004  | 0.000  | 284.000   | 284.000   | 284.000    | 284.000   |
| 1     | 0   | 1   | 0   | 0   | 0   | GET    | /api/player/player/9fa52edd                   | 0.112  | 0.112  | 0.112   | 0.112  | 0.112  | 0.112  | 0.112  | 0.000  | 283.000   | 283.000   | 283.000    | 283.000   |
| 1     | 0   | 1   | 0   | 0   | 0   | GET    | /api/player/player/9fa52ec5                   | 0.104  | 0.104  | 0.104   | 0.104  | 0.104  | 0.104  | 0.104  | 0.000  | 283.000   | 283.000   | 283.000    | 283.000   |
| 1     | 0   | 1   | 0   | 0   | 0   | GET    | /api/player/player/9fa52f7f                   | 0.144  | 0.144  | 0.144   | 0.144  | 0.144  | 0.144  | 0.144  | 0.000  | 283.000   | 283.000   | 283.000    | 283.000   |
| 1     | 0   | 1   | 0   | 0   | 0   | GET    | /api/player/competition/22c60dce0/ranking     | 0.020  | 0.020  | 0.020   | 0.020  | 0.020  | 0.020  | 0.020  | 0.000  | 7081.000  | 7081.000  | 7081.000   | 7081.000  |
| 1     | 0   | 1   | 0   | 0   | 0   | GET    | /api/player/player/79bf7348                   | 0.220  | 0.220  | 0.220   | 0.220  | 0.220  | 0.220  | 0.220  | 0.000  | 2367.000  | 2367.000  | 2367.000   | 2367.000  |
| 1     | 0   | 1   | 0   | 0   | 0   | POST   | /api/organizer/competition/9fa537f7/score     | 0.108  | 0.108  | 0.108   | 0.108  | 0.108  | 0.108  | 0.108  | 0.000  | 52.000    | 52.000    | 52.000     | 52.000    |
| 1     | 0   | 1   | 0   | 0   | 0   | GET    | /api/player/player/9fa52a2d                   | 4.452  | 4.452  | 4.452   | 4.452  | 4.452  | 4.452  | 4.452  | 0.000  | 593.000   | 593.000   | 593.000    | 593.000   |
| 1     | 0   | 1   | 0   | 0   | 0   | GET    | /api/player/player/1b2338ca9                  | 0.332  | 0.332  | 0.332   | 0.332  | 0.332  | 0.332  | 0.332  | 0.000  | 2386.000  | 2386.000  | 2386.000   | 2386.000  |
| 1     | 0   | 1   | 0   | 0   | 0   | GET    | /api/player/player/3fed7d73d                  | 0.464  | 0.464  | 0.464   | 0.464  | 0.464  | 0.464  | 0.464  | 0.000  | 1974.000  | 1974.000  | 1974.000   | 1974.000  |
| 1     | 0   | 1   | 0   | 0   | 0   | GET    | /api/player/player/3f7183290                  | 0.224  | 0.224  | 0.224   | 0.224  | 0.224  | 0.224  | 0.224  | 0.000  | 2045.000  | 2045.000  | 2045.000   | 2045.000  |
| 1     | 0   | 1   | 0   | 0   | 0   | GET    | /api/player/player/9fa5284b                   | 4.596  | 4.596  | 4.596   | 4.596  | 4.596  | 4.596  | 4.596  | 0.000  | 577.000   | 577.000   | 577.000    | 577.000   |
| 1     | 0   | 1   | 0   | 0   | 0   | GET    | /api/player/player/43b7013b5                  | 0.000  | 0.000  | 0.000   | 0.000  | 0.000  | 0.000  | 0.000  | 0.000  | 389.000   | 389.000   | 389.000    | 389.000   |
| 1     | 0   | 1   | 0   | 0   | 0   | GET    | /api/player/player/9fa528b4                   | 5.280  | 5.280  | 5.280   | 5.280  | 5.280  | 5.280  | 5.280  | 0.000  | 578.000   | 578.000   | 578.000    | 578.000   |
| 1     | 0   | 1   | 0   | 0   | 0   | POST   | /api/organizer/competition/9fa537f7/finish    | 0.060  | 0.060  | 0.060   | 0.060  | 0.060  | 0.060  | 0.060  | 0.000  | 21.000    | 21.000    | 21.000     | 21.000    |
| 1     | 0   | 1   | 0   | 0   | 0   | GET    | /api/player/player/634daacd2                  | 0.096  | 0.096  | 0.096   | 0.096  | 0.096  | 0.096  | 0.096  | 0.000  | 823.000   | 823.000   | 823.000    | 823.000   |
| 1     | 0   | 1   | 0   | 0   | 0   | POST   | /api/organizer/competition/9fa53642/score     | 5.432  | 5.432  | 5.432   | 5.432  | 5.432  | 5.432  | 5.432  | 0.000  | 54.000    | 54.000    | 54.000     | 54.000    |
| 1     | 0   | 1   | 0   | 0   | 0   | GET    | /api/player/player/61760e5d7                  | 0.124  | 0.124  | 0.124   | 0.124  | 0.124  | 0.124  | 0.124  | 0.000  | 1396.000  | 1396.000  | 1396.000   | 1396.000  |
| 1     | 0   | 1   | 0   | 0   | 0   | GET    | /api/player/player/9fa52e2c                   | 0.376  | 0.376  | 0.376   | 0.376  | 0.376  | 0.376  | 0.376  | 0.000  | 267.000   | 267.000   | 267.000    | 267.000   |
| 1     | 0   | 1   | 0   | 0   | 0   | POST   | /api/organizer/player/62f7991a8/disqualified  | 0.028  | 0.028  | 0.028   | 0.028  | 0.028  | 0.028  | 0.028  | 0.000  | 158.000   | 158.000   | 158.000    | 158.000   |
| 1     | 0   | 1   | 0   | 0   | 0   | GET    | /api/player/player/3b401aae0                  | 0.484  | 0.484  | 0.484   | 0.484  | 0.484  | 0.484  | 0.484  | 0.000  | 1973.000  | 1973.000  | 1973.000   | 1973.000  |
| 2     | 0   | 2   | 0   | 0   | 0   | GET    | /api/player/player/9fa527c4                   | 0.004  | 8.056  | 8.060   | 4.030  | 8.056  | 8.056  | 8.056  | 4.026  | 454.000   | 681.000   | 1135.000   | 567.500   |
| 2     | 0   | 2   | 0   | 0   | 0   | GET    | /api/player/player/9fa52a06                   | 0.000  | 6.132  | 6.132   | 3.066  | 6.132  | 6.132  | 6.132  | 3.066  | 369.000   | 470.000   | 839.000    | 419.500   |
| 2     | 0   | 2   | 0   | 0   | 0   | GET    | /api/player/player/9fa52af2                   | 4.900  | 5.424  | 10.324  | 5.162  | 5.424  | 5.424  | 5.424  | 0.262  | 594.000   | 697.000   | 1291.000   | 645.500   |
| 2     | 0   | 2   | 0   | 0   | 0   | POST   | /api/organizer/competition/9fa5252d/score     | 2.536  | 2.620  | 5.156   | 2.578  | 2.620  | 2.620  | 2.620  | 0.042  | 53.000    | 53.000    | 106.000    | 53.000    |
| 2     | 0   | 2   | 0   | 0   | 0   | GET    | /api/player/player/2bfed144d                  | 0.220  | 0.468  | 0.688   | 0.344  | 0.468  | 0.468  | 0.468  | 0.124  | 2184.000  | 2184.000  | 4368.000   | 2184.000  |
| 2     | 0   | 1   | 0   | 1   | 0   | GET    | /api/player/player/9fa528a7                   | 4.864  | 5.716  | 10.580  | 5.290  | 5.716  | 5.716  | 5.716  | 0.426  | 0.000     | 578.000   | 578.000    | 289.000   |
| 2     | 0   | 2   | 0   | 0   | 0   | GET    | /api/player/player/9fa527ed                   | 0.004  | 4.636  | 4.640   | 2.320  | 4.636  | 4.636  | 4.636  | 2.316  | 578.000   | 578.000   | 1156.000   | 578.000   |
| 2     | 0   | 2   | 0   | 0   | 0   | POST   | /api/organizer/competition/9fa53771/score     | 1.404  | 2.428  | 3.832   | 1.916  | 2.428  | 2.428  | 2.428  | 0.512  | 54.000    | 54.000    | 108.000    | 54.000    |
| 2     | 0   | 2   | 0   | 0   | 0   | GET    | /api/player/player/9fa5287f                   | 4.736  | 4.736  | 4.736   | 2.368  | 4.736  | 4.736  | 4.736  | 2.368  | 578.000   | 681.000   | 1259.000   | 629.500   |
| 2     | 0   | 0   | 0   | 2   | 0   | GET    | /api/player/player/9fa529d2                   | 5.976  | 6.712  | 12.688  | 6.344  | 6.712  | 6.712  | 6.712  | 0.368  | 0.000     | 0.000     | 0.000      | 0.000     |
| 2     | 0   | 1   | 0   | 1   | 0   | GET    | /api/player/player/9fa52e6b                   | 0.276  | 10.096 | 10.372  | 5.186  | 10.096 | 10.096 | 10.096 | 4.910  | 0.000     | 267.000   | 267.000    | 133.500   |
| 2     | 0   | 1   | 0   | 1   | 0   | GET    | /api/player/player/364ad22a2                  | 0.212  | 10.768 | 10.980  | 5.490  | 10.768 | 10.768 | 10.768 | 5.278  | 0.000     | 2218.000  | 2218.000   | 1109.000  |
| 2     | 0   | 2   | 0   | 0   | 0   | GET    | /api/player/player/5b64dabd8                  | 0.312  | 0.400  | 0.712   | 0.356  | 0.400  | 0.400  | 0.400  | 0.044  | 1614.000  | 1614.000  | 3228.000   | 1614.000  |
| 2     | 0   | 2   | 0   | 0   | 0   | GET    | /api/player/player/9fa52aa7                   | 0.000  | 0.004  | 0.004   | 0.002  | 0.004  | 0.004  | 0.004  | 0.002  | 469.000   | 696.000   | 1165.000   | 582.500   |
| 2     | 0   | 2   | 0   | 0   | 0   | GET    | /api/player/player/9fa52850                   | 0.004  | 4.740  | 4.744   | 2.372  | 4.740  | 4.740  | 4.740  | 2.368  | 454.000   | 576.000   | 1030.000   | 515.000   |
| 2     | 0   | 2   | 0   | 0   | 0   | GET    | /api/player/player/24b8f3113                  | 0.012  | 0.020  | 0.032   | 0.016  | 0.020  | 0.020  | 0.020  | 0.004  | 904.000   | 904.000   | 1808.000   | 904.000   |
| 2     | 0   | 2   | 0   | 0   | 0   | POST   | /api/organizer/competition/9fa5278b/score     | 3.612  | 4.488  | 8.100   | 4.050  | 4.488  | 4.488  | 4.488  | 0.438  | 54.000    | 54.000    | 108.000    | 54.000    |
| 2     | 0   | 2   | 0   | 0   | 0   | GET    | /api/player/player/ad90d4e1                   | 0.116  | 0.120  | 0.236   | 0.118  | 0.120  | 0.120  | 0.120  | 0.002  | 2373.000  | 2373.000  | 4746.000   | 2373.000  |
| 2     | 0   | 2   | 0   | 0   | 0   | GET    | /api/player/player/9fa52816                   | 4.588  | 4.588  | 4.588   | 2.294  | 4.588  | 4.588  | 4.588  | 2.294  | 454.000   | 578.000   | 1032.000   | 516.000   |
| 2     | 0   | 2   | 0   | 0   | 0   | GET    | /api/player/player/9fa529cb                   | 0.004  | 0.004  | 0.004   | 0.002  | 0.004  | 0.004  | 0.004  | 0.002  | 470.000   | 470.000   | 940.000    | 470.000   |
| 2     | 0   | 2   | 0   | 0   | 0   | GET    | /api/player/player/247c5cd4d                  | 0.212  | 0.236  | 0.448   | 0.224  | 0.236  | 0.236  | 0.236  | 0.012  | 2282.000  | 2386.000  | 4668.000   | 2334.000  |
| 2     | 0   | 2   | 0   | 0   | 0   | GET    | /api/player/player/6280eeaf2                  | 0.004  | 0.004  | 0.008   | 0.004  | 0.004  | 0.004  | 0.004  | 0.000  | 492.000   | 492.000   | 984.000    | 492.000   |
| 2     | 0   | 2   | 0   | 0   | 0   | POST   | /api/organizer/competition/9fa53f2c/score     | 0.824  | 0.940  | 1.764   | 0.882  | 0.940  | 0.940  | 0.940  | 0.058  | 53.000    | 53.000    | 106.000    | 53.000    |
| 2     | 0   | 2   | 0   | 0   | 0   | POST   | /api/organizer/competition/9fa52beb/score     | 1.712  | 2.704  | 4.416   | 2.208  | 2.704  | 2.704  | 2.704  | 0.496  | 53.000    | 53.000    | 106.000    | 53.000    |
| 2     | 0   | 2   | 0   | 0   | 0   | POST   | /api/organizer/competition/9fa5354c/score     | 1.380  | 2.332  | 3.712   | 1.856  | 2.332  | 2.332  | 2.332  | 0.476  | 54.000    | 54.000    | 108.000    | 54.000    |
| 2     | 0   | 2   | 0   | 0   | 0   | GET    | /api/player/player/d1f934a4                   | 0.148  | 0.684  | 0.832   | 0.416  | 0.684  | 0.684  | 0.684  | 0.268  | 2389.000  | 2389.000  | 4778.000   | 2389.000  |
| 2     | 0   | 2   | 0   | 0   | 0   | GET    | /api/player/player/61e5574b                   | 0.212  | 0.836  | 1.048   | 0.524  | 0.836  | 0.836  | 0.836  | 0.312  | 2305.000  | 2305.000  | 4610.000   | 2305.000  |
| 2     | 0   | 2   | 0   | 0   | 0   | GET    | /api/player/player/2e491b97e                  | 0.104  | 0.164  | 0.268   | 0.134  | 0.164  | 0.164  | 0.164  | 0.030  | 2002.000  | 2106.000  | 4108.000   | 2054.000  |
| 2     | 0   | 2   | 0   | 0   | 0   | GET    | /api/player/player/9fa52ae8                   | 0.000  | 0.012  | 0.012   | 0.006  | 0.012  | 0.012  | 0.012  | 0.006  | 594.000   | 697.000   | 1291.000   | 645.500   |
| 2     | 0   | 2   | 0   | 0   | 0   | GET    | /api/player/player/9fa52a10                   | 0.012  | 0.036  | 0.048   | 0.024  | 0.036  | 0.036  | 0.036  | 0.012  | 594.000   | 697.000   | 1291.000   | 645.500   |
| 2     | 0   | 1   | 0   | 1   | 0   | GET    | /api/player/player/9fa52aed                   | 0.004  | 5.624  | 5.628   | 2.814  | 5.624  | 5.624  | 5.624  | 2.810  | 0.000     | 470.000   | 470.000    | 235.000   |
| 2     | 0   | 2   | 0   | 0   | 0   | GET    | /api/player/player/389aa20fe                  | 0.008  | 0.008  | 0.016   | 0.008  | 0.008  | 0.008  | 0.008  | 0.000  | 383.000   | 383.000   | 766.000    | 383.000   |
| 2     | 0   | 1   | 0   | 1   | 0   | GET    | /api/player/player/9fa529a9                   | 0.028  | 5.472  | 5.500   | 2.750  | 5.472  | 5.472  | 5.472  | 2.722  | 0.000     | 470.000   | 470.000    | 235.000   |
| 2     | 0   | 2   | 0   | 0   | 0   | GET    | /api/player/player/4d0214357                  | 0.096  | 0.116  | 0.212   | 0.106  | 0.116  | 0.116  | 0.116  | 0.010  | 1501.000  | 1605.000  | 3106.000   | 1553.000  |
| 2     | 0   | 2   | 0   | 0   | 0   | GET    | /api/player/player/9fa52a51                   | 0.036  | 5.568  | 5.604   | 2.802  | 5.568  | 5.568  | 5.568  | 2.766  | 470.000   | 697.000   | 1167.000   | 583.500   |
| 2     | 0   | 2   | 0   | 0   | 0   | GET    | /api/player/player/5c1ecfb81                  | 0.104  | 0.496  | 0.600   | 0.300  | 0.496  | 0.496  | 0.496  | 0.196  | 1732.000  | 1732.000  | 3464.000   | 1732.000  |
| 2     | 0   | 2   | 0   | 0   | 0   | GET    | /api/player/player/9fa52a74                   | 0.076  | 0.116  | 0.192   | 0.096  | 0.116  | 0.116  | 0.116  | 0.020  | 470.000   | 697.000   | 1167.000   | 583.500   |
| 2     | 0   | 2   | 0   | 0   | 0   | GET    | /api/player/player/29b75242f                  | 0.160  | 0.456  | 0.616   | 0.308  | 0.456  | 0.456  | 0.456  | 0.148  | 2206.000  | 2310.000  | 4516.000   | 2258.000  |
| 2     | 0   | 2   | 0   | 0   | 0   | GET    | /api/player/player/9fa528bc                   | 0.000  | 7.380  | 7.380   | 3.690  | 7.380  | 7.380  | 7.380  | 3.690  | 454.000   | 454.000   | 908.000    | 454.000   |
| 2     | 0   | 2   | 0   | 0   | 0   | GET    | /api/player/player/50382a51e                  | 0.004  | 0.004  | 0.004   | 0.002  | 0.004  | 0.004  | 0.004  | 0.002  | 385.000   | 385.000   | 770.000    | 385.000   |
| 2     | 0   | 1   | 0   | 1   | 0   | GET    | /api/player/player/58266035a                  | 0.164  | 9.772  | 9.936   | 4.968  | 9.772  | 9.772  | 9.772  | 4.804  | 0.000     | 1620.000  | 1620.000   | 810.000   |
| 2     | 0   | 1   | 0   | 1   | 0   | GET    | /api/player/player/9fa52868                   | 6.080  | 8.028  | 14.108  | 7.054  | 8.028  | 8.028  | 8.028  | 0.974  | 0.000     | 454.000   | 454.000    | 227.000   |
| 2     | 0   | 2   | 0   | 0   | 0   | GET    | /api/player/player/1e1b03a03                  | 0.112  | 0.136  | 0.248   | 0.124  | 0.136  | 0.136  | 0.136  | 0.012  | 2179.000  | 2179.000  | 4358.000   | 2179.000  |
| 2     | 0   | 2   | 0   | 0   | 0   | GET    | /api/player/player/4d785cf9d                  | 0.000  | 0.004  | 0.004   | 0.002  | 0.004  | 0.004  | 0.004  | 0.002  | 386.000   | 386.000   | 772.000    | 386.000   |
| 2     | 0   | 2   | 0   | 0   | 0   | GET    | /api/player/player/44aedd61f                  | 0.120  | 12.940 | 13.060  | 6.530  | 12.940 | 12.940 | 12.940 | 6.410  | 1867.000  | 1867.000  | 3734.000   | 1867.000  |
| 2     | 0   | 2   | 0   | 0   | 0   | GET    | /api/player/player/21aedda1b                  | 12.996 | 13.216 | 26.212  | 13.106 | 13.216 | 13.216 | 13.216 | 0.110  | 2284.000  | 2284.000  | 4568.000   | 2284.000  |
| 2     | 0   | 2   | 0   | 0   | 0   | GET    | /api/player/competition/2bc4716b0/ranking     | 0.968  | 13.336 | 14.304  | 7.152  | 13.336 | 13.336 | 13.336 | 6.184  | 11036.000 | 14685.000 | 25721.000  | 12860.500 |
| 2     | 0   | 2   | 0   | 0   | 0   | GET    | /api/player/competition/13f4c440f/ranking     | 0.136  | 0.552  | 0.688   | 0.344  | 0.552  | 0.552  | 0.552  | 0.208  | 11213.000 | 14677.000 | 25890.000  | 12945.000 |
| 2     | 0   | 2   | 0   | 0   | 0   | POST   | /api/organizer/competition/9fa53b35/score     | 3.104  | 4.304  | 7.408   | 3.704  | 4.304  | 4.304  | 4.304  | 0.600  | 54.000    | 54.000    | 108.000    | 54.000    |
| 2     | 0   | 2   | 0   | 0   | 0   | GET    | /api/player/player/3c5c9d24b                  | 0.108  | 0.356  | 0.464   | 0.232  | 0.356  | 0.356  | 0.356  | 0.124  | 1978.000  | 2082.000  | 4060.000   | 2030.000  |
| 2     | 0   | 2   | 0   | 0   | 0   | GET    | /api/player/player/9fa5285f                   | 0.000  | 0.024  | 0.024   | 0.012  | 0.024  | 0.024  | 0.024  | 0.012  | 264.000   | 454.000   | 718.000    | 359.000   |
| 2     | 0   | 2   | 0   | 0   | 0   | GET    | /api/player/player/9fa52935                   | 0.008  | 0.012  | 0.020   | 0.010  | 0.012  | 0.012  | 0.012  | 0.002  | 264.000   | 681.000   | 945.000    | 472.500   |
| 2     | 0   | 2   | 0   | 0   | 0   | GET    | /api/player/player/9fa529b1                   | 0.000  | 0.020  | 0.020   | 0.010  | 0.020  | 0.020  | 0.020  | 0.010  | 280.000   | 280.000   | 560.000    | 280.000   |
| 2     | 0   | 2   | 0   | 0   | 0   | POST   | /api/organizer/competition/9fa5390d/score     | 0.876  | 1.296  | 2.172   | 1.086  | 1.296  | 1.296  | 1.296  | 0.210  | 53.000    | 53.000    | 106.000    | 53.000    |
| 2     | 0   | 2   | 0   | 0   | 0   | GET    | /api/player/player/21d52a4fe                  | 0.144  | 0.200  | 0.344   | 0.172  | 0.200  | 0.200  | 0.200  | 0.028  | 2293.000  | 2397.000  | 4690.000   | 2345.000  |
| 2     | 0   | 2   | 0   | 0   | 0   | GET    | /api/player/player/631011bf6                  | 0.004  | 0.008  | 0.012   | 0.006  | 0.008  | 0.008  | 0.008  | 0.002  | 296.000   | 391.000   | 687.000    | 343.500   |
| 2     | 0   | 2   | 0   | 0   | 0   | GET    | /api/player/player/9fa5289c                   | 0.000  | 0.004  | 0.004   | 0.002  | 0.004  | 0.004  | 0.004  | 0.002  | 681.000   | 681.000   | 1362.000   | 681.000   |
| 2     | 0   | 2   | 0   | 0   | 0   | POST   | /api/organizer/competition/9fa52d50/score     | 1.088  | 1.188  | 2.276   | 1.138  | 1.188  | 1.188  | 1.188  | 0.050  | 53.000    | 53.000    | 106.000    | 53.000    |
| 2     | 0   | 2   | 0   | 0   | 0   | POST   | /api/organizer/competition/9fa5330e/score     | 2.800  | 3.904  | 6.704   | 3.352  | 3.904  | 3.904  | 3.904  | 0.552  | 54.000    | 54.000    | 108.000    | 54.000    |
| 2     | 0   | 2   | 0   | 0   | 0   | GET    | /api/player/player/4641c10a4                  | 0.008  | 0.012  | 0.020   | 0.010  | 0.012  | 0.012  | 0.012  | 0.002  | 792.000   | 792.000   | 1584.000   | 792.000   |
| 2     | 0   | 2   | 0   | 0   | 0   | GET    | /api/player/player/571e74b83                  | 0.000  | 0.000  | 0.000   | 0.000  | 0.000  | 0.000  | 0.000  | 0.000  | 287.000   | 287.000   | 574.000    | 287.000   |
| 2     | 0   | 2   | 0   | 0   | 0   | GET    | /api/player/player/9fa529e4                   | 0.004  | 0.008  | 0.012   | 0.006  | 0.008  | 0.008  | 0.008  | 0.002  | 280.000   | 697.000   | 977.000    | 488.500   |
| 2     | 0   | 2   | 0   | 0   | 0   | GET    | /api/player/player/6180bcbe0                  | 0.160  | 0.176  | 0.336   | 0.168  | 0.176  | 0.176  | 0.176  | 0.008  | 1072.000  | 1176.000  | 2248.000   | 1124.000  |
| 2     | 0   | 2   | 0   | 0   | 0   | GET    | /api/player/player/9fa52899                   | 0.132  | 0.132  | 0.132   | 0.066  | 0.132  | 0.132  | 0.132  | 0.066  | 352.000   | 680.000   | 1032.000   | 516.000   |
| 2     | 0   | 2   | 0   | 0   | 0   | GET    | /api/player/player/9fa527c8                   | 0.004  | 4.252  | 4.256   | 2.128  | 4.252  | 4.252  | 4.252  | 2.124  | 681.000   | 681.000   | 1362.000   | 681.000   |
| 2     | 0   | 2   | 0   | 0   | 0   | GET    | /api/player/player/9fa529ff                   | 0.004  | 0.004  | 0.004   | 0.002  | 0.004  | 0.004  | 0.004  | 0.002  | 369.000   | 697.000   | 1066.000   | 533.000   |
| 2     | 0   | 2   | 0   | 0   | 0   | GET    | /api/player/player/9fa52972                   | 0.004  | 0.004  | 0.008   | 0.004  | 0.004  | 0.004  | 0.004  | 0.000  | 369.000   | 697.000   | 1066.000   | 533.000   |
| 2     | 0   | 2   | 0   | 0   | 0   | GET    | /api/player/player/2e087a2e5                  | 0.140  | 0.248  | 0.388   | 0.194  | 0.248  | 0.248  | 0.248  | 0.054  | 2057.000  | 2057.000  | 4114.000   | 2057.000  |
| 2     | 0   | 2   | 0   | 0   | 0   | GET    | /api/player/player/1b19d3fd5                  | 0.124  | 0.308  | 0.432   | 0.216  | 0.308  | 0.308  | 0.308  | 0.092  | 2252.000  | 2356.000  | 4608.000   | 2304.000  |
| 2     | 0   | 1   | 0   | 1   | 0   | GET    | /api/player/competition/15e88c97a/ranking     | 0.668  | 10.700 | 11.368  | 5.684  | 10.700 | 10.700 | 10.700 | 5.016  | 0.000     | 14712.000 | 14712.000  | 7356.000  |
| 2     | 0   | 2   | 0   | 0   | 0   | POST   | /api/organizer/competition/9fa52f30/score     | 3.576  | 3.620  | 7.196   | 3.598  | 3.620  | 3.620  | 3.620  | 0.022  | 54.000    | 54.000    | 108.000    | 54.000    |
| 2     | 0   | 2   | 0   | 0   | 0   | GET    | /api/player/player/9fa52461                   | 0.000  | 0.004  | 0.004   | 0.002  | 0.004  | 0.004  | 0.004  | 0.002  | 283.000   | 283.000   | 566.000    | 283.000   |
| 2     | 0   | 2   | 0   | 0   | 0   | GET    | /api/player/player/9fa52a93                   | 4.780  | 7.144  | 11.924  | 5.962  | 7.144  | 7.144  | 7.144  | 1.182  | 369.000   | 594.000   | 963.000    | 481.500   |
| 3     | 0   | 3   | 0   | 0   | 0   | GET    | /api/player/player/1652830aa                  | 0.100  | 0.316  | 0.528   | 0.176  | 0.316  | 0.316  | 0.316  | 0.099  | 2189.000  | 2293.000  | 6671.000   | 2223.667  |
| 3     | 0   | 2   | 0   | 1   | 0   | GET    | /api/player/player/9fa52abb                   | 0.004  | 6.080  | 10.768  | 3.589  | 6.080  | 6.080  | 6.080  | 2.598  | 0.000     | 594.000   | 874.000    | 291.333   |
| 3     | 0   | 2   | 0   | 1   | 0   | GET    | /api/player/player/50940ad30                  | 0.116  | 9.432  | 9.700   | 3.233  | 9.432  | 9.432  | 9.432  | 4.383  | 0.000     | 1499.000  | 2894.000   | 964.667   |
| 3     | 0   | 3   | 0   | 0   | 0   | GET    | /api/player/player/9fa529ec                   | 0.060  | 0.060  | 0.092   | 0.031  | 0.060  | 0.060  | 0.060  | 0.025  | 369.000   | 470.000   | 1208.000   | 402.667   |
| 3     | 0   | 3   | 0   | 0   | 0   | GET    | /api/player/player/2ee08f905                  | 0.212  | 0.660  | 1.196   | 0.399  | 0.660  | 0.660  | 0.660  | 0.190  | 1867.000  | 1971.000  | 5809.000   | 1936.333  |
| 3     | 0   | 3   | 0   | 0   | 0   | GET    | /api/player/competition/9fa53f2c/ranking      | 0.008  | 0.052  | 0.100   | 0.033  | 0.052  | 0.052  | 0.052  | 0.019  | 4302.000  | 4330.000  | 12962.000  | 4320.667  |
| 3     | 0   | 2   | 0   | 1   | 0   | GET    | /api/player/player/9fa528b8                   | 0.044  | 5.740  | 11.372  | 3.791  | 5.740  | 5.740  | 5.740  | 2.650  | 0.000     | 681.000   | 1362.000   | 454.000   |
| 3     | 0   | 3   | 0   | 0   | 0   | GET    | /api/player/player/858e1096                   | 0.116  | 0.488  | 0.720   | 0.240  | 0.488  | 0.488  | 0.488  | 0.175  | 2056.000  | 2160.000  | 6376.000   | 2125.333  |
| 3     | 0   | 3   | 0   | 0   | 0   | GET    | /api/player/player/9fa528c4                   | 0.004  | 0.028  | 0.040   | 0.013  | 0.028  | 0.028  | 0.028  | 0.010  | 353.000   | 578.000   | 1385.000   | 461.667   |
| 3     | 0   | 2   | 0   | 1   | 0   | GET    | /api/player/player/9fa52794                   | 5.896  | 5.896  | 5.916   | 1.972  | 5.896  | 5.896  | 5.896  | 2.775  | 0.000     | 454.000   | 807.000    | 269.000   |
| 3     | 0   | 3   | 0   | 0   | 0   | GET    | /api/player/player/9fa52909                   | 0.000  | 4.804  | 4.856   | 1.619  | 4.804  | 4.804  | 4.804  | 2.252  | 680.000   | 680.000   | 2040.000   | 680.000   |
| 3     | 0   | 3   | 0   | 0   | 0   | GET    | /api/player/player/1537a480a                  | 0.116  | 13.052 | 13.384  | 4.461  | 13.052 | 13.052 | 13.052 | 6.075  | 2282.000  | 2386.000  | 7054.000   | 2351.333  |
| 3     | 0   | 1   | 0   | 2   | 0   | GET    | /api/player/player/9fa529c8                   | 5.056  | 5.772  | 10.828  | 3.609  | 5.772  | 5.772  | 5.772  | 2.569  | 0.000     | 594.000   | 594.000    | 198.000   |
| 3     | 0   | 3   | 0   | 0   | 0   | GET    | /api/player/player/9fa527df                   | 0.004  | 4.488  | 4.492   | 1.497  | 4.488  | 4.488  | 4.488  | 2.115  | 353.000   | 578.000   | 1385.000   | 461.667   |
| 3     | 0   | 2   | 0   | 1   | 0   | GET    | /api/player/player/9fa5289f                   | 0.004  | 6.140  | 11.272  | 3.757  | 6.140  | 6.140  | 6.140  | 2.686  | 0.000     | 681.000   | 1259.000   | 419.667   |
| 3     | 0   | 3   | 0   | 0   | 0   | GET    | /api/player/player/9fa5290c                   | 0.004  | 7.256  | 13.156  | 4.385  | 7.256  | 7.256  | 7.256  | 3.147  | 454.000   | 681.000   | 1713.000   | 571.000   |
| 3     | 0   | 1   | 0   | 2   | 0   | GET    | /api/player/player/9fa529e8                   | 5.860  | 6.344  | 12.204  | 4.068  | 6.344  | 6.344  | 6.344  | 2.883  | 0.000     | 470.000   | 470.000    | 156.667   |
| 3     | 0   | 3   | 0   | 0   | 0   | GET    | /api/player/player/9fa52a84                   | 0.032  | 7.728  | 7.844   | 2.615  | 7.728  | 7.728  | 7.728  | 3.616  | 468.000   | 695.000   | 1755.000   | 585.000   |
| 3     | 0   | 2   | 0   | 1   | 0   | GET    | /api/player/player/5afde5503                  | 0.108  | 10.200 | 10.620  | 3.540  | 10.200 | 10.200 | 10.200 | 4.710  | 0.000     | 1620.000  | 3240.000   | 1080.000  |
| 3     | 0   | 3   | 0   | 0   | 0   | GET    | /api/player/player/544c27101                  | 0.112  | 0.192  | 0.420   | 0.140  | 0.192  | 0.192  | 0.192  | 0.037  | 1516.000  | 1620.000  | 4652.000   | 1550.667  |
| 3     | 0   | 3   | 0   | 0   | 0   | POST   | /api/organizer/competition/9fa52404/score     | 2.508  | 2.848  | 8.152   | 2.717  | 2.848  | 2.848  | 2.848  | 0.150  | 54.000    | 54.000    | 162.000    | 54.000    |
| 3     | 0   | 3   | 0   | 0   | 0   | GET    | /api/player/player/3e2d6f483                  | 0.108  | 0.408  | 0.640   | 0.213  | 0.408  | 0.408  | 0.408  | 0.138  | 1843.000  | 1947.000  | 5737.000   | 1912.333  |
| 3     | 0   | 2   | 0   | 1   | 0   | GET    | /api/player/player/9fa52917                   | 0.012  | 6.332  | 6.376   | 2.125  | 6.332  | 6.332  | 6.332  | 2.975  | 0.000     | 578.000   | 842.000    | 280.667   |
| 4     | 0   | 4   | 0   | 0   | 0   | GET    | /api/player/competition/9fa53139/ranking      | 0.008  | 0.076  | 0.156   | 0.039  | 0.076  | 0.076  | 0.076  | 0.031  | 10884.000 | 10884.000 | 43536.000  | 10884.000 |
| 4     | 0   | 4   | 0   | 0   | 0   | GET    | /api/player/player/26bf5deed                  | 0.116  | 0.644  | 1.576   | 0.394  | 0.644  | 0.644  | 0.644  | 0.216  | 2190.000  | 2293.000  | 9069.000   | 2267.250  |
| 4     | 0   | 3   | 0   | 1   | 0   | GET    | /api/player/player/62fde46db                  | 0.000  | 0.004  | 0.008   | 0.002  | 0.004  | 0.004  | 0.004  | 0.002  | 39.000    | 293.000   | 916.000    | 229.000   |
| 4     | 0   | 3   | 0   | 1   | 0   | GET    | /api/player/player/62f89e56b                  | 0.000  | 0.040  | 0.108   | 0.027  | 0.040  | 0.040  | 0.040  | 0.016  | 39.000    | 789.000   | 2404.000   | 601.000   |
| 4     | 0   | 4   | 0   | 0   | 0   | GET    | /api/player/player/9fa5294d                   | 0.004  | 0.016  | 0.032   | 0.008  | 0.016  | 0.016  | 0.016  | 0.005  | 264.000   | 680.000   | 1974.000   | 493.500   |
| 4     | 0   | 3   | 0   | 1   | 0   | GET    | /api/player/competition/9fa5278b/ranking      | 0.004  | 0.084  | 0.144   | 0.036  | 0.084  | 0.084  | 0.084  | 0.031  | 39.000    | 14596.000 | 43728.000  | 10932.000 |
| 4     | 0   | 3   | 0   | 1   | 0   | GET    | /api/player/competition/9fa5330e/ranking      | 0.000  | 0.020  | 0.044   | 0.011  | 0.020  | 0.020  | 0.020  | 0.007  | 39.000    | 14483.000 | 43389.000  | 10847.250 |
| 4     | 0   | 3   | 0   | 1   | 0   | GET    | /api/player/competition/9fa52f30/ranking      | 0.004  | 0.040  | 0.068   | 0.017  | 0.040  | 0.040  | 0.040  | 0.014  | 39.000    | 14593.000 | 43719.000  | 10929.750 |
| 4     | 0   | 3   | 0   | 1   | 0   | GET    | /api/player/player/9fa529a5                   | 0.004  | 5.856  | 10.448  | 2.612  | 5.856  | 5.856  | 5.856  | 2.648  | 0.000     | 697.000   | 1885.000   | 471.250   |
| 4     | 0   | 4   | 0   | 0   | 0   | GET    | /api/player/player/9fa527d0                   | 0.000  | 4.368  | 4.428   | 1.107  | 4.368  | 4.368  | 4.368  | 1.883  | 578.000   | 681.000   | 2518.000   | 629.500   |
| 4     | 0   | 3   | 0   | 1   | 0   | GET    | /api/player/competition/9fa5390d/ranking      | 0.004  | 0.072  | 0.096   | 0.024  | 0.072  | 0.072  | 0.072  | 0.028  | 39.000    | 4492.000  | 13486.000  | 3371.500  |
| 4     | 0   | 3   | 0   | 1   | 0   | GET    | /api/player/player/61095654a                  | 0.000  | 0.012  | 0.028   | 0.007  | 0.012  | 0.012  | 0.012  | 0.004  | 39.000    | 718.000   | 2191.000   | 547.750   |
| 4     | 0   | 3   | 0   | 1   | 0   | GET    | /api/player/competition/9fa52d50/ranking      | 0.000  | 0.012  | 0.024   | 0.006  | 0.012  | 0.012  | 0.012  | 0.004  | 39.000    | 8712.000  | 26117.000  | 6529.250  |
| 4     | 0   | 3   | 0   | 1   | 0   | GET    | /api/player/competition/9fa52beb/ranking      | 0.004  | 0.020  | 0.040   | 0.010  | 0.020  | 0.020  | 0.020  | 0.006  | 39.000    | 10960.000 | 32845.000  | 8211.250  |
| 4     | 0   | 4   | 0   | 0   | 0   | GET    | /api/player/player/9fa52883                   | 0.004  | 8.300  | 8.308   | 2.077  | 8.300  | 8.300  | 8.300  | 3.593  | 264.000   | 681.000   | 2080.000   | 520.000   |
| 4     | 0   | 3   | 0   | 1   | 0   | GET    | /api/player/player/61f5b979c                  | 0.000  | 0.048  | 0.116   | 0.029  | 0.048  | 0.048  | 0.048  | 0.018  | 39.000    | 683.000   | 2086.000   | 521.500   |
| 4     | 0   | 3   | 0   | 1   | 0   | GET    | /api/player/competition/9fa53b35/ranking      | 0.004  | 0.092  | 0.152   | 0.038  | 0.092  | 0.092  | 0.092  | 0.035  | 39.000    | 14495.000 | 43425.000  | 10856.250 |
| 4     | 0   | 4   | 0   | 0   | 0   | GET    | /api/player/competition/9fa52404/ranking      | 0.008  | 0.012  | 0.036   | 0.009  | 0.012  | 0.012  | 0.012  | 0.002  | 331.000   | 14471.000 | 43547.000  | 10886.750 |
| 4     | 0   | 4   | 0   | 0   | 0   | GET    | /api/player/player/9fa52a89                   | 0.004  | 0.040  | 0.092   | 0.023  | 0.040  | 0.040  | 0.040  | 0.015  | 369.000   | 697.000   | 2130.000   | 532.500   |
| 4     | 0   | 3   | 0   | 1   | 0   | GET    | /api/player/player/62f7991a8                  | 0.004  | 0.100  | 0.280   | 0.070  | 0.100  | 0.100  | 0.100  | 0.038  | 39.000    | 926.000   | 2815.000   | 703.750   |
| 4     | 0   | 3   | 0   | 1   | 0   | GET    | /api/player/competition/9fa53771/ranking      | 0.000  | 0.020  | 0.060   | 0.015  | 0.020  | 0.020  | 0.020  | 0.009  | 39.000    | 14509.000 | 43467.000  | 10866.750 |
| 4     | 0   | 3   | 0   | 1   | 0   | GET    | /api/player/player/6390347c4                  | 0.000  | 0.060  | 0.172   | 0.043  | 0.060  | 0.060  | 0.060  | 0.025  | 39.000    | 1074.000  | 3259.000   | 814.750   |
| 4     | 0   | 0   | 0   | 4   | 0   | POST   | /api/organizer/competition/9fa52532/score     | 0.000  | 0.004  | 0.004   | 0.001  | 0.004  | 0.004  | 0.004  | 0.002  | 39.000    | 62.000    | 179.000    | 44.750    |
| 4     | 0   | 3   | 0   | 1   | 0   | GET    | /api/player/player/6327da9e5                  | 0.000  | 0.032  | 0.092   | 0.023  | 0.032  | 0.032  | 0.032  | 0.013  | 39.000    | 723.000   | 2206.000   | 551.500   |
| 4     | 0   | 3   | 0   | 1   | 0   | GET    | /api/player/player/624043837                  | 0.000  | 0.048  | 0.132   | 0.033  | 0.048  | 0.048  | 0.048  | 0.019  | 39.000    | 1246.000  | 3775.000   | 943.750   |
| 4     | 0   | 3   | 0   | 1   | 0   | GET    | /api/player/competition/9fa5354c/ranking      | 0.004  | 0.064  | 0.164   | 0.041  | 0.064  | 0.064  | 0.064  | 0.024  | 39.000    | 14525.000 | 43515.000  | 10878.750 |
| 4     | 0   | 4   | 0   | 0   | 0   | GET    | /api/player/player/26f09d590                  | 0.112  | 1.152  | 1.972   | 0.493  | 1.152  | 1.152  | 1.152  | 0.401  | 2276.000  | 2276.000  | 9104.000   | 2276.000  |
| 4     | 0   | 3   | 0   | 1   | 0   | GET    | /api/player/player/6257d1c52                  | 0.000  | 0.012  | 0.036   | 0.009  | 0.012  | 0.012  | 0.012  | 0.005  | 39.000    | 707.000   | 2158.000   | 539.500   |
| 5     | 0   | 3   | 0   | 2   | 0   | GET    | /api/player/player/9fa52acc                   | 5.432  | 6.352  | 11.800  | 2.360  | 6.352  | 6.352  | 6.352  | 2.899  | 0.000     | 697.000   | 1660.000   | 332.000   |
| 6     | 0   | 5   | 0   | 1   | 0   | GET    | /api/player/player/9fa52890                   | 0.004  | 5.220  | 10.068  | 1.678  | 5.220  | 5.220  | 5.220  | 2.331  | 0.000     | 681.000   | 2871.000   | 478.500   |
| 7     | 0   | 7   | 0   | 0   | 0   | POST   | /api/organizer/players/add                    | 2.224  | 7.484  | 29.636  | 4.234  | 7.484  | 7.484  | 7.484  | 2.006  | 12150.000 | 22908.000 | 120935.000 | 17276.429 |
| 8     | 0   | 8   | 0   | 0   | 0   | GET    | /api/player/competition/9fa52d4f/ranking      | 0.004  | 0.020  | 0.060   | 0.007  | 0.020  | 0.020  | 0.020  | 0.005  | 5088.000  | 5088.000  | 40704.000  | 5088.000  |
| 10    | 0   | 0   | 0   | 10  | 0   | GET    | /api/player/competition/9fa53cc2/ranking      | 6.804  | 6.824  | 68.144  | 6.814  | 6.824  | 6.824  | 6.824  | 0.009  | 0.000     | 0.000     | 0.000      | 0.000     |
| 11    | 0   | 11  | 0   | 0   | 0   | GET    | /api/player/competition/9fa5252d/ranking      | 0.008  | 2.540  | 10.404  | 0.946  | 2.536  | 2.540  | 2.540  | 1.202  | 14313.000 | 14314.000 | 157453.000 | 14313.909 |
| 11    | 0   | 0   | 0   | 11  | 0   | GET    | /api/player/competition/9fa53abc/ranking      | 11.052 | 11.072 | 121.668 | 11.061 | 11.068 | 11.072 | 11.072 | 0.006  | 0.000     | 0.000     | 0.000      | 0.000     |
| 11    | 0   | 6   | 0   | 5   | 0   | POST   | /api/admin/tenants/add                        | 0.004  | 0.100  | 0.260   | 0.024  | 0.040  | 0.100  | 0.100  | 0.027  | 39.000    | 200.000   | 1317.000   | 119.727   |
| 13    | 0   | 11  | 0   | 2   | 0   | GET    | /api/admin/tenants/billing                    | 0.332  | 18.492 | 100.744 | 7.750  | 14.564 | 18.492 | 18.492 | 4.849  | 0.000     | 1570.000  | 16661.000  | 1281.615  |
| 16    | 0   | 16  | 0   | 0   | 0   | GET    | /api/player/competition/9fa53485/ranking      | 0.004  | 0.012  | 0.128   | 0.008  | 0.012  | 0.012  | 0.012  | 0.002  | 10626.000 | 10626.000 | 170016.000 | 10626.000 |
| 16    | 0   | 16  | 0   | 0   | 0   | GET    | /api/player/competition/9fa53b88/ranking      | 0.004  | 0.080  | 0.512   | 0.032  | 0.076  | 0.080  | 0.080  | 0.031  | 7358.000  | 7358.000  | 117728.000 | 7358.000  |
| 17    | 0   | 17  | 0   | 0   | 0   | GET    | /api/player/competition/9fa538b0/ranking      | 0.016  | 5.972  | 59.776  | 3.516  | 5.972  | 5.972  | 5.972  | 2.898  | 13496.000 | 13564.000 | 229560.000 | 13503.529 |
| 18    | 0   | 18  | 0   | 0   | 0   | GET    | /api/organizer/billing                        | 0.004  | 7.636  | 13.512  | 0.751  | 4.296  | 7.636  | 7.636  | 1.945  | 323.000   | 6091.000  | 33617.000  | 1867.611  |
| 20    | 0   | 20  | 0   | 0   | 0   | GET    | /api/player/competition/9fa53ae4/ranking      | 0.012  | 5.168  | 51.696  | 2.585  | 5.156  | 5.164  | 5.168  | 2.545  | 14420.000 | 14420.000 | 288400.000 | 14420.000 |
| 20    | 0   | 18  | 0   | 2   | 0   | GET    | /api/player/competition/9fa53642/ranking      | 0.012  | 6.808  | 67.928  | 3.396  | 5.888  | 5.928  | 6.808  | 2.776  | 0.000     | 13569.000 | 244238.000 | 12211.900 |
| 22    | 0   | 21  | 0   | 1   | 0   | GET    | /api/player/competition/9fa532b0/ranking      | 0.008  | 8.392  | 108.860 | 4.948  | 8.380  | 8.384  | 8.392  | 3.822  | 0.000     | 13610.000 | 285805.000 | 12991.136 |
| 22    | 0   | 22  | 0   | 0   | 0   | GET    | /api/player/competition/9fa538da/ranking      | 0.004  | 0.080  | 0.632   | 0.029  | 0.072  | 0.076  | 0.080  | 0.028  | 6597.000  | 6597.000  | 145134.000 | 6597.000  |
| 23    | 0   | 23  | 0   | 0   | 0   | GET    | /api/organizer/players                        | 0.000  | 0.008  | 0.068   | 0.003  | 0.004  | 0.004  | 0.008  | 0.002  | 4394.000  | 61530.000 | 455069.000 | 19785.609 |
| 25    | 0   | 25  | 0   | 0   | 0   | GET    | /api/player/competition/9fa52fb7/ranking      | 0.020  | 13.368 | 137.628 | 5.505  | 13.308 | 13.356 | 13.368 | 6.354  | 14090.000 | 14112.000 | 352287.000 | 14091.480 |
| 25    | 0   | 25  | 0   | 0   | 0   | GET    | /api/player/competition/9fa5321d/ranking      | 0.004  | 5.092  | 56.172  | 2.247  | 5.092  | 5.092  | 5.092  | 2.508  | 8741.000  | 14409.000 | 354554.000 | 14182.160 |
| 25    | 0   | 25  | 0   | 0   | 0   | GET    | /api/player/competition/9fa52efd/ranking      | 0.004  | 0.076  | 0.688   | 0.028  | 0.076  | 0.076  | 0.076  | 0.030  | 1951.000  | 1951.000  | 48775.000  | 1951.000  |
| 29    | 0   | 29  | 0   | 0   | 0   | GET    | /api/player/competition/9fa52e10/ranking      | 0.008  | 7.344  | 118.112 | 4.073  | 7.336  | 7.340  | 7.344  | 3.255  | 13485.000 | 13695.000 | 391473.000 | 13499.069 |
| 30    | 0   | 30  | 0   | 0   | 0   | GET    | /api/player/competition/9fa52afa/ranking      | 0.008  | 9.936  | 150.048 | 5.002  | 9.920  | 9.936  | 9.936  | 4.378  | 13593.000 | 13637.000 | 407910.000 | 13597.000 |
| 32    | 0   | 32  | 0   | 0   | 0   | GET    | /api/player/competition/9fa52a30/ranking      | 0.008  | 5.940  | 65.384  | 2.043  | 5.924  | 5.940  | 5.940  | 2.801  | 6052.000  | 14352.000 | 448948.000 | 14029.625 |
| 35    | 0   | 35  | 0   | 0   | 0   | GET    | /api/player/competition/9fa53e91/ranking      | 0.004  | 0.080  | 0.948   | 0.027  | 0.076  | 0.076  | 0.080  | 0.031  | 4469.000  | 4469.000  | 156415.000 | 4469.000  |
| 36    | 0   | 35  | 0   | 1   | 0   | POST   | /api/organizer/competitions/add               | 0.004  | 2.072  | 3.804   | 0.106  | 0.096  | 0.248  | 2.072  | 0.335  | 39.000    | 198.000   | 5869.000   | 163.028   |
| 43    | 0   | 43  | 0   | 0   | 0   | GET    | /api/player/competition/9fa5278c/ranking      | 0.020  | 10.804 | 126.264 | 2.936  | 10.768 | 10.780 | 10.804 | 4.587  | 14431.000 | 14481.000 | 620733.000 | 14435.651 |
| 51    | 0   | 51  | 0   | 0   | 0   | GET    | /api/player/competition/9fa52b64/ranking      | 0.004  | 0.088  | 1.392   | 0.027  | 0.080  | 0.080  | 0.088  | 0.031  | 4715.000  | 4715.000  | 240465.000 | 4715.000  |
| 67    | 0   | 67  | 0   | 0   | 0   | GET    | /api/player/competition/9fa537f7/ranking      | 0.004  | 0.016  | 0.432   | 0.006  | 0.012  | 0.012  | 0.016  | 0.003  | 693.000   | 693.000   | 46431.000  | 693.000   |
| 98    | 0   | 88  | 0   | 10  | 0   | GET    | /api/player/competitions                      | 0.000  | 0.016  | 0.524   | 0.005  | 0.012  | 0.012  | 0.016  | 0.004  | 39.000    | 2937.000  | 119804.000 | 1222.490  |
+-------+-----+-----+-----+-----+-----+--------+-----------------------------------------------+--------+--------+---------+--------+--------+--------+--------+--------+-----------+-----------+------------+-----------+
