+-------+-----+-----+-----+-----+-----+--------+-----------------------------------------------+--------+--------+---------+--------+--------+--------+--------+--------+-----------+-----------+------------+-----------+
| COUNT | 1XX | 2XX | 3XX | 4XX | 5XX | METHOD |                      URI                      |  MIN   |  MAX   |   SUM   |  AVG   |  P90   |  P95   |  P99   | STDDEV | MIN(BODY) | MAX(BODY) | SUM(BODY)  | AVG(BODY) |
+-------+-----+-----+-----+-----+-----+--------+-----------------------------------------------+--------+--------+---------+--------+--------+--------+--------+--------+-----------+-----------+------------+-----------+
| 1     | 0   | 1   | 0   | 0   | 0   | GET    | /api/player/player/9fa52915                   | 14.131 | 14.131 | 14.131  | 14.131 | 14.131 | 14.131 | 14.131 | 0.000  | 481.000   | 481.000   | 481.000    | 481.000   |
| 1     | 0   | 1   | 0   | 0   | 0   | GET    | /api/player/player/272fc6c98                  | 1.304  | 1.304  | 1.304   | 1.304  | 1.304  | 1.304  | 1.304  | 0.000  | 1819.000  | 1819.000  | 1819.000   | 1819.000  |
| 1     | 0   | 1   | 0   | 0   | 0   | GET    | /index.html                                   | 0.000  | 0.000  | 0.000   | 0.000  | 0.000  | 0.000  | 0.000  | 0.000  | 479.000   | 479.000   | 479.000    | 479.000   |
| 1     | 0   | 1   | 0   | 0   | 0   | GET    | /js/app.3a4ec98c.js                           | 0.000  | 0.000  | 0.000   | 0.000  | 0.000  | 0.000  | 0.000  | 0.000  | 33296.000 | 33296.000 | 33296.000  | 33296.000 |
| 1     | 0   | 1   | 0   | 0   | 0   | GET    | /css/app.83b4c321.css                         | 0.000  | 0.000  | 0.000   | 0.000  | 0.000  | 0.000  | 0.000  | 0.000  | 4868.000  | 4868.000  | 4868.000   | 4868.000  |
| 1     | 0   | 0   | 0   | 1   | 0   | GET    | /api/player/player/9fa528c1                   | 3.616  | 3.616  | 3.616   | 3.616  | 3.616  | 3.616  | 3.616  | 0.000  | 0.000     | 0.000     | 0.000      | 0.000     |
| 1     | 0   | 0   | 0   | 1   | 0   | GET    | /api/player/player/9fa527d2                   | 3.460  | 3.460  | 3.460   | 3.460  | 3.460  | 3.460  | 3.460  | 0.000  | 0.000     | 0.000     | 0.000      | 0.000     |
| 1     | 0   | 0   | 0   | 1   | 0   | GET    | /api/player/player/9fa52a26                   | 3.260  | 3.260  | 3.260   | 3.260  | 3.260  | 3.260  | 3.260  | 0.000  | 0.000     | 0.000     | 0.000      | 0.000     |
| 1     | 0   | 0   | 0   | 1   | 0   | POST   | /api/organizer/competition/9fa53755/score     | 4.683  | 4.683  | 4.683   | 4.683  | 4.683  | 4.683  | 4.683  | 0.000  | 0.000     | 0.000     | 0.000      | 0.000     |
| 1     | 0   | 1   | 0   | 0   | 0   | POST   | /api/organizer/player/9fa5251c/disqualified   | 0.080  | 0.080  | 0.080   | 0.080  | 0.080  | 0.080  | 0.080  | 0.000  | 157.000   | 157.000   | 157.000    | 157.000   |
| 1     | 0   | 0   | 0   | 1   | 0   | POST   | /api/organizer/player/0000000000/disqualified | 0.004  | 0.004  | 0.004   | 0.004  | 0.004  | 0.004  | 0.004  | 0.000  | 39.000    | 39.000    | 39.000     | 39.000    |
| 1     | 0   | 0   | 0   | 1   | 0   | POST   | /api/organizer/competition/0000000000/score   | 0.000  | 0.000  | 0.000   | 0.000  | 0.000  | 0.000  | 0.000  | 0.000  | 39.000    | 39.000    | 39.000     | 39.000    |
| 1     | 0   | 0   | 0   | 1   | 0   | GET    | /api/player/player/9fa52973                   | 3.128  | 3.128  | 3.128   | 3.128  | 3.128  | 3.128  | 3.128  | 0.000  | 0.000     | 0.000     | 0.000      | 0.000     |
| 1     | 0   | 0   | 0   | 1   | 0   | GET    | /api/player/player/0000000000                 | 0.000  | 0.000  | 0.000   | 0.000  | 0.000  | 0.000  | 0.000  | 0.000  | 39.000    | 39.000    | 39.000     | 39.000    |
| 1     | 0   | 0   | 0   | 1   | 0   | GET    | /api/player/competition/0000000000/ranking    | 0.004  | 0.004  | 0.004   | 0.004  | 0.004  | 0.004  | 0.004  | 0.000  | 39.000    | 39.000    | 39.000     | 39.000    |
| 1     | 0   | 1   | 0   | 0   | 0   | POST   | /api/organizer/player/9fa5252b/disqualified   | 0.052  | 0.052  | 0.052   | 0.052  | 0.052  | 0.052  | 0.052  | 0.000  | 157.000   | 157.000   | 157.000    | 157.000   |
| 1     | 0   | 0   | 0   | 1   | 0   | GET    | /api/player/competition/9fa52536/ranking      | 0.000  | 0.000  | 0.000   | 0.000  | 0.000  | 0.000  | 0.000  | 0.000  | 39.000    | 39.000    | 39.000     | 39.000    |
| 1     | 0   | 0   | 0   | 1   | 0   | POST   | /api/organizer/competition/0000000000/finish  | 0.004  | 0.004  | 0.004   | 0.004  | 0.004  | 0.004  | 0.004  | 0.000  | 39.000    | 39.000    | 39.000     | 39.000    |
| 1     | 0   | 1   | 0   | 0   | 0   | POST   | /api/organizer/competition/9fa52536/finish    | 0.004  | 0.004  | 0.004   | 0.004  | 0.004  | 0.004  | 0.004  | 0.000  | 21.000    | 21.000    | 21.000     | 21.000    |
| 1     | 0   | 0   | 0   | 1   | 0   | GET    | /api/player/player/9fa52acd                   | 2.920  | 2.920  | 2.920   | 2.920  | 2.920  | 2.920  | 2.920  | 0.000  | 0.000     | 0.000     | 0.000      | 0.000     |
| 1     | 0   | 0   | 0   | 1   | 0   | POST   | /api/organizer/competition/9fa53805/score     | 2.804  | 2.804  | 2.804   | 2.804  | 2.804  | 2.804  | 2.804  | 0.000  | 0.000     | 0.000     | 0.000      | 0.000     |
| 1     | 0   | 0   | 0   | 1   | 0   | GET    | /api/player/player/30c65f3c7                  | 1.644  | 1.644  | 1.644   | 1.644  | 1.644  | 1.644  | 1.644  | 0.000  | 0.000     | 0.000     | 0.000      | 0.000     |
| 1     | 0   | 0   | 0   | 1   | 0   | GET    | /api/player/player/9fa52968                   | 4.427  | 4.427  | 4.427   | 4.427  | 4.427  | 4.427  | 4.427  | 0.000  | 0.000     | 0.000     | 0.000      | 0.000     |
| 1     | 0   | 0   | 0   | 1   | 0   | GET    | /api/player/player/9fa52803                   | 3.828  | 3.828  | 3.828   | 3.828  | 3.828  | 3.828  | 3.828  | 0.000  | 0.000     | 0.000     | 0.000      | 0.000     |
| 1     | 0   | 0   | 0   | 1   | 0   | GET    | /api/player/player/9fa5295e                   | 3.628  | 3.628  | 3.628   | 3.628  | 3.628  | 3.628  | 3.628  | 0.000  | 0.000     | 0.000     | 0.000      | 0.000     |
| 1     | 0   | 1   | 0   | 0   | 0   | GET    | /api/player/player/9fa52416                   | 0.000  | 0.000  | 0.000   | 0.000  | 0.000  | 0.000  | 0.000  | 0.000  | 271.000   | 271.000   | 271.000    | 271.000   |
| 1     | 0   | 1   | 0   | 0   | 0   | POST   | /api/organizer/competition/9fa52524/finish    | 0.004  | 0.004  | 0.004   | 0.004  | 0.004  | 0.004  | 0.004  | 0.000  | 21.000    | 21.000    | 21.000     | 21.000    |
| 1     | 0   | 0   | 0   | 1   | 0   | GET    | /api/player/player/9fa5289a                   | 3.444  | 3.444  | 3.444   | 3.444  | 3.444  | 3.444  | 3.444  | 0.000  | 0.000     | 0.000     | 0.000      | 0.000     |
| 1     | 0   | 1   | 0   | 0   | 0   | GET    | /api/organizer/competitions                   | 0.000  | 0.000  | 0.000   | 0.000  | 0.000  | 0.000  | 0.000  | 0.000  | 177.000   | 177.000   | 177.000    | 177.000   |
| 1     | 0   | 0   | 0   | 1   | 0   | GET    | /api/player/player/9fa52f17                   | 0.932  | 0.932  | 0.932   | 0.932  | 0.932  | 0.932  | 0.932  | 0.000  | 0.000     | 0.000     | 0.000      | 0.000     |
| 1     | 0   | 1   | 0   | 0   | 0   | GET    | /api/player/player/6358f2fba                  | 0.004  | 0.004  | 0.004   | 0.004  | 0.004  | 0.004  | 0.004  | 0.000  | 469.000   | 469.000   | 469.000    | 469.000   |
| 1     | 0   | 0   | 0   | 1   | 0   | GET    | /api/player/player/9fa52827                   | 3.176  | 3.176  | 3.176   | 3.176  | 3.176  | 3.176  | 3.176  | 0.000  | 0.000     | 0.000     | 0.000      | 0.000     |
| 1     | 0   | 0   | 0   | 1   | 0   | GET    | /api/player/player/42ce1e19c                  | 0.384  | 0.384  | 0.384   | 0.384  | 0.384  | 0.384  | 0.384  | 0.000  | 0.000     | 0.000     | 0.000      | 0.000     |
| 1     | 0   | 1   | 0   | 0   | 0   | POST   | /api/organizer/player/634be992b/disqualified  | 0.008  | 0.008  | 0.008   | 0.008  | 0.008  | 0.008  | 0.008  | 0.000  | 162.000   | 162.000   | 162.000    | 162.000   |
| 1     | 0   | 1   | 0   | 0   | 0   | POST   | /api/organizer/competition/9fa5278d/finish    | 0.072  | 0.072  | 0.072   | 0.072  | 0.072  | 0.072  | 0.072  | 0.000  | 21.000    | 21.000    | 21.000     | 21.000    |
| 1     | 0   | 1   | 0   | 0   | 0   | POST   | /api/organizer/competition/9fa52b03/score     | 4.695  | 4.695  | 4.695   | 4.695  | 4.695  | 4.695  | 4.695  | 0.000  | 53.000    | 53.000    | 53.000     | 53.000    |
| 1     | 0   | 0   | 0   | 1   | 0   | GET    | /api/player/player/610697345                  | 2.116  | 2.116  | 2.116   | 2.116  | 2.116  | 2.116  | 2.116  | 0.000  | 0.000     | 0.000     | 0.000      | 0.000     |
| 1     | 0   | 1   | 0   | 0   | 0   | POST   | /api/organizer/competition/9fa5278e/score     | 14.382 | 14.382 | 14.382  | 14.382 | 14.382 | 14.382 | 14.382 | 0.000  | 54.000    | 54.000    | 54.000     | 54.000    |
| 1     | 0   | 0   | 0   | 1   | 0   | GET    | /api/player/player/9fa52e04                   | 0.284  | 0.284  | 0.284   | 0.284  | 0.284  | 0.284  | 0.284  | 0.000  | 0.000     | 0.000     | 0.000      | 0.000     |
| 1     | 0   | 1   | 0   | 0   | 0   | GET    | /api/player/competition/40747b896/ranking     | 14.466 | 14.466 | 14.466  | 14.466 | 14.466 | 14.466 | 14.466 | 0.000  | 14724.000 | 14724.000 | 14724.000  | 14724.000 |
| 1     | 0   | 1   | 0   | 0   | 0   | GET    | /api/player/player/1fa03cba8                  | 0.200  | 0.200  | 0.200   | 0.200  | 0.200  | 0.200  | 0.200  | 0.000  | 1892.000  | 1892.000  | 1892.000   | 1892.000  |
| 1     | 0   | 1   | 0   | 0   | 0   | GET    | /api/player/player/257e46366                  | 0.108  | 0.108  | 0.108   | 0.108  | 0.108  | 0.108  | 0.108  | 0.000  | 1789.000  | 1789.000  | 1789.000   | 1789.000  |
| 1     | 0   | 1   | 0   | 0   | 0   | GET    | /api/player/player/5c376cfcc                  | 1.876  | 1.876  | 1.876   | 1.876  | 1.876  | 1.876  | 1.876  | 0.000  | 1541.000  | 1541.000  | 1541.000   | 1541.000  |
| 1     | 0   | 1   | 0   | 0   | 0   | GET    | /api/player/player/2f8930853                  | 0.456  | 0.456  | 0.456   | 0.456  | 0.456  | 0.456  | 0.456  | 0.000  | 2237.000  | 2237.000  | 2237.000   | 2237.000  |
| 1     | 0   | 1   | 0   | 0   | 0   | GET    | /api/player/player/200aad434                  | 1.748  | 1.748  | 1.748   | 1.748  | 1.748  | 1.748  | 1.748  | 0.000  | 2451.000  | 2451.000  | 2451.000   | 2451.000  |
| 1     | 0   | 1   | 0   | 0   | 0   | GET    | /api/player/player/46c61d50e                  | 0.108  | 0.108  | 0.108   | 0.108  | 0.108  | 0.108  | 0.108  | 0.000  | 1252.000  | 1252.000  | 1252.000   | 1252.000  |
| 1     | 0   | 1   | 0   | 0   | 0   | POST   | /api/organizer/competition/9fa52b03/finish    | 0.080  | 0.080  | 0.080   | 0.080  | 0.080  | 0.080  | 0.080  | 0.000  | 21.000    | 21.000    | 21.000     | 21.000    |
| 1     | 0   | 1   | 0   | 0   | 0   | GET    | /api/player/player/3cda00c06                  | 0.100  | 0.100  | 0.100   | 0.100  | 0.100  | 0.100  | 0.100  | 0.000  | 2135.000  | 2135.000  | 2135.000   | 2135.000  |
| 1     | 0   | 1   | 0   | 0   | 0   | GET    | /api/player/player/29b4c6668                  | 0.104  | 0.104  | 0.104   | 0.104  | 0.104  | 0.104  | 0.104  | 0.000  | 2135.000  | 2135.000  | 2135.000   | 2135.000  |
| 1     | 0   | 1   | 0   | 0   | 0   | POST   | /api/organizer/competition/9fa5278e/finish    | 0.092  | 0.092  | 0.092   | 0.092  | 0.092  | 0.092  | 0.092  | 0.000  | 21.000    | 21.000    | 21.000     | 21.000    |
| 1     | 0   | 1   | 0   | 0   | 0   | GET    | /api/player/player/632e963ca                  | 0.152  | 0.152  | 0.152   | 0.152  | 0.152  | 0.152  | 0.152  | 0.000  | 905.000   | 905.000   | 905.000    | 905.000   |
| 1     | 0   | 1   | 0   | 0   | 0   | GET    | /api/player/player/9fa52e03                   | 1.736  | 1.736  | 1.736   | 1.736  | 1.736  | 1.736  | 1.736  | 0.000  | 267.000   | 267.000   | 267.000    | 267.000   |
| 1     | 0   | 1   | 0   | 0   | 0   | POST   | /api/organizer/competition/9fa537d3/finish    | 0.004  | 0.004  | 0.004   | 0.004  | 0.004  | 0.004  | 0.004  | 0.000  | 21.000    | 21.000    | 21.000     | 21.000    |
| 1     | 0   | 1   | 0   | 0   | 0   | GET    | /api/player/player/63ad1c632                  | 0.056  | 0.056  | 0.056   | 0.056  | 0.056  | 0.056  | 0.056  | 0.000  | 887.000   | 887.000   | 887.000    | 887.000   |
| 1     | 0   | 1   | 0   | 0   | 0   | GET    | /api/player/player/9fa52e98                   | 1.216  | 1.216  | 1.216   | 1.216  | 1.216  | 1.216  | 1.216  | 0.000  | 283.000   | 283.000   | 283.000    | 283.000   |
| 1     | 0   | 1   | 0   | 0   | 0   | GET    | /api/player/player/1d916d74f                  | 0.172  | 0.172  | 0.172   | 0.172  | 0.172  | 0.172  | 0.172  | 0.000  | 2007.000  | 2007.000  | 2007.000   | 2007.000  |
| 1     | 0   | 1   | 0   | 0   | 0   | GET    | /api/player/player/4e89ea466                  | 0.332  | 0.332  | 0.332   | 0.332  | 0.332  | 0.332  | 0.332  | 0.000  | 1662.000  | 1662.000  | 1662.000   | 1662.000  |
| 1     | 0   | 1   | 0   | 0   | 0   | POST   | /api/organizer/player/61bddbb9b/disqualified  | 0.004  | 0.004  | 0.004   | 0.004  | 0.004  | 0.004  | 0.004  | 0.000  | 156.000   | 156.000   | 156.000    | 156.000   |
| 1     | 0   | 1   | 0   | 0   | 0   | POST   | /api/organizer/competition/9fa52a5a/score     | 9.491  | 9.491  | 9.491   | 9.491  | 9.491  | 9.491  | 9.491  | 0.000  | 54.000    | 54.000    | 54.000     | 54.000    |
| 1     | 0   | 1   | 0   | 0   | 0   | GET    | /api/player/player/9fa52eac                   | 1.084  | 1.084  | 1.084   | 1.084  | 1.084  | 1.084  | 1.084  | 0.000  | 283.000   | 283.000   | 283.000    | 283.000   |
| 1     | 0   | 1   | 0   | 0   | 0   | GET    | /api/player/player/4a5fa185b                  | 0.096  | 0.096  | 0.096   | 0.096  | 0.096  | 0.096  | 0.096  | 0.000  | 1542.000  | 1542.000  | 1542.000   | 1542.000  |
| 1     | 0   | 1   | 0   | 0   | 0   | GET    | /api/player/player/488ca049c                  | 0.104  | 0.104  | 0.104   | 0.104  | 0.104  | 0.104  | 0.104  | 0.000  | 1741.000  | 1741.000  | 1741.000   | 1741.000  |
| 1     | 0   | 1   | 0   | 0   | 0   | GET    | /api/player/player/4248b7b7d                  | 0.172  | 0.172  | 0.172   | 0.172  | 0.172  | 0.172  | 0.172  | 0.000  | 2257.000  | 2257.000  | 2257.000   | 2257.000  |
| 1     | 0   | 1   | 0   | 0   | 0   | GET    | /api/player/player/3494c77e7                  | 0.112  | 0.112  | 0.112   | 0.112  | 0.112  | 0.112  | 0.112  | 0.000  | 1753.000  | 1753.000  | 1753.000   | 1753.000  |
| 1     | 0   | 1   | 0   | 0   | 0   | POST   | /api/organizer/competition/9fa537d3/score     | 1.016  | 1.016  | 1.016   | 1.016  | 1.016  | 1.016  | 1.016  | 0.000  | 53.000    | 53.000    | 53.000     | 53.000    |
| 1     | 0   | 1   | 0   | 0   | 0   | GET    | /api/player/player/2baa01d8b                  | 0.224  | 0.224  | 0.224   | 0.224  | 0.224  | 0.224  | 0.224  | 0.000  | 2134.000  | 2134.000  | 2134.000   | 2134.000  |
| 1     | 0   | 1   | 0   | 0   | 0   | GET    | /api/player/player/2df2ea274                  | 0.064  | 0.064  | 0.064   | 0.064  | 0.064  | 0.064  | 0.064  | 0.000  | 1835.000  | 1835.000  | 1835.000   | 1835.000  |
| 1     | 0   | 1   | 0   | 0   | 0   | POST   | /api/organizer/competition/9fa52a5a/finish    | 0.084  | 0.084  | 0.084   | 0.084  | 0.084  | 0.084  | 0.084  | 0.000  | 21.000    | 21.000    | 21.000     | 21.000    |
| 1     | 0   | 1   | 0   | 0   | 0   | GET    | /api/player/player/4896692e9                  | 0.056  | 0.056  | 0.056   | 0.056  | 0.056  | 0.056  | 0.056  | 0.000  | 1747.000  | 1747.000  | 1747.000   | 1747.000  |
| 1     | 0   | 1   | 0   | 0   | 0   | GET    | /api/player/player/48aba62e3                  | 1.260  | 1.260  | 1.260   | 1.260  | 1.260  | 1.260  | 1.260  | 0.000  | 2046.000  | 2046.000  | 2046.000   | 2046.000  |
| 1     | 0   | 1   | 0   | 0   | 0   | POST   | /api/organizer/competition/9fa52daf/score     | 2.492  | 2.492  | 2.492   | 2.492  | 2.492  | 2.492  | 2.492  | 0.000  | 53.000    | 53.000    | 53.000     | 53.000    |
| 1     | 0   | 1   | 0   | 0   | 0   | GET    | /api/player/player/471d3e037                  | 0.520  | 0.520  | 0.520   | 0.520  | 0.520  | 0.520  | 0.520  | 0.000  | 1835.000  | 1835.000  | 1835.000   | 1835.000  |
| 1     | 0   | 1   | 0   | 0   | 0   | POST   | /api/organizer/competition/9fa52b69/finish    | 0.088  | 0.088  | 0.088   | 0.088  | 0.088  | 0.088  | 0.088  | 0.000  | 21.000    | 21.000    | 21.000     | 21.000    |
| 1     | 0   | 1   | 0   | 0   | 0   | POST   | /api/organizer/competition/9fa52daf/finish    | 0.076  | 0.076  | 0.076   | 0.076  | 0.076  | 0.076  | 0.076  | 0.000  | 21.000    | 21.000    | 21.000     | 21.000    |
| 1     | 0   | 1   | 0   | 0   | 0   | GET    | /api/player/player/16f06bd9a                  | 0.384  | 0.384  | 0.384   | 0.384  | 0.384  | 0.384  | 0.384  | 0.000  | 2139.000  | 2139.000  | 2139.000   | 2139.000  |
| 1     | 0   | 1   | 0   | 0   | 0   | GET    | /api/player/player/2e8184819                  | 0.100  | 0.100  | 0.100   | 0.100  | 0.100  | 0.100  | 0.100  | 0.000  | 1830.000  | 1830.000  | 1830.000   | 1830.000  |
| 1     | 0   | 1   | 0   | 0   | 0   | GET    | /api/player/player/5c1670289                  | 0.108  | 0.108  | 0.108   | 0.108  | 0.108  | 0.108  | 0.108  | 0.000  | 1154.000  | 1154.000  | 1154.000   | 1154.000  |
| 1     | 0   | 1   | 0   | 0   | 0   | GET    | /api/player/player/1097ffcf6                  | 0.148  | 0.148  | 0.148   | 0.148  | 0.148  | 0.148  | 0.148  | 0.000  | 2342.000  | 2342.000  | 2342.000   | 2342.000  |
| 1     | 0   | 1   | 0   | 0   | 0   | GET    | /api/player/player/5c1fed5b2                  | 0.200  | 0.200  | 0.200   | 0.200  | 0.200  | 0.200  | 0.200  | 0.000  | 1537.000  | 1537.000  | 1537.000   | 1537.000  |
| 1     | 0   | 1   | 0   | 0   | 0   | GET    | /api/player/player/631011bf6                  | 0.016  | 0.016  | 0.016   | 0.016  | 0.016  | 0.016  | 0.016  | 0.000  | 278.000   | 278.000   | 278.000    | 278.000   |
| 1     | 0   | 1   | 0   | 0   | 0   | GET    | /api/player/player/9fa52f97                   | 0.563  | 0.563  | 0.563   | 0.563  | 0.563  | 0.563  | 0.563  | 0.000  | 283.000   | 283.000   | 283.000    | 283.000   |
| 1     | 0   | 1   | 0   | 0   | 0   | GET    | /api/player/player/4e71a9c60                  | 0.224  | 0.224  | 0.224   | 0.224  | 0.224  | 0.224  | 0.224  | 0.000  | 1667.000  | 1667.000  | 1667.000   | 1667.000  |
| 1     | 0   | 1   | 0   | 0   | 0   | POST   | /api/organizer/player/62fde46db/disqualified  | 0.004  | 0.004  | 0.004   | 0.004  | 0.004  | 0.004  | 0.004  | 0.000  | 153.000   | 153.000   | 153.000    | 153.000   |
| 1     | 0   | 1   | 0   | 0   | 0   | POST   | /api/organizer/competition/9fa52ad6/score     | 14.006 | 14.006 | 14.006  | 14.006 | 14.006 | 14.006 | 14.006 | 0.000  | 54.000    | 54.000    | 54.000     | 54.000    |
| 1     | 0   | 1   | 0   | 0   | 0   | POST   | /api/organizer/competition/9fa53663/finish    | 0.004  | 0.004  | 0.004   | 0.004  | 0.004  | 0.004  | 0.004  | 0.000  | 21.000    | 21.000    | 21.000     | 21.000    |
| 1     | 0   | 1   | 0   | 0   | 0   | GET    | /api/player/player/2af32da3e                  | 0.476  | 0.476  | 0.476   | 0.476  | 0.476  | 0.476  | 0.476  | 0.000  | 2043.000  | 2043.000  | 2043.000   | 2043.000  |
| 1     | 0   | 1   | 0   | 0   | 0   | GET    | /api/player/player/1b4b75115                  | 0.456  | 0.456  | 0.456   | 0.456  | 0.456  | 0.456  | 0.456  | 0.000  | 2327.000  | 2327.000  | 2327.000   | 2327.000  |
| 1     | 0   | 1   | 0   | 0   | 0   | GET    | /api/player/player/5a3065e73                  | 0.560  | 0.560  | 0.560   | 0.560  | 0.560  | 0.560  | 0.560  | 0.000  | 1544.000  | 1544.000  | 1544.000   | 1544.000  |
| 1     | 0   | 1   | 0   | 0   | 0   | GET    | /api/player/player/9fa52a7b                   | 0.012  | 0.012  | 0.012   | 0.012  | 0.012  | 0.012  | 0.012  | 0.000  | 497.000   | 497.000   | 497.000    | 497.000   |
| 1     | 0   | 1   | 0   | 0   | 0   | GET    | /api/player/player/9fa5284d                   | 0.020  | 0.020  | 0.020   | 0.020  | 0.020  | 0.020  | 0.020  | 0.000  | 273.000   | 273.000   | 273.000    | 273.000   |
| 1     | 0   | 1   | 0   | 0   | 0   | GET    | /api/player/player/1eab9273a                  | 1.208  | 1.208  | 1.208   | 1.208  | 1.208  | 1.208  | 1.208  | 0.000  | 2210.000  | 2210.000  | 2210.000   | 2210.000  |
| 1     | 0   | 1   | 0   | 0   | 0   | GET    | /api/player/player/9fa52a9e                   | 0.004  | 0.004  | 0.004   | 0.004  | 0.004  | 0.004  | 0.004  | 0.000  | 289.000   | 289.000   | 289.000    | 289.000   |
| 1     | 0   | 1   | 0   | 0   | 0   | POST   | /api/organizer/competition/9fa52e14/finish    | 0.004  | 0.004  | 0.004   | 0.004  | 0.004  | 0.004  | 0.004  | 0.000  | 21.000    | 21.000    | 21.000     | 21.000    |
| 1     | 0   | 1   | 0   | 0   | 0   | GET    | /api/player/player/310b8ac2a                  | 1.160  | 1.160  | 1.160   | 1.160  | 1.160  | 1.160  | 1.160  | 0.000  | 2158.000  | 2158.000  | 2158.000   | 2158.000  |
| 1     | 0   | 1   | 0   | 0   | 0   | GET    | /api/player/player/525f9bc1d                  | 0.092  | 0.092  | 0.092   | 0.092  | 0.092  | 0.092  | 0.092  | 0.000  | 1244.000  | 1244.000  | 1244.000   | 1244.000  |
| 1     | 0   | 1   | 0   | 0   | 0   | GET    | /api/player/player/2024375b1                  | 1.220  | 1.220  | 1.220   | 1.220  | 1.220  | 1.220  | 1.220  | 0.000  | 2337.000  | 2337.000  | 2337.000   | 2337.000  |
| 1     | 0   | 1   | 0   | 0   | 0   | GET    | /api/player/player/9fa5293a                   | 0.000  | 0.000  | 0.000   | 0.000  | 0.000  | 0.000  | 0.000  | 0.000  | 289.000   | 289.000   | 289.000    | 289.000   |
| 1     | 0   | 1   | 0   | 0   | 0   | GET    | /api/player/player/9fa52872                   | 0.024  | 0.024  | 0.024   | 0.024  | 0.024  | 0.024  | 0.024  | 0.000  | 273.000   | 273.000   | 273.000    | 273.000   |
| 1     | 0   | 1   | 0   | 0   | 0   | GET    | /api/player/player/9fa529e3                   | 0.012  | 0.012  | 0.012   | 0.012  | 0.012  | 0.012  | 0.012  | 0.000  | 289.000   | 289.000   | 289.000    | 289.000   |
| 1     | 0   | 1   | 0   | 0   | 0   | POST   | /api/organizer/competition/9fa53356/finish    | 0.072  | 0.072  | 0.072   | 0.072  | 0.072  | 0.072  | 0.072  | 0.000  | 21.000    | 21.000    | 21.000     | 21.000    |
| 1     | 0   | 1   | 0   | 0   | 0   | GET    | /api/player/player/9fa52923                   | 0.008  | 0.008  | 0.008   | 0.008  | 0.008  | 0.008  | 0.008  | 0.000  | 481.000   | 481.000   | 481.000    | 481.000   |
| 1     | 0   | 1   | 0   | 0   | 0   | POST   | /api/organizer/competition/9fa52ad6/finish    | 0.008  | 0.008  | 0.008   | 0.008  | 0.008  | 0.008  | 0.008  | 0.000  | 21.000    | 21.000    | 21.000     | 21.000    |
| 1     | 0   | 1   | 0   | 0   | 0   | GET    | /api/player/player/60b9974be                  | 0.192  | 0.192  | 0.192   | 0.192  | 0.192  | 0.192  | 0.192  | 0.000  | 868.000   | 868.000   | 868.000    | 868.000   |
| 1     | 0   | 1   | 0   | 0   | 0   | GET    | /api/player/player/3fa156ce8                  | 0.108  | 0.108  | 0.108   | 0.108  | 0.108  | 0.108  | 0.108  | 0.000  | 1746.000  | 1746.000  | 1746.000   | 1746.000  |
| 1     | 0   | 1   | 0   | 0   | 0   | GET    | /api/player/player/9fa5292c                   | 0.000  | 0.000  | 0.000   | 0.000  | 0.000  | 0.000  | 0.000  | 0.000  | 496.000   | 496.000   | 496.000    | 496.000   |
| 1     | 0   | 1   | 0   | 0   | 0   | GET    | /api/player/player/2ceadc84c                  | 0.420  | 0.420  | 0.420   | 0.420  | 0.420  | 0.420  | 0.420  | 0.000  | 2228.000  | 2228.000  | 2228.000   | 2228.000  |
| 1     | 0   | 1   | 0   | 0   | 0   | GET    | /api/player/player/53412973c                  | 0.736  | 0.736  | 0.736   | 0.736  | 0.736  | 0.736  | 0.736  | 0.000  | 1855.000  | 1855.000  | 1855.000   | 1855.000  |
| 1     | 0   | 1   | 0   | 0   | 0   | GET    | /api/player/player/25d81eb1c                  | 1.324  | 1.324  | 1.324   | 1.324  | 1.324  | 1.324  | 1.324  | 0.000  | 2135.000  | 2135.000  | 2135.000   | 2135.000  |
| 1     | 0   | 1   | 0   | 0   | 0   | GET    | /api/player/player/9fa52a35                   | 0.004  | 0.004  | 0.004   | 0.004  | 0.004  | 0.004  | 0.004  | 0.000  | 497.000   | 497.000   | 497.000    | 497.000   |
| 1     | 0   | 1   | 0   | 0   | 0   | GET    | /api/player/player/370cc5090                  | 0.088  | 0.088  | 0.088   | 0.088  | 0.088  | 0.088  | 0.088  | 0.000  | 1660.000  | 1660.000  | 1660.000   | 1660.000  |
| 1     | 0   | 1   | 0   | 0   | 0   | GET    | /api/player/player/63a8fdb3a                  | 0.008  | 0.008  | 0.008   | 0.008  | 0.008  | 0.008  | 0.008  | 0.000  | 279.000   | 279.000   | 279.000    | 279.000   |
| 1     | 0   | 1   | 0   | 0   | 0   | GET    | /api/player/player/9fa5283a                   | 0.004  | 0.004  | 0.004   | 0.004  | 0.004  | 0.004  | 0.004  | 0.000  | 480.000   | 480.000   | 480.000    | 480.000   |
| 1     | 0   | 1   | 0   | 0   | 0   | GET    | /api/player/player/36d958f6f                  | 0.736  | 0.736  | 0.736   | 0.736  | 0.736  | 0.736  | 0.736  | 0.000  | 2214.000  | 2214.000  | 2214.000   | 2214.000  |
| 1     | 0   | 1   | 0   | 0   | 0   | POST   | /api/organizer/player/5c9c7c90b/disqualified  | 0.004  | 0.004  | 0.004   | 0.004  | 0.004  | 0.004  | 0.004  | 0.000  | 161.000   | 161.000   | 161.000    | 161.000   |
| 1     | 0   | 1   | 0   | 0   | 0   | GET    | /api/player/player/369a394c9                  | 0.264  | 0.264  | 0.264   | 0.264  | 0.264  | 0.264  | 0.264  | 0.000  | 2150.000  | 2150.000  | 2150.000   | 2150.000  |
| 1     | 0   | 1   | 0   | 0   | 0   | POST   | /api/organizer/competition/9fa52ea8/score     | 2.792  | 2.792  | 2.792   | 2.792  | 2.792  | 2.792  | 2.792  | 0.000  | 53.000    | 53.000    | 53.000     | 53.000    |
| 1     | 0   | 1   | 0   | 0   | 0   | GET    | /api/player/competition/9fa52ea8/ranking      | 0.084  | 0.084  | 0.084   | 0.084  | 0.084  | 0.084  | 0.084  | 0.000  | 9998.000  | 9998.000  | 9998.000   | 9998.000  |
| 1     | 0   | 1   | 0   | 0   | 0   | POST   | /api/organizer/competition/9fa52ea8/finish    | 0.004  | 0.004  | 0.004   | 0.004  | 0.004  | 0.004  | 0.004  | 0.000  | 21.000    | 21.000    | 21.000     | 21.000    |
| 1     | 0   | 1   | 0   | 0   | 0   | GET    | /api/player/player/49f6f4a2a                  | 0.472  | 0.472  | 0.472   | 0.472  | 0.472  | 0.472  | 0.472  | 0.000  | 1848.000  | 1848.000  | 1848.000   | 1848.000  |
| 1     | 0   | 1   | 0   | 0   | 0   | GET    | /api/player/player/348b2cfbc                  | 0.508  | 0.508  | 0.508   | 0.508  | 0.508  | 0.508  | 0.508  | 0.000  | 2141.000  | 2141.000  | 2141.000   | 2141.000  |
| 1     | 0   | 1   | 0   | 0   | 0   | POST   | /api/organizer/competition/9fa52f3a/finish    | 0.076  | 0.076  | 0.076   | 0.076  | 0.076  | 0.076  | 0.076  | 0.000  | 21.000    | 21.000    | 21.000     | 21.000    |
| 1     | 0   | 1   | 0   | 0   | 0   | GET    | /api/player/player/5745c1c1e                  | 0.088  | 0.088  | 0.088   | 0.088  | 0.088  | 0.088  | 0.088  | 0.000  | 1245.000  | 1245.000  | 1245.000   | 1245.000  |
| 1     | 0   | 1   | 0   | 0   | 0   | GET    | /api/player/player/517eacbbf                  | 0.096  | 0.096  | 0.096   | 0.096  | 0.096  | 0.096  | 0.096  | 0.000  | 1365.000  | 1365.000  | 1365.000   | 1365.000  |
| 1     | 0   | 1   | 0   | 0   | 0   | POST   | /api/organizer/competition/9fa53116/score     | 0.480  | 0.480  | 0.480   | 0.480  | 0.480  | 0.480  | 0.480  | 0.000  | 53.000    | 53.000    | 53.000     | 53.000    |
| 1     | 0   | 1   | 0   | 0   | 0   | GET    | /api/player/player/9fa52e0a                   | 0.652  | 0.652  | 0.652   | 0.652  | 0.652  | 0.652  | 0.652  | 0.000  | 267.000   | 267.000   | 267.000    | 267.000   |
| 1     | 0   | 1   | 0   | 0   | 0   | GET    | /api/player/player/3a16f555c                  | 0.100  | 0.100  | 0.100   | 0.100  | 0.100  | 0.100  | 0.100  | 0.000  | 1950.000  | 1950.000  | 1950.000   | 1950.000  |
| 1     | 0   | 1   | 0   | 0   | 0   | POST   | /api/organizer/competition/9fa53116/finish    | 0.004  | 0.004  | 0.004   | 0.004  | 0.004  | 0.004  | 0.004  | 0.000  | 21.000    | 21.000    | 21.000     | 21.000    |
| 1     | 0   | 1   | 0   | 0   | 0   | GET    | /api/player/player/575f580d5                  | 0.108  | 0.108  | 0.108   | 0.108  | 0.108  | 0.108  | 0.108  | 0.000  | 1039.000  | 1039.000  | 1039.000   | 1039.000  |
| 1     | 0   | 1   | 0   | 0   | 0   | GET    | /api/player/player/9fa52a02                   | 0.000  | 0.000  | 0.000   | 0.000  | 0.000  | 0.000  | 0.000  | 0.000  | 497.000   | 497.000   | 497.000    | 497.000   |
| 1     | 0   | 1   | 0   | 0   | 0   | GET    | /api/player/player/9fa528f3                   | 0.020  | 0.020  | 0.020   | 0.020  | 0.020  | 0.020  | 0.020  | 0.000  | 481.000   | 481.000   | 481.000    | 481.000   |
| 1     | 0   | 1   | 0   | 0   | 0   | GET    | /api/player/player/637ba25eb                  | 0.048  | 0.048  | 0.048   | 0.048  | 0.048  | 0.048  | 0.048  | 0.000  | 782.000   | 782.000   | 782.000    | 782.000   |
| 1     | 0   | 1   | 0   | 0   | 0   | GET    | /api/player/player/9fa52990                   | 0.024  | 0.024  | 0.024   | 0.024  | 0.024  | 0.024  | 0.024  | 0.000  | 497.000   | 497.000   | 497.000    | 497.000   |
| 1     | 0   | 1   | 0   | 0   | 0   | GET    | /api/player/player/9fa52edb                   | 0.536  | 0.536  | 0.536   | 0.536  | 0.536  | 0.536  | 0.536  | 0.000  | 283.000   | 283.000   | 283.000    | 283.000   |
| 1     | 0   | 1   | 0   | 0   | 0   | POST   | /api/organizer/player/62f89e56b/disqualified  | 0.072  | 0.072  | 0.072   | 0.072  | 0.072  | 0.072  | 0.072  | 0.000  | 154.000   | 154.000   | 154.000    | 154.000   |
| 1     | 0   | 1   | 0   | 0   | 0   | POST   | /api/organizer/competition/9fa52eda/score     | 10.487 | 10.487 | 10.487  | 10.487 | 10.487 | 10.487 | 10.487 | 0.000  | 54.000    | 54.000    | 54.000     | 54.000    |
| 1     | 0   | 1   | 0   | 0   | 0   | POST   | /api/organizer/player/624fd1729/disqualified  | 0.004  | 0.004  | 0.004   | 0.004  | 0.004  | 0.004  | 0.004  | 0.000  | 159.000   | 159.000   | 159.000    | 159.000   |
| 1     | 0   | 1   | 0   | 0   | 0   | GET    | /api/player/player/9fa529a1                   | 10.327 | 10.327 | 10.327  | 10.327 | 10.327 | 10.327 | 10.327 | 0.000  | 399.000   | 399.000   | 399.000    | 399.000   |
| 1     | 0   | 1   | 0   | 0   | 0   | GET    | /api/player/player/9fa52980                   | 9.243  | 9.243  | 9.243   | 9.243  | 9.243  | 9.243  | 9.243  | 0.000  | 399.000   | 399.000   | 399.000    | 399.000   |
| 1     | 0   | 1   | 0   | 0   | 0   | GET    | /api/player/player/3b9f31f1d                  | 0.112  | 0.112  | 0.112   | 0.112  | 0.112  | 0.112  | 0.112  | 0.000  | 1833.000  | 1833.000  | 1833.000   | 1833.000  |
| 1     | 0   | 1   | 0   | 0   | 0   | GET    | /api/player/player/9fa527ee                   | 9.819  | 9.819  | 9.819   | 9.819  | 9.819  | 9.819  | 9.819  | 0.000  | 383.000   | 383.000   | 383.000    | 383.000   |
| 1     | 0   | 1   | 0   | 0   | 0   | GET    | /api/player/player/48382b345                  | 0.204  | 0.204  | 0.204   | 0.204  | 0.204  | 0.204  | 0.204  | 0.000  | 1664.000  | 1664.000  | 1664.000   | 1664.000  |
| 1     | 0   | 1   | 0   | 0   | 0   | GET    | /api/player/player/6269df5e8                  | 0.088  | 0.088  | 0.088   | 0.088  | 0.088  | 0.088  | 0.088  | 0.000  | 972.000   | 972.000   | 972.000    | 972.000   |
| 1     | 0   | 1   | 0   | 0   | 0   | GET    | /api/player/player/5e22f0a1e                  | 0.320  | 0.320  | 0.320   | 0.320  | 0.320  | 0.320  | 0.320  | 0.000  | 1508.000  | 1508.000  | 1508.000   | 1508.000  |
| 1     | 0   | 1   | 0   | 0   | 0   | GET    | /api/player/player/9fa52896                   | 0.032  | 0.032  | 0.032   | 0.032  | 0.032  | 0.032  | 0.032  | 0.000  | 383.000   | 383.000   | 383.000    | 383.000   |
| 1     | 0   | 1   | 0   | 0   | 0   | GET    | /api/player/player/9fa52a16                   | 0.004  | 0.004  | 0.004   | 0.004  | 0.004  | 0.004  | 0.004  | 0.000  | 399.000   | 399.000   | 399.000    | 399.000   |
| 1     | 0   | 1   | 0   | 0   | 0   | GET    | /api/player/player/9fa52959                   | 0.012  | 0.012  | 0.012   | 0.012  | 0.012  | 0.012  | 0.012  | 0.000  | 399.000   | 399.000   | 399.000    | 399.000   |
| 1     | 0   | 1   | 0   | 0   | 0   | GET    | /api/player/player/9fa5294f                   | 0.000  | 0.000  | 0.000   | 0.000  | 0.000  | 0.000  | 0.000  | 0.000  | 399.000   | 399.000   | 399.000    | 399.000   |
| 1     | 0   | 1   | 0   | 0   | 0   | GET    | /api/player/player/9fa52843                   | 0.016  | 0.016  | 0.016   | 0.016  | 0.016  | 0.016  | 0.016  | 0.000  | 383.000   | 383.000   | 383.000    | 383.000   |
| 1     | 0   | 1   | 0   | 0   | 0   | POST   | /api/organizer/competition/9fa53638/finish    | 0.080  | 0.080  | 0.080   | 0.080  | 0.080  | 0.080  | 0.080  | 0.000  | 21.000    | 21.000    | 21.000     | 21.000    |
| 1     | 0   | 1   | 0   | 0   | 0   | GET    | /api/player/player/9fa5291f                   | 0.004  | 0.004  | 0.004   | 0.004  | 0.004  | 0.004  | 0.004  | 0.000  | 383.000   | 383.000   | 383.000    | 383.000   |
| 1     | 0   | 1   | 0   | 0   | 0   | GET    | /api/player/player/3e3ed1fce                  | 0.388  | 0.388  | 0.388   | 0.388  | 0.388  | 0.388  | 0.388  | 0.000  | 1952.000  | 1952.000  | 1952.000   | 1952.000  |
| 1     | 0   | 1   | 0   | 0   | 0   | GET    | /api/player/player/9fa528c7                   | 0.092  | 0.092  | 0.092   | 0.092  | 0.092  | 0.092  | 0.092  | 0.000  | 383.000   | 383.000   | 383.000    | 383.000   |
| 1     | 0   | 1   | 0   | 0   | 0   | GET    | /api/player/player/9fa529f9                   | 0.008  | 0.008  | 0.008   | 0.008  | 0.008  | 0.008  | 0.008  | 0.000  | 497.000   | 497.000   | 497.000    | 497.000   |
| 1     | 0   | 1   | 0   | 0   | 0   | GET    | /api/player/player/9fa52a06                   | 0.000  | 0.000  | 0.000   | 0.000  | 0.000  | 0.000  | 0.000  | 0.000  | 399.000   | 399.000   | 399.000    | 399.000   |
| 1     | 0   | 1   | 0   | 0   | 0   | POST   | /api/organizer/competition/9fa53293/score     | 1.408  | 1.408  | 1.408   | 1.408  | 1.408  | 1.408  | 1.408  | 0.000  | 53.000    | 53.000    | 53.000     | 53.000    |
| 1     | 0   | 1   | 0   | 0   | 0   | GET    | /api/player/player/9fa52949                   | 0.024  | 0.024  | 0.024   | 0.024  | 0.024  | 0.024  | 0.024  | 0.000  | 497.000   | 497.000   | 497.000    | 497.000   |
| 1     | 0   | 1   | 0   | 0   | 0   | GET    | /api/player/player/9fa52869                   | 0.004  | 0.004  | 0.004   | 0.004  | 0.004  | 0.004  | 0.004  | 0.000  | 383.000   | 383.000   | 383.000    | 383.000   |
| 1     | 0   | 1   | 0   | 0   | 0   | GET    | /api/player/player/9fa52a5c                   | 0.024  | 0.024  | 0.024   | 0.024  | 0.024  | 0.024  | 0.024  | 0.000  | 497.000   | 497.000   | 497.000    | 497.000   |
| 1     | 0   | 1   | 0   | 0   | 0   | GET    | /api/player/player/9fa52ac1                   | 0.064  | 0.064  | 0.064   | 0.064  | 0.064  | 0.064  | 0.064  | 0.000  | 497.000   | 497.000   | 497.000    | 497.000   |
| 1     | 0   | 1   | 0   | 0   | 0   | POST   | /api/organizer/competition/9fa52eda/finish    | 0.004  | 0.004  | 0.004   | 0.004  | 0.004  | 0.004  | 0.004  | 0.000  | 21.000    | 21.000    | 21.000     | 21.000    |
| 1     | 0   | 1   | 0   | 0   | 0   | POST   | /api/organizer/competition/9fa53293/finish    | 0.004  | 0.004  | 0.004   | 0.004  | 0.004  | 0.004  | 0.004  | 0.000  | 21.000    | 21.000    | 21.000     | 21.000    |
| 1     | 0   | 1   | 0   | 0   | 0   | GET    | /api/player/player/452493ac3                  | 0.076  | 0.076  | 0.076   | 0.076  | 0.076  | 0.076  | 0.076  | 0.000  | 1753.000  | 1753.000  | 1753.000   | 1753.000  |
| 1     | 0   | 1   | 0   | 0   | 0   | POST   | /api/organizer/competition/9fa530fe/finish    | 0.008  | 0.008  | 0.008   | 0.008  | 0.008  | 0.008  | 0.008  | 0.000  | 21.000    | 21.000    | 21.000     | 21.000    |
| 1     | 0   | 1   | 0   | 0   | 0   | GET    | /api/player/player/1bbe95bcb                  | 0.076  | 0.076  | 0.076   | 0.076  | 0.076  | 0.076  | 0.076  | 0.000  | 1736.000  | 1736.000  | 1736.000   | 1736.000  |
| 1     | 0   | 1   | 0   | 0   | 0   | GET    | /api/player/player/52d8a130f                  | 0.072  | 0.072  | 0.072   | 0.072  | 0.072  | 0.072  | 0.072  | 0.000  | 1187.000  | 1187.000  | 1187.000   | 1187.000  |
| 1     | 0   | 1   | 0   | 0   | 0   | GET    | /api/player/player/24ed29c6c                  | 0.056  | 0.056  | 0.056   | 0.056  | 0.056  | 0.056  | 0.056  | 0.000  | 1843.000  | 1843.000  | 1843.000   | 1843.000  |
| 1     | 0   | 1   | 0   | 0   | 0   | GET    | /api/player/player/9fa5298c                   | 0.092  | 0.092  | 0.092   | 0.092  | 0.092  | 0.092  | 0.092  | 0.000  | 497.000   | 497.000   | 497.000    | 497.000   |
| 1     | 0   | 1   | 0   | 0   | 0   | GET    | /api/player/player/63a3eae1e                  | 0.056  | 0.056  | 0.056   | 0.056  | 0.056  | 0.056  | 0.056  | 0.000  | 897.000   | 897.000   | 897.000    | 897.000   |
| 1     | 0   | 1   | 0   | 0   | 0   | GET    | /api/player/player/9fa52a1a                   | 0.112  | 0.112  | 0.112   | 0.112  | 0.112  | 0.112  | 0.112  | 0.000  | 497.000   | 497.000   | 497.000    | 497.000   |
| 1     | 0   | 1   | 0   | 0   | 0   | GET    | /api/player/player/9fa52911                   | 14.335 | 14.335 | 14.335  | 14.335 | 14.335 | 14.335 | 14.335 | 0.000  | 481.000   | 481.000   | 481.000    | 481.000   |
| 1     | 0   | 1   | 0   | 0   | 0   | POST   | /api/organizer/competition/9fa5344f/score     | 4.603  | 4.603  | 4.603   | 4.603  | 4.603  | 4.603  | 4.603  | 0.000  | 53.000    | 53.000    | 53.000     | 53.000    |
| 1     | 0   | 1   | 0   | 0   | 0   | POST   | /api/organizer/player/6390347c4/disqualified  | 0.004  | 0.004  | 0.004   | 0.004  | 0.004  | 0.004  | 0.004  | 0.000  | 149.000   | 149.000   | 149.000    | 149.000   |
| 1     | 0   | 1   | 0   | 0   | 0   | GET    | /api/player/player/9fa5296b                   | 14.695 | 14.695 | 14.695  | 14.695 | 14.695 | 14.695 | 14.695 | 0.000  | 497.000   | 497.000   | 497.000    | 497.000   |
| 1     | 0   | 1   | 0   | 0   | 0   | POST   | /api/organizer/competition/9fa52fed/score     | 18.270 | 18.270 | 18.270  | 18.270 | 18.270 | 18.270 | 18.270 | 0.000  | 54.000    | 54.000    | 54.000     | 54.000    |
| 1     | 0   | 1   | 0   | 0   | 0   | GET    | /api/player/player/9fa52a44                   | 14.735 | 14.735 | 14.735  | 14.735 | 14.735 | 14.735 | 14.735 | 0.000  | 497.000   | 497.000   | 497.000    | 497.000   |
| 1     | 0   | 1   | 0   | 0   | 0   | POST   | /api/organizer/competition/9fa5344f/finish    | 0.076  | 0.076  | 0.076   | 0.076  | 0.076  | 0.076  | 0.076  | 0.000  | 21.000    | 21.000    | 21.000     | 21.000    |
| 1     | 0   | 1   | 0   | 0   | 0   | GET    | /api/player/player/9fa5297c                   | 14.931 | 14.931 | 14.931  | 14.931 | 14.931 | 14.931 | 14.931 | 0.000  | 497.000   | 497.000   | 497.000    | 497.000   |
| 1     | 0   | 1   | 0   | 0   | 0   | GET    | /api/player/player/9fa52998                   | 14.739 | 14.739 | 14.739  | 14.739 | 14.739 | 14.739 | 14.739 | 0.000  | 497.000   | 497.000   | 497.000    | 497.000   |
| 1     | 0   | 1   | 0   | 0   | 0   | GET    | /api/player/player/9fa52893                   | 15.443 | 15.443 | 15.443  | 15.443 | 15.443 | 15.443 | 15.443 | 0.000  | 480.000   | 480.000   | 480.000    | 480.000   |
| 1     | 0   | 1   | 0   | 0   | 0   | POST   | /api/organizer/competition/9fa53356/score     | 15.611 | 15.611 | 15.611  | 15.611 | 15.611 | 15.611 | 15.611 | 0.000  | 54.000    | 54.000    | 54.000     | 54.000    |
| 1     | 0   | 1   | 0   | 0   | 0   | POST   | /api/organizer/competition/9fa53638/score     | 3.308  | 3.308  | 3.308   | 3.308  | 3.308  | 3.308  | 3.308  | 0.000  | 53.000    | 53.000    | 53.000     | 53.000    |
| 1     | 0   | 1   | 0   | 0   | 0   | GET    | /api/player/player/9fa52e02                   | 0.336  | 0.336  | 0.336   | 0.336  | 0.336  | 0.336  | 0.336  | 0.000  | 267.000   | 267.000   | 267.000    | 267.000   |
| 1     | 0   | 1   | 0   | 0   | 0   | GET    | /api/player/player/2a578770b                  | 0.436  | 0.436  | 0.436   | 0.436  | 0.436  | 0.436  | 0.436  | 0.000  | 2132.000  | 2132.000  | 2132.000   | 2132.000  |
| 1     | 0   | 1   | 0   | 0   | 0   | GET    | /api/player/player/9fa52e67                   | 0.596  | 0.596  | 0.596   | 0.596  | 0.596  | 0.596  | 0.596  | 0.000  | 267.000   | 267.000   | 267.000    | 267.000   |
| 1     | 0   | 1   | 0   | 0   | 0   | GET    | /api/player/player/3dfe9bfaf                  | 0.128  | 0.128  | 0.128   | 0.128  | 0.128  | 0.128  | 0.128  | 0.000  | 1486.000  | 1486.000  | 1486.000   | 1486.000  |
| 1     | 0   | 1   | 0   | 0   | 0   | GET    | /api/player/player/39d224263                  | 0.756  | 0.756  | 0.756   | 0.756  | 0.756  | 0.756  | 0.756  | 0.000  | 2262.000  | 2262.000  | 2262.000   | 2262.000  |
| 1     | 0   | 1   | 0   | 0   | 0   | GET    | /api/player/player/25eda7633                  | 0.304  | 0.304  | 0.304   | 0.304  | 0.304  | 0.304  | 0.304  | 0.000  | 2350.000  | 2350.000  | 2350.000   | 2350.000  |
| 1     | 0   | 1   | 0   | 0   | 0   | POST   | /api/organizer/competition/9fa52fed/finish    | 0.048  | 0.048  | 0.048   | 0.048  | 0.048  | 0.048  | 0.048  | 0.000  | 21.000    | 21.000    | 21.000     | 21.000    |
| 1     | 0   | 1   | 0   | 0   | 0   | GET    | /api/player/player/4ea37459c                  | 0.316  | 0.316  | 0.316   | 0.316  | 0.316  | 0.316  | 0.316  | 0.000  | 1732.000  | 1732.000  | 1732.000   | 1732.000  |
| 1     | 0   | 1   | 0   | 0   | 0   | GET    | /api/player/player/9fa52eb9                   | 0.392  | 0.392  | 0.392   | 0.392  | 0.392  | 0.392  | 0.392  | 0.000  | 283.000   | 283.000   | 283.000    | 283.000   |
| 1     | 0   | 1   | 0   | 0   | 0   | POST   | /api/organizer/competition/9fa533e1/score     | 9.187  | 9.187  | 9.187   | 9.187  | 9.187  | 9.187  | 9.187  | 0.000  | 54.000    | 54.000    | 54.000     | 54.000    |
| 1     | 0   | 1   | 0   | 0   | 0   | GET    | /api/player/player/4650a1a41                  | 0.124  | 0.124  | 0.124   | 0.124  | 0.124  | 0.124  | 0.124  | 0.000  | 1845.000  | 1845.000  | 1845.000   | 1845.000  |
| 1     | 0   | 1   | 0   | 0   | 0   | GET    | /api/player/player/9fa52f0b                   | 0.264  | 0.264  | 0.264   | 0.264  | 0.264  | 0.264  | 0.264  | 0.000  | 283.000   | 283.000   | 283.000    | 283.000   |
| 1     | 0   | 1   | 0   | 0   | 0   | GET    | /api/player/player/1d1c02dbc                  | 0.232  | 0.232  | 0.232   | 0.232  | 0.232  | 0.232  | 0.232  | 0.000  | 2006.000  | 2006.000  | 2006.000   | 2006.000  |
| 1     | 0   | 1   | 0   | 0   | 0   | GET    | /api/player/player/9fa52e47                   | 0.144  | 0.144  | 0.144   | 0.144  | 0.144  | 0.144  | 0.144  | 0.000  | 267.000   | 267.000   | 267.000    | 267.000   |
| 1     | 0   | 1   | 0   | 0   | 0   | GET    | /api/player/player/25d6ba445                  | 0.368  | 0.368  | 0.368   | 0.368  | 0.368  | 0.368  | 0.368  | 0.000  | 2131.000  | 2131.000  | 2131.000   | 2131.000  |
| 1     | 0   | 1   | 0   | 0   | 0   | GET    | /api/player/player/28c45a8ea                  | 0.140  | 0.140  | 0.140   | 0.140  | 0.140  | 0.140  | 0.140  | 0.000  | 2352.000  | 2352.000  | 2352.000   | 2352.000  |
| 1     | 0   | 1   | 0   | 0   | 0   | GET    | /api/player/player/475ff3a29                  | 0.184  | 0.184  | 0.184   | 0.184  | 0.184  | 0.184  | 0.184  | 0.000  | 1939.000  | 1939.000  | 1939.000   | 1939.000  |
| 1     | 0   | 1   | 0   | 0   | 0   | GET    | /api/player/player/25d4fb785                  | 0.168  | 0.168  | 0.168   | 0.168  | 0.168  | 0.168  | 0.168  | 0.000  | 1834.000  | 1834.000  | 1834.000   | 1834.000  |
| 1     | 0   | 1   | 0   | 0   | 0   | POST   | /api/organizer/competition/9fa533b0/finish    | 0.060  | 0.060  | 0.060   | 0.060  | 0.060  | 0.060  | 0.060  | 0.000  | 21.000    | 21.000    | 21.000     | 21.000    |
| 1     | 0   | 1   | 0   | 0   | 0   | GET    | /api/player/player/9fa52ea0                   | 0.612  | 0.612  | 0.612   | 0.612  | 0.612  | 0.612  | 0.612  | 0.000  | 283.000   | 283.000   | 283.000    | 283.000   |
| 1     | 0   | 1   | 0   | 0   | 0   | GET    | /api/player/player/1cb660c9f                  | 0.736  | 0.736  | 0.736   | 0.736  | 0.736  | 0.736  | 0.736  | 0.000  | 2210.000  | 2210.000  | 2210.000   | 2210.000  |
| 1     | 0   | 1   | 0   | 0   | 0   | GET    | /api/player/player/41f47fa85                  | 0.176  | 0.176  | 0.176   | 0.176  | 0.176  | 0.176  | 0.176  | 0.000  | 1765.000  | 1765.000  | 1765.000   | 1765.000  |
| 1     | 0   | 1   | 0   | 0   | 0   | GET    | /api/player/player/9fa52e17                   | 0.700  | 0.700  | 0.700   | 0.700  | 0.700  | 0.700  | 0.700  | 0.000  | 267.000   | 267.000   | 267.000    | 267.000   |
| 1     | 0   | 1   | 0   | 0   | 0   | POST   | /api/organizer/competition/9fa533e1/finish    | 0.068  | 0.068  | 0.068   | 0.068  | 0.068  | 0.068  | 0.068  | 0.000  | 21.000    | 21.000    | 21.000     | 21.000    |
| 1     | 0   | 1   | 0   | 0   | 0   | GET    | /api/player/player/1c6ee18fe                  | 0.624  | 0.624  | 0.624   | 0.624  | 0.624  | 0.624  | 0.624  | 0.000  | 2036.000  | 2036.000  | 2036.000   | 2036.000  |
| 1     | 0   | 1   | 0   | 0   | 0   | GET    | /api/player/player/9fa52e7d                   | 0.460  | 0.460  | 0.460   | 0.460  | 0.460  | 0.460  | 0.460  | 0.000  | 267.000   | 267.000   | 267.000    | 267.000   |
| 1     | 0   | 1   | 0   | 0   | 0   | GET    | /api/player/player/2ee6856fd                  | 0.136  | 0.136  | 0.136   | 0.136  | 0.136  | 0.136  | 0.136  | 0.000  | 1991.000  | 1991.000  | 1991.000   | 1991.000  |
| 1     | 0   | 1   | 0   | 0   | 0   | GET    | /api/player/player/33f7d543c                  | 0.152  | 0.152  | 0.152   | 0.152  | 0.152  | 0.152  | 0.152  | 0.000  | 1854.000  | 1854.000  | 1854.000   | 1854.000  |
| 1     | 0   | 1   | 0   | 0   | 0   | GET    | /api/player/player/147238f63                  | 0.392  | 0.392  | 0.392   | 0.392  | 0.392  | 0.392  | 0.392  | 0.000  | 2153.000  | 2153.000  | 2153.000   | 2153.000  |
| 1     | 0   | 1   | 0   | 0   | 0   | GET    | /api/player/player/9fa52e6f                   | 0.448  | 0.448  | 0.448   | 0.448  | 0.448  | 0.448  | 0.448  | 0.000  | 267.000   | 267.000   | 267.000    | 267.000   |
| 2     | 0   | 2   | 0   | 0   | 0   | GET    | /api/player/player/3de6012c0                  | 0.388  | 0.635  | 1.023   | 0.512  | 0.635  | 0.635  | 0.635  | 0.123  | 1950.000  | 1950.000  | 3900.000   | 1950.000  |
| 2     | 0   | 2   | 0   | 0   | 0   | GET    | /api/player/player/9fa52942                   | 0.004  | 0.004  | 0.004   | 0.002  | 0.004  | 0.004  | 0.004  | 0.002  | 289.000   | 497.000   | 786.000    | 393.000   |
| 2     | 0   | 1   | 0   | 1   | 0   | GET    | /api/player/player/9fa52e7c                   | 0.132  | 1.316  | 1.448   | 0.724  | 1.316  | 1.316  | 1.316  | 0.592  | 0.000     | 267.000   | 267.000    | 133.500   |
| 2     | 0   | 2   | 0   | 0   | 0   | GET    | /api/player/player/4c6e36363                  | 0.508  | 0.604  | 1.112   | 0.556  | 0.604  | 0.604  | 0.604  | 0.048  | 1752.000  | 1752.000  | 3504.000   | 1752.000  |
| 2     | 0   | 2   | 0   | 0   | 0   | GET    | /api/player/player/2d9a95dcc                  | 0.344  | 0.356  | 0.700   | 0.350  | 0.356  | 0.356  | 0.356  | 0.006  | 2221.000  | 2221.000  | 4442.000   | 2221.000  |
| 2     | 0   | 2   | 0   | 0   | 0   | POST   | /api/organizer/competition/9fa52524/score     | 3.004  | 5.108  | 8.112   | 4.056  | 5.108  | 5.108  | 5.108  | 1.052  | 53.000    | 53.000    | 106.000    | 53.000    |
| 2     | 0   | 2   | 0   | 0   | 0   | GET    | /api/player/player/5bbaddc67                  | 0.256  | 0.688  | 0.944   | 0.472  | 0.688  | 0.688  | 0.688  | 0.216  | 1322.000  | 1322.000  | 2644.000   | 1322.000  |
| 2     | 0   | 2   | 0   | 0   | 0   | GET    | /api/player/player/9fa5246c                   | 0.004  | 0.004  | 0.004   | 0.002  | 0.004  | 0.004  | 0.004  | 0.002  | 282.000   | 282.000   | 564.000    | 282.000   |
| 2     | 0   | 2   | 0   | 0   | 0   | GET    | /api/player/player/9fa52dbe                   | 0.480  | 0.908  | 1.388   | 0.694  | 0.908  | 0.908  | 0.908  | 0.214  | 267.000   | 267.000   | 534.000    | 267.000   |
| 2     | 0   | 2   | 0   | 0   | 0   | POST   | /api/organizer/competition/9fa5278d/score     | 5.091  | 5.096  | 10.187  | 5.094  | 5.096  | 5.096  | 5.096  | 0.002  | 54.000    | 54.000    | 108.000    | 54.000    |
| 2     | 0   | 1   | 0   | 1   | 0   | GET    | /api/player/player/3ffa5606d                  | 0.812  | 18.370 | 19.182  | 9.591  | 18.370 | 18.370 | 18.370 | 8.779  | 0.000     | 2370.000  | 2370.000   | 1185.000  |
| 2     | 0   | 2   | 0   | 0   | 0   | GET    | /api/player/player/9fa529dc                   | 0.004  | 0.016  | 0.020   | 0.010  | 0.016  | 0.016  | 0.016  | 0.006  | 399.000   | 399.000   | 798.000    | 399.000   |
| 2     | 0   | 2   | 0   | 0   | 0   | GET    | /api/player/player/173011cac                  | 18.022 | 18.646 | 36.668  | 18.334 | 18.646 | 18.646 | 18.646 | 0.312  | 2451.000  | 2451.000  | 4902.000   | 2451.000  |
| 2     | 0   | 2   | 0   | 0   | 0   | GET    | /api/player/player/59681b7c7                  | 0.128  | 0.204  | 0.332   | 0.166  | 0.204  | 0.204  | 0.204  | 0.038  | 1242.000  | 1242.000  | 2484.000   | 1242.000  |
| 2     | 0   | 2   | 0   | 0   | 0   | GET    | /api/player/player/60ebcfc11                  | 0.104  | 0.272  | 0.376   | 0.188  | 0.272  | 0.272  | 0.272  | 0.084  | 1305.000  | 1305.000  | 2610.000   | 1305.000  |
| 2     | 0   | 2   | 0   | 0   | 0   | GET    | /api/player/player/1c34164ea                  | 0.356  | 0.752  | 1.108   | 0.554  | 0.752  | 0.752  | 0.752  | 0.198  | 2132.000  | 2132.000  | 4264.000   | 2132.000  |
| 2     | 0   | 2   | 0   | 0   | 0   | POST   | /api/organizer/competition/9fa52b69/score     | 4.000  | 6.195  | 10.195  | 5.098  | 6.195  | 6.195  | 6.195  | 1.098  | 54.000    | 54.000    | 108.000    | 54.000    |
| 2     | 0   | 1   | 0   | 1   | 0   | POST   | /initialize                                   | 1.368  | 2.792  | 4.160   | 2.080  | 2.792  | 2.792  | 2.792  | 0.712  | 55.000    | 55.000    | 55.000     | 27.500    |
| 2     | 0   | 2   | 0   | 0   | 0   | GET    | /api/player/player/504e3e2cc                  | 0.288  | 0.508  | 0.796   | 0.398  | 0.508  | 0.508  | 0.508  | 0.110  | 1643.000  | 1747.000  | 3390.000   | 1695.000  |
| 2     | 0   | 2   | 0   | 0   | 0   | POST   | /api/organizer/competition/9fa533b0/score     | 4.384  | 6.379  | 10.763  | 5.381  | 6.379  | 6.379  | 6.379  | 0.997  | 54.000    | 54.000    | 108.000    | 54.000    |
| 2     | 0   | 2   | 0   | 0   | 0   | GET    | /api/player/player/9fa52953                   | 0.004  | 0.004  | 0.004   | 0.002  | 0.004  | 0.004  | 0.004  | 0.002  | 399.000   | 399.000   | 798.000    | 399.000   |
| 2     | 0   | 2   | 0   | 0   | 0   | GET    | /api/player/player/9fa52a12                   | 15.495 | 15.495 | 15.495  | 7.747  | 15.495 | 15.495 | 15.495 | 7.747  | 399.000   | 497.000   | 896.000    | 448.000   |
| 2     | 0   | 2   | 0   | 0   | 0   | GET    | /api/player/player/2e838c861                  | 0.112  | 0.120  | 0.232   | 0.116  | 0.120  | 0.120  | 0.120  | 0.004  | 2224.000  | 2328.000  | 4552.000   | 2276.000  |
| 2     | 0   | 1   | 0   | 1   | 0   | GET    | /api/player/player/9fa528d4                   | 3.200  | 15.387 | 18.587  | 9.293  | 15.387 | 15.387 | 15.387 | 6.093  | 0.000     | 481.000   | 481.000    | 240.500   |
| 2     | 0   | 2   | 0   | 0   | 0   | GET    | /api/player/player/9fa52934                   | 0.004  | 0.004  | 0.008   | 0.004  | 0.004  | 0.004  | 0.004  | 0.000  | 399.000   | 497.000   | 896.000    | 448.000   |
| 2     | 0   | 2   | 0   | 0   | 0   | GET    | /api/player/player/9fa528e4                   | 0.004  | 0.008  | 0.012   | 0.006  | 0.008  | 0.008  | 0.008  | 0.002  | 383.000   | 481.000   | 864.000    | 432.000   |
| 2     | 0   | 2   | 0   | 0   | 0   | POST   | /api/organizer/competition/9fa53663/score     | 1.824  | 3.400  | 5.224   | 2.612  | 3.400  | 3.400  | 3.400  | 0.788  | 54.000    | 54.000    | 108.000    | 54.000    |
| 2     | 0   | 2   | 0   | 0   | 0   | GET    | /api/player/player/9fa5291c                   | 0.012  | 0.080  | 0.092   | 0.046  | 0.080  | 0.080  | 0.080  | 0.034  | 383.000   | 481.000   | 864.000    | 432.000   |
| 2     | 0   | 2   | 0   | 0   | 0   | GET    | /api/player/player/57ecfbd29                  | 0.360  | 1.488  | 1.848   | 0.924  | 1.488  | 1.488  | 1.488  | 0.564  | 1525.000  | 1627.000  | 3152.000   | 1576.000  |
| 2     | 0   | 2   | 0   | 0   | 0   | GET    | /api/player/player/9fa5295c                   | 0.000  | 9.695  | 9.695   | 4.848  | 9.695  | 9.695  | 9.695  | 4.848  | 399.000   | 496.000   | 895.000    | 447.500   |
| 2     | 0   | 2   | 0   | 0   | 0   | GET    | /api/player/player/6271c9bc9                  | 0.911  | 1.428  | 2.339   | 1.169  | 1.428  | 1.428  | 1.428  | 0.258  | 1307.000  | 1307.000  | 2614.000   | 1307.000  |
| 2     | 0   | 2   | 0   | 0   | 0   | POST   | /api/organizer/competition/9fa52e14/score     | 0.892  | 1.107  | 1.999   | 1.000  | 1.107  | 1.107  | 1.107  | 0.107  | 53.000    | 53.000    | 106.000    | 53.000    |
| 2     | 0   | 1   | 0   | 1   | 0   | GET    | /api/player/player/9fa52861                   | 0.012  | 3.844  | 3.856   | 1.928  | 3.844  | 3.844  | 3.844  | 1.916  | 0.000     | 273.000   | 273.000    | 136.500   |
| 2     | 0   | 1   | 0   | 1   | 0   | GET    | /api/player/player/9fa52a76                   | 0.088  | 3.792  | 3.880   | 1.940  | 3.792  | 3.792  | 3.792  | 1.852  | 0.000     | 289.000   | 289.000    | 144.500   |
| 2     | 0   | 1   | 0   | 1   | 0   | GET    | /api/player/player/9fa529cf                   | 0.004  | 3.956  | 3.960   | 1.980  | 3.956  | 3.956  | 3.956  | 1.976  | 0.000     | 497.000   | 497.000    | 248.500   |
| 2     | 0   | 2   | 0   | 0   | 0   | GET    | /api/player/player/9fa52e96                   | 0.604  | 0.908  | 1.512   | 0.756  | 0.908  | 0.908  | 0.908  | 0.152  | 283.000   | 283.000   | 566.000    | 283.000   |
| 2     | 0   | 2   | 0   | 0   | 0   | GET    | /api/player/player/9fa52a0d                   | 0.056  | 15.131 | 15.187  | 7.593  | 15.131 | 15.131 | 15.131 | 7.538  | 289.000   | 497.000   | 786.000    | 393.000   |
| 2     | 0   | 2   | 0   | 0   | 0   | POST   | /api/organizer/competition/9fa530fe/score     | 3.608  | 4.919  | 8.527   | 4.263  | 4.919  | 4.919  | 4.919  | 0.655  | 54.000    | 54.000    | 108.000    | 54.000    |
| 2     | 0   | 2   | 0   | 0   | 0   | GET    | /api/player/player/55304a5ed                  | 0.076  | 0.108  | 0.184   | 0.092  | 0.108  | 0.108  | 0.108  | 0.016  | 1382.000  | 1382.000  | 2764.000   | 1382.000  |
| 2     | 0   | 2   | 0   | 0   | 0   | GET    | /api/player/player/9fa528db                   | 0.004  | 0.004  | 0.008   | 0.004  | 0.004  | 0.004  | 0.004  | 0.000  | 481.000   | 481.000   | 962.000    | 481.000   |
| 2     | 0   | 2   | 0   | 0   | 0   | GET    | /api/player/player/9fa528a5                   | 0.020  | 9.907  | 9.927   | 4.963  | 9.907  | 9.907  | 9.907  | 4.944  | 273.000   | 382.000   | 655.000    | 327.500   |
| 2     | 0   | 2   | 0   | 0   | 0   | GET    | /api/player/player/bbfb79a0                   | 0.496  | 0.680  | 1.176   | 0.588  | 0.680  | 0.680  | 0.680  | 0.092  | 2052.000  | 2052.000  | 4104.000   | 2052.000  |
| 2     | 0   | 1   | 0   | 1   | 0   | GET    | /api/player/player/9fa529e0                   | 0.056  | 3.588  | 3.644   | 1.822  | 3.588  | 3.588  | 3.588  | 1.766  | 0.000     | 497.000   | 497.000    | 248.500   |
| 2     | 0   | 2   | 0   | 0   | 0   | POST   | /api/organizer/competition/9fa52f3a/score     | 0.804  | 1.156  | 1.960   | 0.980  | 1.156  | 1.156  | 1.156  | 0.176  | 53.000    | 53.000    | 106.000    | 53.000    |
| 2     | 0   | 2   | 0   | 0   | 0   | GET    | /api/player/player/3902ba04f                  | 1.008  | 18.562 | 19.570  | 9.785  | 18.562 | 18.562 | 18.562 | 8.777  | 2139.000  | 2243.000  | 4382.000   | 2191.000  |
| 2     | 0   | 2   | 0   | 0   | 0   | GET    | /api/player/player/3661760bc                  | 0.988  | 1.132  | 2.120   | 1.060  | 1.132  | 1.132  | 1.132  | 0.072  | 2021.000  | 2125.000  | 4146.000   | 2073.000  |
| 2     | 0   | 2   | 0   | 0   | 0   | GET    | /api/player/player/3b7db3b7a                  | 0.864  | 18.394 | 19.258  | 9.629  | 18.394 | 18.394 | 18.394 | 8.765  | 2062.000  | 2166.000  | 4228.000   | 2114.000  |
| 2     | 0   | 2   | 0   | 0   | 0   | GET    | /api/player/player/3447a7d51                  | 0.236  | 0.512  | 0.748   | 0.374  | 0.512  | 0.512  | 0.512  | 0.138  | 2339.000  | 2339.000  | 4678.000   | 2339.000  |
| 3     | 0   | 3   | 0   | 0   | 0   | GET    | /api/player/player/9fa5280d                   | 0.004  | 14.347 | 23.730  | 7.910  | 14.347 | 14.347 | 14.347 | 5.947  | 383.000   | 481.000   | 1247.000   | 415.667   |
| 3     | 0   | 3   | 0   | 0   | 0   | POST   | /api/organizer/competition/9fa52408/score     | 2.808  | 5.272  | 11.084  | 3.695  | 5.272  | 5.272  | 5.272  | 1.118  | 54.000    | 54.000    | 162.000    | 54.000    |
| 3     | 0   | 3   | 0   | 0   | 0   | GET    | /api/player/player/4bbd4baf3                  | 0.104  | 0.599  | 0.907   | 0.302  | 0.599  | 0.599  | 0.599  | 0.214  | 1952.000  | 2056.000  | 6064.000   | 2021.333  |
| 3     | 0   | 3   | 0   | 0   | 0   | GET    | /api/player/player/9fa52918                   | 0.004  | 15.167 | 15.175  | 5.058  | 15.167 | 15.167 | 15.167 | 7.148  | 273.000   | 481.000   | 1235.000   | 411.667   |
| 3     | 0   | 3   | 0   | 0   | 0   | GET    | /api/player/player/f3857637                   | 0.108  | 0.555  | 0.795   | 0.265  | 0.555  | 0.555  | 0.555  | 0.205  | 2240.000  | 2344.000  | 6824.000   | 2274.667  |
| 4     | 0   | 3   | 0   | 1   | 0   | GET    | /api/player/competition/9fa533b0/ranking      | 0.004  | 0.084  | 0.148   | 0.037  | 0.084  | 0.084  | 0.084  | 0.029  | 39.000    | 14607.000 | 43761.000  | 10940.250 |
| 4     | 0   | 3   | 0   | 1   | 0   | GET    | /api/player/player/62f89e56b                  | 0.000  | 0.072  | 0.188   | 0.047  | 0.072  | 0.072  | 0.072  | 0.028  | 39.000    | 774.000   | 2359.000   | 589.750   |
| 4     | 0   | 3   | 0   | 1   | 0   | GET    | /api/player/player/634be992b                  | 0.000  | 0.008  | 0.020   | 0.005  | 0.008  | 0.008  | 0.008  | 0.003  | 39.000    | 386.000   | 1195.000   | 298.750   |
| 4     | 0   | 3   | 0   | 1   | 0   | GET    | /api/player/competition/9fa52e14/ranking      | 0.000  | 0.088  | 0.164   | 0.041  | 0.088  | 0.088  | 0.088  | 0.038  | 39.000    | 4474.000  | 13432.000  | 3358.000  |
| 4     | 0   | 3   | 0   | 1   | 0   | GET    | /api/player/player/62fde46db                  | 0.004  | 0.012  | 0.032   | 0.008  | 0.012  | 0.012  | 0.012  | 0.003  | 39.000    | 275.000   | 862.000    | 215.500   |
| 4     | 0   | 3   | 0   | 1   | 0   | GET    | /api/player/competition/9fa53663/ranking      | 0.000  | 0.091  | 0.119   | 0.030  | 0.091  | 0.091  | 0.091  | 0.036  | 39.000    | 14600.000 | 43740.000  | 10935.000 |
| 4     | 0   | 3   | 0   | 1   | 0   | GET    | /api/player/player/624fd1729                  | 0.012  | 0.072  | 0.216   | 0.054  | 0.072  | 0.072  | 0.072  | 0.024  | 39.000    | 953.000   | 2896.000   | 724.000   |
| 4     | 0   | 4   | 0   | 0   | 0   | GET    | /api/player/competition/9fa52408/ranking      | 0.008  | 0.080  | 0.108   | 0.027  | 0.080  | 0.080  | 0.080  | 0.031  | 330.000   | 14470.000 | 43543.000  | 10885.750 |
| 4     | 0   | 3   | 0   | 1   | 0   | GET    | /api/player/competition/9fa530fe/ranking      | 0.000  | 0.056  | 0.112   | 0.028  | 0.056  | 0.056  | 0.056  | 0.023  | 39.000    | 14468.000 | 43344.000  | 10836.000 |
| 4     | 0   | 4   | 0   | 0   | 0   | GET    | /api/player/competition/9fa52daf/ranking      | 0.008  | 0.092  | 0.192   | 0.048  | 0.092  | 0.092  | 0.092  | 0.040  | 6240.000  | 6240.000  | 24960.000  | 6240.000  |
| 4     | 0   | 0   | 0   | 4   | 0   | POST   | /api/organizer/competition/9fa52536/score     | 0.000  | 0.004  | 0.004   | 0.001  | 0.004  | 0.004  | 0.004  | 0.002  | 39.000    | 62.000    | 179.000    | 44.750    |
| 4     | 0   | 3   | 0   | 1   | 0   | GET    | /api/player/competition/9fa5278d/ranking      | 0.004  | 0.056  | 0.084   | 0.021  | 0.056  | 0.056  | 0.056  | 0.020  | 39.000    | 14563.000 | 43629.000  | 10907.250 |
| 4     | 0   | 3   | 0   | 1   | 0   | GET    | /api/player/player/148eda0d2                  | 0.120  | 18.306 | 20.026  | 5.006  | 18.306 | 18.306 | 18.306 | 7.686  | 0.000     | 2339.000  | 6813.000   | 1703.250  |
| 4     | 0   | 3   | 0   | 1   | 0   | GET    | /api/player/competition/9fa52f3a/ranking      | 0.000  | 0.092  | 0.168   | 0.042  | 0.092  | 0.092  | 0.092  | 0.039  | 39.000    | 3050.000  | 9170.000   | 2292.500  |
| 4     | 0   | 3   | 0   | 1   | 0   | GET    | /api/player/competition/9fa52b69/ranking      | 0.000  | 0.088  | 0.160   | 0.040  | 0.088  | 0.088  | 0.088  | 0.034  | 39.000    | 14546.000 | 43578.000  | 10894.500 |
| 4     | 0   | 3   | 0   | 1   | 0   | GET    | /api/player/player/61bddbb9b                  | 0.004  | 0.052  | 0.108   | 0.027  | 0.052  | 0.052  | 0.052  | 0.018  | 39.000    | 885.000   | 2692.000   | 673.000   |
| 4     | 0   | 3   | 0   | 1   | 0   | GET    | /api/player/player/6390347c4                  | 0.004  | 0.156  | 0.284   | 0.071  | 0.156  | 0.156  | 0.156  | 0.055  | 39.000    | 1085.000  | 3292.000   | 823.000   |
| 4     | 0   | 3   | 0   | 1   | 0   | GET    | /api/player/player/5c9c7c90b                  | 0.004  | 0.004  | 0.012   | 0.003  | 0.004  | 0.004  | 0.004  | 0.002  | 39.000    | 391.000   | 1210.000   | 302.500   |
| 7     | 0   | 6   | 0   | 1   | 0   | POST   | /api/organizer/players/add                    | 3.528  | 9.359  | 43.541  | 6.220  | 9.359  | 9.359  | 9.359  | 2.432  | 0.000     | 24028.000 | 104523.000 | 14931.857 |
| 10    | 0   | 0   | 0   | 10  | 0   | GET    | /api/player/competition/9fa53755/ranking      | 4.639  | 4.683  | 46.618  | 4.662  | 4.683  | 4.683  | 4.683  | 0.016  | 0.000     | 0.000     | 0.000      | 0.000     |
| 11    | 0   | 6   | 0   | 5   | 0   | POST   | /api/admin/tenants/add                        | 0.008  | 0.112  | 0.384   | 0.035  | 0.084  | 0.112  | 0.112  | 0.038  | 39.000    | 189.000   | 1303.000   | 118.455   |
| 13    | 0   | 13  | 0   | 0   | 0   | GET    | /api/player/competition/9fa52524/ranking      | 0.004  | 3.016  | 12.480  | 0.960  | 3.008  | 3.016  | 3.016  | 1.366  | 14313.000 | 14314.000 | 186081.000 | 14313.923 |
| 13    | 0   | 11  | 0   | 2   | 0   | GET    | /api/admin/tenants/billing                    | 2.548  | 20.365 | 98.503  | 7.577  | 12.787 | 20.365 | 20.365 | 4.569  | 0.000     | 1568.000  | 16632.000  | 1279.385  |
| 14    | 0   | 14  | 0   | 0   | 0   | GET    | /api/organizer/billing                        | 0.004  | 7.851  | 10.191  | 0.728  | 2.040  | 7.851  | 7.851  | 2.043  | 323.000   | 6077.000  | 25066.000  | 1790.429  |
| 15    | 0   | 15  | 0   | 0   | 0   | GET    | /api/player/competition/9fa53638/ranking      | 0.008  | 0.092  | 0.548   | 0.037  | 0.072  | 0.092  | 0.092  | 0.028  | 10647.000 | 10647.000 | 159705.000 | 10647.000 |
| 17    | 0   | 17  | 0   | 0   | 0   | GET    | /api/player/competition/9fa53356/ranking      | 0.020  | 15.731 | 172.701 | 10.159 | 15.727 | 15.731 | 15.731 | 7.475  | 13639.000 | 13702.000 | 231926.000 | 13642.706 |
| 17    | 0   | 17  | 0   | 0   | 0   | GET    | /api/organizer/players                        | 0.004  | 0.012  | 0.060   | 0.004  | 0.008  | 0.012  | 0.012  | 0.003  | 2942.000  | 44301.000 | 308052.000 | 18120.706 |
| 18    | 0   | 17  | 0   | 1   | 0   | GET    | /api/player/competition/9fa52eda/ranking      | 0.012  | 10.607 | 110.117 | 6.118  | 10.595 | 10.607 | 10.607 | 5.041  | 0.000     | 13687.000 | 231846.000 | 12880.333 |
| 18    | 0   | 18  | 0   | 0   | 0   | GET    | /api/player/competition/9fa5344f/ranking      | 0.008  | 0.092  | 0.728   | 0.040  | 0.088  | 0.092  | 0.092  | 0.034  | 8376.000  | 8376.000  | 150768.000 | 8376.000  |
| 22    | 0   | 22  | 0   | 0   | 0   | GET    | /api/player/competition/9fa533e1/ranking      | 0.032  | 9.359  | 102.705 | 4.668  | 9.323  | 9.331  | 9.359  | 4.601  | 14485.000 | 14486.000 | 318691.000 | 14485.955 |
| 24    | 0   | 24  | 0   | 0   | 0   | GET    | /api/player/competition/9fa53293/ranking      | 0.004  | 0.100  | 0.780   | 0.032  | 0.080  | 0.084  | 0.100  | 0.032  | 5220.000  | 5220.000  | 125280.000 | 5220.000  |
| 27    | 0   | 27  | 0   | 0   | 0   | GET    | /api/player/competition/9fa537d3/ranking      | 0.004  | 0.080  | 0.780   | 0.029  | 0.072  | 0.080  | 0.080  | 0.023  | 3699.000  | 3699.000  | 99873.000  | 3699.000  |
| 28    | 0   | 28  | 0   | 0   | 0   | GET    | /api/player/competition/9fa52a5a/ranking      | 0.016  | 9.595  | 105.961 | 3.784  | 9.571  | 9.579  | 9.595  | 4.631  | 11468.000 | 14478.000 | 401362.000 | 14334.357 |
| 28    | 0   | 25  | 0   | 3   | 0   | GET    | /api/player/competition/9fa52ad6/ranking      | 0.016  | 14.114 | 177.592 | 6.343  | 14.086 | 14.102 | 14.114 | 6.566  | 0.000     | 13696.000 | 338500.000 | 12089.286 |
| 28    | 0   | 27  | 0   | 1   | 0   | POST   | /api/organizer/competitions/add               | 0.008  | 0.096  | 1.228   | 0.044  | 0.096  | 0.096  | 0.096  | 0.035  | 39.000    | 183.000   | 4521.000   | 161.464   |
| 29    | 0   | 29  | 0   | 0   | 0   | GET    | /api/player/competition/9fa52b03/ranking      | 0.004  | 0.104  | 1.280   | 0.044  | 0.084  | 0.088  | 0.104  | 0.036  | 8877.000  | 8877.000  | 257433.000 | 8877.000  |
| 30    | 0   | 30  | 0   | 0   | 0   | GET    | /api/player/competition/9fa52fed/ranking      | 0.120  | 18.694 | 214.830 | 7.161  | 18.606 | 18.634 | 18.694 | 8.667  | 13950.000 | 14019.000 | 419642.000 | 13988.067 |
| 38    | 0   | 38  | 0   | 0   | 0   | GET    | /api/player/competition/9fa5278e/ranking      | 0.016  | 14.498 | 159.667 | 4.202  | 14.478 | 14.498 | 14.498 | 6.141  | 12958.000 | 14503.000 | 547415.000 | 14405.658 |
| 46    | 0   | 46  | 0   | 0   | 0   | GET    | /api/player/competition/9fa53116/ranking      | 0.004  | 0.092  | 1.791   | 0.039  | 0.084  | 0.084  | 0.092  | 0.036  | 1693.000  | 1693.000  | 77878.000  | 1693.000  |
| 68    | 0   | 60  | 0   | 8   | 0   | GET    | /api/player/competitions                      | 0.000  | 0.056  | 0.664   | 0.010  | 0.020  | 0.024  | 0.056  | 0.010  | 39.000    | 2780.000  | 74039.000  | 1088.809  |
+-------+-----+-----+-----+-----+-----+--------+-----------------------------------------------+--------+--------+---------+--------+--------+--------+--------+--------+-----------+-----------+------------+-----------+
